To honour the JVM settings for this build a single-use Daemon process will be forked. For more on this, please refer to https://docs.gradle.org/8.13/userguide/gradle_daemon.html#sec:disabling_the_daemon in the Gradle documentation.
Daemon will be stopped at the end of the build 
Calculating task graph as configuration cache cannot be reused because file 'gradle/libs.versions.toml' has changed.
Type-safe project accessors is an incubating feature.
> Task :build-logic:convention:checkKotlinGradlePluginConfigurationErrors SKIPPED
> Task :build-logic:convention:compileKotlin UP-TO-DATE
> Task :build-logic:convention:compileJava NO-SOURCE
> Task :build-logic:convention:pluginDescriptors UP-TO-DATE
> Task :build-logic:convention:processResources UP-TO-DATE
> Task :build-logic:convention:classes UP-TO-DATE
> Task :build-logic:convention:jar UP-TO-DATE

> Configure project :app
localPropertiesFilePath: local.properties
hasDefaultSigningConfigData: true

> Task :app:clean
> Task :clean
> Task :core:clean
> Task :data:clean
> Task :navigation:clean
> Task :networking:clean
> Task :scraper:clean
> Task :strings:clean
> Task :features:catalogExplorer:clean
> Task :coreui:clean
> Task :features:chaptersList:clean
> Task :features:databaseExplorer:clean
> Task :features:globalSourceSearch:clean
> Task :features:libraryExplorer:clean
> Task :features:settings:clean
> Task :features:sourceExplorer:clean
> Task :features:webview:clean
> Task :scraper:api:clean
> Task :scraper:extension-manager:clean
> Task :tooling:algorithms:clean
> Task :tooling:application_workers:clean
> Task :tooling:backup_create:clean
> Task :tooling:backup_restore:clean
> Task :tooling:epub_importer:clean
> Task :tooling:epub_parser:clean
> Task :features:reader:clean
> Task :tooling:local_source:clean
> Task :tooling:text_to_speech:clean
> Task :scraper:providers:royalroad:clean UP-TO-DATE
> Task :scraper:providers:template:clean UP-TO-DATE
> Task :tooling:text_translator:domain:clean
> Task :tooling:text_translator:translator:clean
> Task :tooling:text_translator:translator_nop:clean UP-TO-DATE
> Task :app:preBuild UP-TO-DATE
> Task :app:preFullReleaseBuild UP-TO-DATE
> Task :tooling:local_database:clean
> Task :core:preBuild UP-TO-DATE
> Task :core:preReleaseBuild UP-TO-DATE
> Task :core:mergeReleaseJniLibFolders
> Task :app:mergeFullReleaseJniLibFolders
> Task :coreui:preBuild UP-TO-DATE
> Task :coreui:preReleaseBuild UP-TO-DATE
> Task :core:mergeReleaseNativeLibs NO-SOURCE
> Task :coreui:mergeReleaseJniLibFolders
> Task :coreui:mergeReleaseNativeLibs NO-SOURCE
> Task :coreui:copyReleaseJniLibsProjectOnly
> Task :data:preBuild UP-TO-DATE
> Task :core:copyReleaseJniLibsProjectOnly
> Task :navigation:preBuild UP-TO-DATE
> Task :navigation:preReleaseBuild UP-TO-DATE
> Task :data:preReleaseBuild UP-TO-DATE
> Task :data:mergeReleaseJniLibFolders
> Task :navigation:mergeReleaseJniLibFolders
> Task :data:mergeReleaseNativeLibs NO-SOURCE
> Task :navigation:mergeReleaseNativeLibs NO-SOURCE
> Task :data:copyReleaseJniLibsProjectOnly
> Task :navigation:copyReleaseJniLibsProjectOnly
> Task :scraper:preBuild UP-TO-DATE
> Task :networking:preBuild UP-TO-DATE
> Task :networking:preReleaseBuild UP-TO-DATE
> Task :scraper:preReleaseBuild UP-TO-DATE
> Task :networking:mergeReleaseJniLibFolders
> Task :networking:mergeReleaseNativeLibs NO-SOURCE
> Task :scraper:mergeReleaseJniLibFolders
> Task :networking:copyReleaseJniLibsProjectOnly
> Task :scraper:mergeReleaseNativeLibs NO-SOURCE
> Task :strings:preBuild UP-TO-DATE
> Task :strings:preReleaseBuild UP-TO-DATE
> Task :scraper:copyReleaseJniLibsProjectOnly
> Task :features:catalogExplorer:preBuild UP-TO-DATE
> Task :features:catalogExplorer:preReleaseBuild UP-TO-DATE
> Task :features:catalogExplorer:mergeReleaseJniLibFolders
> Task :features:catalogExplorer:mergeReleaseNativeLibs NO-SOURCE
> Task :features:catalogExplorer:copyReleaseJniLibsProjectOnly
> Task :features:chaptersList:preBuild UP-TO-DATE
> Task :features:chaptersList:preReleaseBuild UP-TO-DATE
> Task :strings:mergeReleaseJniLibFolders
> Task :strings:mergeReleaseNativeLibs NO-SOURCE
> Task :features:chaptersList:mergeReleaseJniLibFolders
> Task :features:chaptersList:mergeReleaseNativeLibs NO-SOURCE
> Task :features:chaptersList:copyReleaseJniLibsProjectOnly
> Task :features:databaseExplorer:preBuild UP-TO-DATE
> Task :features:databaseExplorer:preReleaseBuild UP-TO-DATE
> Task :strings:copyReleaseJniLibsProjectOnly
> Task :features:globalSourceSearch:preBuild UP-TO-DATE
> Task :features:globalSourceSearch:preReleaseBuild UP-TO-DATE
> Task :features:databaseExplorer:mergeReleaseJniLibFolders
> Task :features:databaseExplorer:mergeReleaseNativeLibs NO-SOURCE
> Task :features:databaseExplorer:copyReleaseJniLibsProjectOnly
> Task :features:libraryExplorer:preBuild UP-TO-DATE
> Task :features:libraryExplorer:preReleaseBuild UP-TO-DATE
> Task :features:libraryExplorer:mergeReleaseJniLibFolders
> Task :features:libraryExplorer:mergeReleaseNativeLibs NO-SOURCE
> Task :features:globalSourceSearch:mergeReleaseJniLibFolders
> Task :features:libraryExplorer:copyReleaseJniLibsProjectOnly
> Task :features:reader:preBuild UP-TO-DATE
> Task :features:reader:preReleaseBuild UP-TO-DATE
> Task :features:globalSourceSearch:mergeReleaseNativeLibs NO-SOURCE
> Task :features:reader:mergeReleaseJniLibFolders
> Task :features:reader:mergeReleaseNativeLibs NO-SOURCE
> Task :features:reader:copyReleaseJniLibsProjectOnly
> Task :features:settings:preBuild UP-TO-DATE
> Task :features:settings:preReleaseBuild UP-TO-DATE
> Task :features:globalSourceSearch:copyReleaseJniLibsProjectOnly
> Task :features:sourceExplorer:preBuild UP-TO-DATE
> Task :features:sourceExplorer:preReleaseBuild UP-TO-DATE
> Task :features:settings:mergeReleaseJniLibFolders
> Task :features:settings:mergeReleaseNativeLibs NO-SOURCE
> Task :features:settings:copyReleaseJniLibsProjectOnly
> Task :features:webview:preBuild UP-TO-DATE
> Task :features:sourceExplorer:mergeReleaseJniLibFolders
> Task :features:webview:preReleaseBuild UP-TO-DATE
> Task :features:sourceExplorer:mergeReleaseNativeLibs NO-SOURCE
> Task :features:sourceExplorer:copyReleaseJniLibsProjectOnly
> Task :scraper:api:preBuild UP-TO-DATE
> Task :scraper:api:preReleaseBuild UP-TO-DATE
> Task :features:webview:mergeReleaseJniLibFolders
> Task :features:webview:mergeReleaseNativeLibs NO-SOURCE
> Task :features:webview:copyReleaseJniLibsProjectOnly
> Task :scraper:api:mergeReleaseJniLibFolders
> Task :scraper:extension-manager:preBuild UP-TO-DATE
> Task :scraper:api:mergeReleaseNativeLibs NO-SOURCE
> Task :scraper:extension-manager:preReleaseBuild UP-TO-DATE
> Task :scraper:api:copyReleaseJniLibsProjectOnly
> Task :tooling:algorithms:preBuild UP-TO-DATE
> Task :tooling:algorithms:preReleaseBuild UP-TO-DATE
> Task :scraper:extension-manager:mergeReleaseJniLibFolders
> Task :scraper:extension-manager:mergeReleaseNativeLibs NO-SOURCE
> Task :tooling:algorithms:mergeReleaseJniLibFolders
> Task :scraper:extension-manager:copyReleaseJniLibsProjectOnly
> Task :tooling:application_workers:preBuild UP-TO-DATE
> Task :tooling:algorithms:mergeReleaseNativeLibs NO-SOURCE
> Task :tooling:application_workers:preReleaseBuild UP-TO-DATE
> Task :tooling:algorithms:copyReleaseJniLibsProjectOnly
> Task :tooling:backup_create:preBuild UP-TO-DATE
> Task :tooling:backup_create:preReleaseBuild UP-TO-DATE
> Task :tooling:application_workers:mergeReleaseJniLibFolders
> Task :tooling:application_workers:mergeReleaseNativeLibs NO-SOURCE
> Task :tooling:application_workers:copyReleaseJniLibsProjectOnly
> Task :tooling:backup_restore:preBuild UP-TO-DATE
> Task :tooling:backup_restore:preReleaseBuild UP-TO-DATE
> Task :tooling:backup_create:mergeReleaseJniLibFolders
> Task :tooling:backup_restore:mergeReleaseJniLibFolders
> Task :tooling:backup_restore:mergeReleaseNativeLibs NO-SOURCE
> Task :tooling:backup_create:mergeReleaseNativeLibs NO-SOURCE
> Task :tooling:backup_restore:copyReleaseJniLibsProjectOnly
> Task :tooling:epub_importer:preBuild UP-TO-DATE
> Task :tooling:epub_importer:preReleaseBuild UP-TO-DATE
> Task :tooling:backup_create:copyReleaseJniLibsProjectOnly
> Task :tooling:epub_parser:preBuild UP-TO-DATE
> Task :tooling:epub_parser:preReleaseBuild UP-TO-DATE
> Task :tooling:epub_importer:mergeReleaseJniLibFolders
> Task :tooling:epub_parser:mergeReleaseJniLibFolders
> Task :tooling:epub_parser:mergeReleaseNativeLibs NO-SOURCE
> Task :tooling:epub_importer:mergeReleaseNativeLibs NO-SOURCE
> Task :tooling:epub_importer:copyReleaseJniLibsProjectOnly
> Task :tooling:epub_parser:copyReleaseJniLibsProjectOnly
> Task :tooling:local_database:preBuild UP-TO-DATE
> Task :tooling:local_source:preBuild UP-TO-DATE
> Task :tooling:local_source:preReleaseBuild UP-TO-DATE
> Task :tooling:local_database:preReleaseBuild UP-TO-DATE
> Task :tooling:local_database:mergeReleaseJniLibFolders
> Task :tooling:local_source:mergeReleaseJniLibFolders
> Task :tooling:local_database:mergeReleaseNativeLibs NO-SOURCE
> Task :tooling:local_source:mergeReleaseNativeLibs NO-SOURCE
> Task :tooling:local_database:copyReleaseJniLibsProjectOnly
> Task :tooling:text_to_speech:preBuild UP-TO-DATE
> Task :tooling:text_to_speech:preReleaseBuild UP-TO-DATE
> Task :tooling:local_source:copyReleaseJniLibsProjectOnly
> Task :tooling:text_translator:domain:preBuild UP-TO-DATE
> Task :tooling:text_translator:domain:preReleaseBuild UP-TO-DATE
> Task :tooling:text_translator:domain:mergeReleaseJniLibFolders
> Task :tooling:text_to_speech:mergeReleaseJniLibFolders
> Task :tooling:text_translator:domain:mergeReleaseNativeLibs NO-SOURCE
> Task :tooling:text_to_speech:mergeReleaseNativeLibs NO-SOURCE
> Task :tooling:text_translator:domain:copyReleaseJniLibsProjectOnly
> Task :tooling:text_to_speech:copyReleaseJniLibsProjectOnly
> Task :tooling:text_translator:translator:preBuild UP-TO-DATE
> Task :tooling:text_translator:translator:preReleaseBuild UP-TO-DATE
> Task :core:generateReleaseResValues
> Task :tooling:text_translator:translator:mergeReleaseJniLibFolders
> Task :tooling:text_translator:translator:mergeReleaseNativeLibs NO-SOURCE
> Task :core:generateReleaseResources
> Task :tooling:text_translator:translator:copyReleaseJniLibsProjectOnly
> Task :core:packageReleaseResources
> Task :core:parseReleaseLocalResources
> Task :app:mergeFullReleaseNativeLibs
> Task :strings:generateReleaseResValues
> Task :strings:generateReleaseResources
> Task :strings:packageReleaseResources
> Task :strings:parseReleaseLocalResources

> Task :app:stripFullReleaseDebugSymbols
Unable to strip the following libraries, packaging them as they are: libandroidx.graphics.path.so, liblanguage_id_l2c_jni.so, libtranslate_jni.so. Run with --info option to learn more.

> Task :app:extractFullReleaseNativeSymbolTables
> Task :app:mergeFullReleaseNativeDebugMetadata NO-SOURCE
> Task :core:checkKotlinGradlePluginConfigurationErrors SKIPPED
> Task :core:generateReleaseBuildConfig
> Task :strings:checkKotlinGradlePluginConfigurationErrors SKIPPED
> Task :strings:generateReleaseBuildConfig
> Task :strings:javaPreCompileRelease
> Task :core:javaPreCompileRelease
> Task :tooling:text_translator:domain:generateReleaseResValues
> Task :tooling:text_translator:domain:generateReleaseResources
> Task :tooling:text_translator:domain:packageReleaseResources
> Task :tooling:text_translator:domain:parseReleaseLocalResources
> Task :strings:generateReleaseRFile
> Task :tooling:text_translator:domain:generateReleaseRFile
> Task :strings:kspReleaseKotlin UP-TO-DATE
> Task :strings:compileReleaseKotlin NO-SOURCE
> Task :core:generateReleaseRFile
> Task :tooling:text_translator:domain:checkKotlinGradlePluginConfigurationErrors SKIPPED
> Task :tooling:text_translator:domain:generateReleaseBuildConfig
> Task :tooling:text_translator:domain:kspReleaseKotlin UP-TO-DATE
> Task :strings:compileReleaseJavaWithJavac
> Task :strings:transformReleaseClassesWithAsm
> Task :strings:bundleLibCompileToJarRelease
> Task :core:kspReleaseKotlin
> Task :tooling:text_translator:domain:compileReleaseKotlin
> Task :strings:bundleLibRuntimeToJarRelease
> Task :tooling:text_translator:domain:javaPreCompileRelease
> Task :tooling:text_translator:domain:compileReleaseJavaWithJavac
> Task :tooling:text_translator:domain:transformReleaseClassesWithAsm
> Task :tooling:text_translator:domain:bundleLibCompileToJarRelease
> Task :tooling:text_translator:domain:bundleLibRuntimeToJarRelease
> Task :tooling:text_translator:translator:checkKotlinGradlePluginConfigurationErrors SKIPPED
> Task :tooling:text_translator:translator:generateReleaseBuildConfig
> Task :tooling:text_translator:translator:generateReleaseResValues
> Task :tooling:text_translator:translator:generateReleaseResources
> Task :tooling:text_translator:translator:packageReleaseResources
> Task :tooling:text_translator:translator:parseReleaseLocalResources
> Task :tooling:text_translator:translator:generateReleaseRFile
> Task :tooling:text_translator:translator:javaPreCompileRelease
> Task :coreui:generateReleaseResValues
> Task :coreui:generateReleaseResources
> Task :coreui:packageReleaseResources
> Task :coreui:parseReleaseLocalResources
> Task :tooling:local_database:generateReleaseResValues
> Task :tooling:local_database:generateReleaseResources
> Task :tooling:local_database:packageReleaseResources
> Task :tooling:local_database:parseReleaseLocalResources
> Task :tooling:local_database:generateReleaseRFile
> Task :coreui:generateReleaseRFile
> Task :coreui:checkKotlinGradlePluginConfigurationErrors SKIPPED
> Task :coreui:generateReleaseBuildConfig
> Task :tooling:local_database:checkKotlinGradlePluginConfigurationErrors SKIPPED
> Task :tooling:local_database:generateReleaseBuildConfig
> Task :tooling:local_database:javaPreCompileRelease
> Task :coreui:javaPreCompileRelease
> Task :data:generateReleaseResValues
> Task :data:generateReleaseResources
> Task :data:packageReleaseResources
> Task :data:parseReleaseLocalResources
> Task :networking:generateReleaseResValues
> Task :networking:generateReleaseResources
> Task :networking:packageReleaseResources
> Task :networking:parseReleaseLocalResources
> Task :networking:generateReleaseRFile
> Task :scraper:generateReleaseResValues
> Task :scraper:generateReleaseResources
> Task :scraper:packageReleaseResources
> Task :scraper:parseReleaseLocalResources
> Task :scraper:api:generateReleaseResValues
> Task :scraper:api:generateReleaseResources
> Task :scraper:api:packageReleaseResources
> Task :scraper:api:parseReleaseLocalResources
> Task :scraper:api:generateReleaseRFile
> Task :scraper:extension-manager:generateReleaseResValues
> Task :scraper:extension-manager:generateReleaseResources
> Task :scraper:extension-manager:packageReleaseResources
> Task :scraper:extension-manager:parseReleaseLocalResources
> Task :scraper:extension-manager:generateReleaseRFile
> Task :scraper:generateReleaseRFile
> Task :tooling:epub_parser:generateReleaseResValues
> Task :tooling:epub_parser:generateReleaseResources
> Task :tooling:epub_parser:packageReleaseResources
> Task :tooling:epub_parser:parseReleaseLocalResources
> Task :tooling:epub_parser:generateReleaseRFile
> Task :data:generateReleaseRFile
> Task :data:checkKotlinGradlePluginConfigurationErrors SKIPPED
> Task :data:generateReleaseBuildConfig
> Task :networking:checkKotlinGradlePluginConfigurationErrors SKIPPED
> Task :networking:generateReleaseBuildConfig
> Task :networking:javaPreCompileRelease
> Task :scraper:checkKotlinGradlePluginConfigurationErrors SKIPPED
> Task :scraper:generateReleaseBuildConfig
> Task :scraper:api:checkKotlinGradlePluginConfigurationErrors SKIPPED
> Task :scraper:api:generateReleaseBuildConfig
> Task :scraper:api:javaPreCompileRelease
> Task :scraper:extension-manager:checkKotlinGradlePluginConfigurationErrors SKIPPED
> Task :scraper:extension-manager:generateReleaseBuildConfig
> Task :scraper:extension-manager:javaPreCompileRelease
> Task :scraper:javaPreCompileRelease
> Task :tooling:epub_parser:checkKotlinGradlePluginConfigurationErrors SKIPPED
> Task :tooling:epub_parser:generateReleaseBuildConfig
> Task :tooling:epub_parser:javaPreCompileRelease
> Task :data:javaPreCompileRelease
> Task :navigation:generateReleaseResValues
> Task :navigation:generateReleaseResources
> Task :navigation:packageReleaseResources
> Task :navigation:parseReleaseLocalResources
> Task :navigation:generateReleaseRFile
> Task :navigation:checkKotlinGradlePluginConfigurationErrors SKIPPED
> Task :navigation:generateReleaseBuildConfig
> Task :navigation:javaPreCompileRelease
> Task :features:libraryExplorer:checkKotlinGradlePluginConfigurationErrors SKIPPED
> Task :features:libraryExplorer:generateReleaseBuildConfig
> Task :features:libraryExplorer:generateReleaseResValues
> Task :features:libraryExplorer:generateReleaseResources
> Task :features:libraryExplorer:packageReleaseResources
> Task :features:libraryExplorer:parseReleaseLocalResources
> Task :tooling:epub_importer:generateReleaseResValues
> Task :tooling:epub_importer:generateReleaseResources
> Task :tooling:epub_importer:packageReleaseResources
> Task :tooling:epub_importer:parseReleaseLocalResources
> Task :tooling:epub_importer:generateReleaseRFile
> Task :features:libraryExplorer:generateReleaseRFile
> Task :tooling:epub_importer:checkKotlinGradlePluginConfigurationErrors SKIPPED
> Task :tooling:epub_importer:generateReleaseBuildConfig
> Task :tooling:epub_importer:javaPreCompileRelease
> Task :features:libraryExplorer:javaPreCompileRelease
> Task :tooling:application_workers:checkKotlinGradlePluginConfigurationErrors SKIPPED
> Task :tooling:application_workers:generateReleaseBuildConfig
> Task :tooling:application_workers:generateReleaseResValues
> Task :tooling:application_workers:generateReleaseResources
> Task :tooling:application_workers:packageReleaseResources
> Task :tooling:application_workers:parseReleaseLocalResources
> Task :tooling:application_workers:generateReleaseRFile
> Task :tooling:application_workers:javaPreCompileRelease
> Task :tooling:local_source:checkKotlinGradlePluginConfigurationErrors SKIPPED
> Task :tooling:local_source:generateReleaseBuildConfig
> Task :tooling:local_source:generateReleaseResValues
> Task :tooling:local_source:generateReleaseResources
> Task :tooling:local_source:packageReleaseResources
> Task :tooling:local_source:parseReleaseLocalResources
> Task :tooling:local_source:generateReleaseRFile
> Task :tooling:local_source:javaPreCompileRelease
> Task :features:reader:checkKotlinGradlePluginConfigurationErrors SKIPPED
> Task :features:reader:dataBindingMergeDependencyArtifactsRelease
> Task :features:reader:generateReleaseResValues
> Task :features:reader:generateReleaseResources
> Task :features:reader:packageReleaseResources
> Task :features:reader:dataBindingGenBaseClassesRelease
> Task :features:reader:generateReleaseBuildConfig
> Task :features:reader:parseReleaseLocalResources
> Task :tooling:algorithms:generateReleaseResValues
> Task :tooling:algorithms:generateReleaseResources
> Task :tooling:algorithms:packageReleaseResources
> Task :tooling:algorithms:parseReleaseLocalResources
> Task :tooling:algorithms:generateReleaseRFile
> Task :tooling:text_to_speech:generateReleaseResValues
> Task :tooling:text_to_speech:generateReleaseResources
> Task :tooling:text_to_speech:packageReleaseResources
> Task :tooling:text_to_speech:parseReleaseLocalResources
> Task :tooling:text_to_speech:generateReleaseRFile
> Task :features:reader:generateReleaseRFile
> Task :tooling:algorithms:checkKotlinGradlePluginConfigurationErrors SKIPPED
> Task :tooling:algorithms:generateReleaseBuildConfig
> Task :tooling:algorithms:kspReleaseKotlin UP-TO-DATE
> Task :tooling:algorithms:compileReleaseKotlin
> Task :tooling:algorithms:javaPreCompileRelease
> Task :tooling:algorithms:compileReleaseJavaWithJavac
> Task :tooling:algorithms:transformReleaseClassesWithAsm
> Task :tooling:algorithms:bundleLibCompileToJarRelease
> Task :tooling:algorithms:bundleLibRuntimeToJarRelease
> Task :tooling:text_to_speech:checkKotlinGradlePluginConfigurationErrors SKIPPED
> Task :tooling:text_to_speech:generateReleaseBuildConfig
> Task :tooling:text_to_speech:kspReleaseKotlin UP-TO-DATE
> Task :core:compileReleaseKotlin
> Task :tooling:text_to_speech:compileReleaseKotlin
> Task :tooling:text_to_speech:javaPreCompileRelease
> Task :tooling:text_to_speech:compileReleaseJavaWithJavac
> Task :tooling:text_to_speech:transformReleaseClassesWithAsm
> Task :tooling:text_to_speech:bundleLibCompileToJarRelease
> Task :features:reader:javaPreCompileRelease
> Task :tooling:text_to_speech:bundleLibRuntimeToJarRelease
> Task :features:chaptersList:checkKotlinGradlePluginConfigurationErrors SKIPPED
> Task :features:chaptersList:generateReleaseBuildConfig
> Task :features:chaptersList:generateReleaseResValues
> Task :features:chaptersList:generateReleaseResources
> Task :features:chaptersList:packageReleaseResources
> Task :features:chaptersList:parseReleaseLocalResources
> Task :features:chaptersList:generateReleaseRFile
> Task :features:chaptersList:javaPreCompileRelease
> Task :features:globalSourceSearch:checkKotlinGradlePluginConfigurationErrors SKIPPED
> Task :features:globalSourceSearch:generateReleaseBuildConfig
> Task :features:globalSourceSearch:generateReleaseResValues
> Task :features:globalSourceSearch:generateReleaseResources
> Task :features:globalSourceSearch:packageReleaseResources
> Task :features:globalSourceSearch:parseReleaseLocalResources
> Task :features:globalSourceSearch:generateReleaseRFile
> Task :features:globalSourceSearch:javaPreCompileRelease
> Task :features:databaseExplorer:checkKotlinGradlePluginConfigurationErrors SKIPPED
> Task :features:databaseExplorer:generateReleaseBuildConfig
> Task :features:databaseExplorer:generateReleaseResValues
> Task :features:databaseExplorer:generateReleaseResources
> Task :features:databaseExplorer:packageReleaseResources
> Task :features:databaseExplorer:parseReleaseLocalResources
> Task :features:databaseExplorer:generateReleaseRFile
> Task :core:compileReleaseJavaWithJavac
> Task :features:databaseExplorer:javaPreCompileRelease
> Task :features:sourceExplorer:checkKotlinGradlePluginConfigurationErrors SKIPPED
> Task :features:sourceExplorer:generateReleaseBuildConfig
> Task :features:sourceExplorer:generateReleaseResValues
> Task :features:sourceExplorer:generateReleaseResources
> Task :features:sourceExplorer:packageReleaseResources
> Task :features:sourceExplorer:parseReleaseLocalResources
> Task :core:transformReleaseClassesWithAsm
> Task :core:bundleLibCompileToJarRelease
> Task :features:sourceExplorer:generateReleaseRFile
> Task :core:bundleLibRuntimeToJarRelease
> Task :tooling:text_translator:translator:kspReleaseKotlin
> Task :tooling:text_translator:translator:compileReleaseKotlin
> Task :tooling:text_translator:translator:compileReleaseJavaWithJavac
> Task :tooling:text_translator:translator:transformReleaseClassesWithAsm
> Task :tooling:text_translator:translator:mergeReleaseGeneratedProguardFiles UP-TO-DATE
> Task :tooling:text_translator:translator:exportReleaseConsumerProguardFiles UP-TO-DATE
> Task :networking:kspReleaseKotlin
> Task :tooling:local_database:kspReleaseKotlin
> Task :networking:compileReleaseKotlin
> Task :networking:compileReleaseJavaWithJavac
> Task :networking:transformReleaseClassesWithAsm
> Task :networking:bundleLibCompileToJarRelease
> Task :networking:bundleLibRuntimeToJarRelease
> Task :scraper:api:kspReleaseKotlin UP-TO-DATE
> Task :scraper:api:compileReleaseKotlin
> Task :scraper:api:compileReleaseJavaWithJavac
> Task :scraper:api:transformReleaseClassesWithAsm
> Task :scraper:api:bundleLibCompileToJarRelease
> Task :scraper:api:bundleLibRuntimeToJarRelease

> Task :tooling:local_database:compileReleaseKotlin
w: file:///home/ubuntu/myNovelDokusha/tooling/local_database/src/main/java/my/noveldokusha/feature/local_database/AppDatabase.kt:51:14 'fun fallbackToDestructiveMigrationOnDowngrade(): RoomDatabase.Builder<AppRoomDatabase>' is deprecated. Replace by overloaded version with parameter to indicate if all tables should be dropped or not.

> Task :tooling:local_database:compileReleaseJavaWithJavac
> Task :tooling:local_database:transformReleaseClassesWithAsm
> Task :tooling:local_database:bundleLibCompileToJarRelease
> Task :scraper:extension-manager:kspReleaseKotlin
> Task :tooling:local_database:bundleLibRuntimeToJarRelease
> Task :scraper:extension-manager:compileReleaseKotlin
> Task :scraper:extension-manager:compileReleaseJavaWithJavac
> Task :scraper:extension-manager:transformReleaseClassesWithAsm
> Task :scraper:extension-manager:bundleLibCompileToJarRelease
> Task :scraper:kspReleaseKotlin
> Task :coreui:kspReleaseKotlin
> Task :scraper:compileReleaseKotlin
> Task :coreui:compileReleaseKotlin
w: file:///home/ubuntu/myNovelDokusha/coreui/src/main/java/my/noveldoksuha/coreui/theme/ThemePreview.kt:264:13 'fun TabRow(selectedTabIndex: Int, modifier: Modifier = ..., containerColor: Color = ..., contentColor: Color = ..., indicator: @Composable() ComposableFunction1<@ParameterName(...) List<TabPosition>, Unit> = ..., divider: @Composable() ComposableFunction0<Unit> = ..., tabs: @Composable() ComposableFunction0<Unit>): Unit' is deprecated. Replaced with PrimaryTabRow and SecondaryTabRow.

> Task :scraper:compileReleaseJavaWithJavac
> Task :scraper:extension-manager:bundleLibRuntimeToJarRelease
> Task :scraper:transformReleaseClassesWithAsm
> Task :coreui:compileReleaseJavaWithJavac
> Task :scraper:bundleLibCompileToJarRelease
> Task :tooling:epub_parser:kspReleaseKotlin UP-TO-DATE
> Task :coreui:transformReleaseClassesWithAsm
> Task :coreui:bundleLibCompileToJarRelease
> Task :coreui:bundleLibRuntimeToJarRelease
> Task :scraper:bundleLibRuntimeToJarRelease
> Task :tooling:epub_parser:compileReleaseKotlin
> Task :navigation:kspReleaseKotlin
> Task :tooling:epub_parser:compileReleaseJavaWithJavac
> Task :tooling:epub_parser:transformReleaseClassesWithAsm
> Task :tooling:epub_parser:bundleLibCompileToJarRelease
> Task :navigation:compileReleaseKotlin
> Task :tooling:epub_parser:bundleLibRuntimeToJarRelease
> Task :navigation:compileReleaseJavaWithJavac
> Task :navigation:transformReleaseClassesWithAsm
> Task :navigation:bundleLibCompileToJarRelease
> Task :navigation:bundleLibRuntimeToJarRelease
> Task :features:sourceExplorer:javaPreCompileRelease
> Task :features:catalogExplorer:checkKotlinGradlePluginConfigurationErrors SKIPPED
> Task :features:catalogExplorer:generateReleaseBuildConfig
> Task :features:catalogExplorer:generateReleaseResValues
> Task :features:catalogExplorer:generateReleaseResources
> Task :features:catalogExplorer:packageReleaseResources
> Task :features:catalogExplorer:parseReleaseLocalResources
> Task :features:catalogExplorer:generateReleaseRFile
> Task :features:catalogExplorer:javaPreCompileRelease
> Task :features:settings:checkKotlinGradlePluginConfigurationErrors SKIPPED
> Task :features:settings:generateReleaseBuildConfig
> Task :features:settings:generateReleaseResValues
> Task :features:settings:generateReleaseResources
> Task :features:settings:packageReleaseResources
> Task :features:settings:parseReleaseLocalResources
> Task :tooling:backup_create:generateReleaseResValues
> Task :tooling:backup_create:generateReleaseResources
> Task :tooling:backup_create:packageReleaseResources
> Task :tooling:backup_create:parseReleaseLocalResources
> Task :tooling:backup_create:generateReleaseRFile
> Task :tooling:backup_restore:generateReleaseResValues
> Task :tooling:backup_restore:generateReleaseResources
> Task :tooling:backup_restore:packageReleaseResources
> Task :tooling:backup_restore:parseReleaseLocalResources
> Task :tooling:backup_restore:generateReleaseRFile
> Task :features:settings:generateReleaseRFile
> Task :tooling:backup_create:checkKotlinGradlePluginConfigurationErrors SKIPPED
> Task :tooling:backup_create:generateReleaseBuildConfig
> Task :tooling:backup_create:javaPreCompileRelease
> Task :tooling:backup_restore:checkKotlinGradlePluginConfigurationErrors SKIPPED
> Task :tooling:backup_restore:generateReleaseBuildConfig
> Task :tooling:backup_restore:javaPreCompileRelease
> Task :features:settings:javaPreCompileRelease
> Task :features:webview:checkKotlinGradlePluginConfigurationErrors SKIPPED
> Task :features:webview:generateReleaseBuildConfig
> Task :features:webview:generateReleaseResValues
> Task :features:webview:generateReleaseResources
> Task :features:webview:packageReleaseResources
> Task :features:webview:parseReleaseLocalResources
> Task :features:webview:generateReleaseRFile
> Task :data:kspReleaseKotlin
> Task :data:compileReleaseKotlin
> Task :data:compileReleaseJavaWithJavac
> Task :features:webview:kspReleaseKotlin
> Task :data:transformReleaseClassesWithAsm
> Task :data:bundleLibCompileToJarRelease
> Task :data:bundleLibRuntimeToJarRelease

> Task :features:webview:compileReleaseKotlin
w: file:///home/ubuntu/myNovelDokusha/features/webview/src/main/java/my/noveldokusha/webview/WebViewActivity.kt:60:60 'fun onBackPressed(): Unit' is deprecated. This method has been deprecated in favor of using the
      {@link OnBackPressedDispatcher} via {@link #getOnBackPressedDispatcher()}.
      The OnBackPressedDispatcher controls how back button events are dispatched
      to one or more {@link OnBackPressedCallback} objects.

> Task :tooling:epub_importer:kspReleaseKotlin
> Task :tooling:epub_importer:compileReleaseKotlin
> Task :tooling:epub_importer:compileReleaseJavaWithJavac
> Task :tooling:epub_importer:transformReleaseClassesWithAsm
> Task :tooling:epub_importer:bundleLibCompileToJarRelease
> Task :tooling:application_workers:kspReleaseKotlin
> Task :tooling:epub_importer:bundleLibRuntimeToJarRelease
> Task :tooling:epub_importer:mergeReleaseGeneratedProguardFiles UP-TO-DATE
> Task :tooling:epub_importer:exportReleaseConsumerProguardFiles UP-TO-DATE
> Task :features:libraryExplorer:kspReleaseKotlin
> Task :tooling:application_workers:compileReleaseKotlin
> Task :tooling:application_workers:compileReleaseJavaWithJavac
> Task :tooling:application_workers:transformReleaseClassesWithAsm
> Task :tooling:application_workers:mergeReleaseGeneratedProguardFiles UP-TO-DATE
> Task :tooling:application_workers:exportReleaseConsumerProguardFiles UP-TO-DATE
> Task :tooling:local_source:kspReleaseKotlin

> Task :features:libraryExplorer:compileReleaseKotlin
w: file:///home/ubuntu/myNovelDokusha/features/libraryExplorer/src/main/java/my/noveldokusha/libraryexplorer/LibraryScreenBody.kt:82:13 'fun TabRow(selectedTabIndex: Int, modifier: Modifier = ..., containerColor: Color = ..., contentColor: Color = ..., indicator: @Composable() ComposableFunction1<@ParameterName(...) List<TabPosition>, Unit> = ..., divider: @Composable() ComposableFunction0<Unit> = ..., tabs: @Composable() ComposableFunction0<Unit>): Unit' is deprecated. Replaced with PrimaryTabRow and SecondaryTabRow.
w: file:///home/ubuntu/myNovelDokusha/features/libraryExplorer/src/main/java/my/noveldokusha/libraryexplorer/LibraryScreenBody.kt:88:30 'fun Modifier.tabIndicatorOffset(currentTabPosition: TabPosition): Modifier' is deprecated. Solely for use alongside deprecated TabRowDefaults.Indicator method. For recommended PrimaryIndicator and SecondaryIndicator methods, please use TabIndicatorScope.tabIndicatorOffset method.

> Task :features:libraryExplorer:compileReleaseJavaWithJavac
> Task :features:libraryExplorer:transformReleaseClassesWithAsm
> Task :features:libraryExplorer:mergeReleaseGeneratedProguardFiles
> Task :features:libraryExplorer:exportReleaseConsumerProguardFiles
> Task :tooling:local_source:compileReleaseKotlin
> Task :tooling:local_source:compileReleaseJavaWithJavac
> Task :tooling:local_source:transformReleaseClassesWithAsm
> Task :tooling:local_source:mergeReleaseGeneratedProguardFiles UP-TO-DATE
> Task :tooling:local_source:exportReleaseConsumerProguardFiles UP-TO-DATE
> Task :features:reader:kspReleaseKotlin
> Task :features:chaptersList:kspReleaseKotlin

> Task :features:chaptersList:compileReleaseKotlin
w: file:///home/ubuntu/myNovelDokusha/features/chaptersList/src/main/java/my/noveldokusha/features/chapterslist/ChaptersActivity.kt:62:37 'fun onBackPressed(): Unit' is deprecated. This method has been deprecated in favor of using the
      {@link OnBackPressedDispatcher} via {@link #getOnBackPressedDispatcher()}.
      The OnBackPressedDispatcher controls how back button events are dispatched
      to one or more {@link OnBackPressedCallback} objects.

> Task :features:chaptersList:compileReleaseJavaWithJavac
> Task :features:chaptersList:transformReleaseClassesWithAsm
> Task :features:chaptersList:mergeReleaseGeneratedProguardFiles
> Task :features:chaptersList:exportReleaseConsumerProguardFiles
> Task :features:reader:compileReleaseKotlin
> Task :features:globalSourceSearch:kspReleaseKotlin

> Task :features:globalSourceSearch:compileReleaseKotlin
w: file:///home/ubuntu/myNovelDokusha/features/globalSourceSearch/src/main/java/my/noveldokusha/globalsourcesearch/GlobalSourceSearchActivity.kt:51:37 'fun onBackPressed(): Unit' is deprecated. This method has been deprecated in favor of using the
      {@link OnBackPressedDispatcher} via {@link #getOnBackPressedDispatcher()}.
      The OnBackPressedDispatcher controls how back button events are dispatched
      to one or more {@link OnBackPressedCallback} objects.

> Task :features:reader:compileReleaseJavaWithJavac
> Task :features:reader:transformReleaseClassesWithAsm
> Task :features:reader:mergeReleaseGeneratedProguardFiles
> Task :features:reader:exportReleaseConsumerProguardFiles
> Task :features:globalSourceSearch:compileReleaseJavaWithJavac
> Task :features:globalSourceSearch:transformReleaseClassesWithAsm
> Task :features:globalSourceSearch:mergeReleaseGeneratedProguardFiles
> Task :features:globalSourceSearch:exportReleaseConsumerProguardFiles
> Task :features:sourceExplorer:kspReleaseKotlin
> Task :features:databaseExplorer:kspReleaseKotlin

> Task :features:sourceExplorer:compileReleaseKotlin
w: file:///home/ubuntu/myNovelDokusha/features/sourceExplorer/src/main/java/my/noveldokusha/sourceexplorer/SourceCatalogActivity.kt:60:37 'fun onBackPressed(): Unit' is deprecated. This method has been deprecated in favor of using the
      {@link OnBackPressedDispatcher} via {@link #getOnBackPressedDispatcher()}.
      The OnBackPressedDispatcher controls how back button events are dispatched
      to one or more {@link OnBackPressedCallback} objects.

> Task :features:sourceExplorer:compileReleaseJavaWithJavac
> Task :features:sourceExplorer:transformReleaseClassesWithAsm
> Task :features:sourceExplorer:mergeReleaseGeneratedProguardFiles
> Task :features:sourceExplorer:exportReleaseConsumerProguardFiles

> Task :features:databaseExplorer:compileReleaseKotlin
w: file:///home/ubuntu/myNovelDokusha/features/databaseExplorer/src/main/java/my/noveldoksuha/databaseexplorer/databaseBookInfo/DatabaseBookInfoActivity.kt:65:37 'fun onBackPressed(): Unit' is deprecated. This method has been deprecated in favor of using the
      {@link OnBackPressedDispatcher} via {@link #getOnBackPressedDispatcher()}.
      The OnBackPressedDispatcher controls how back button events are dispatched
      to one or more {@link OnBackPressedCallback} objects.
w: file:///home/ubuntu/myNovelDokusha/features/databaseExplorer/src/main/java/my/noveldoksuha/databaseexplorer/databaseSearch/DatabaseSearchActivity.kt:82:37 'fun onBackPressed(): Unit' is deprecated. This method has been deprecated in favor of using the
      {@link OnBackPressedDispatcher} via {@link #getOnBackPressedDispatcher()}.
      The OnBackPressedDispatcher controls how back button events are dispatched
      to one or more {@link OnBackPressedCallback} objects.

> Task :features:catalogExplorer:kspReleaseKotlin
> Task :features:databaseExplorer:compileReleaseJavaWithJavac
> Task :features:databaseExplorer:transformReleaseClassesWithAsm
> Task :features:databaseExplorer:mergeReleaseGeneratedProguardFiles
> Task :features:databaseExplorer:exportReleaseConsumerProguardFiles
> Task :features:catalogExplorer:compileReleaseKotlin
> Task :features:catalogExplorer:compileReleaseJavaWithJavac
> Task :features:catalogExplorer:transformReleaseClassesWithAsm
> Task :features:catalogExplorer:mergeReleaseGeneratedProguardFiles
> Task :features:catalogExplorer:exportReleaseConsumerProguardFiles
> Task :tooling:backup_create:kspReleaseKotlin
> Task :tooling:backup_create:compileReleaseKotlin
> Task :tooling:backup_create:compileReleaseJavaWithJavac
> Task :tooling:backup_create:transformReleaseClassesWithAsm
> Task :tooling:backup_create:bundleLibCompileToJarRelease
> Task :tooling:backup_create:bundleLibRuntimeToJarRelease
> Task :tooling:backup_create:mergeReleaseGeneratedProguardFiles UP-TO-DATE
> Task :tooling:backup_create:exportReleaseConsumerProguardFiles UP-TO-DATE
> Task :data:mergeReleaseGeneratedProguardFiles UP-TO-DATE
> Task :data:exportReleaseConsumerProguardFiles UP-TO-DATE
> Task :features:webview:javaPreCompileRelease
> Task :tooling:backup_restore:kspReleaseKotlin
> Task :features:webview:compileReleaseJavaWithJavac
> Task :features:webview:transformReleaseClassesWithAsm
> Task :features:webview:mergeReleaseGeneratedProguardFiles UP-TO-DATE
> Task :features:webview:exportReleaseConsumerProguardFiles UP-TO-DATE
> Task :coreui:mergeReleaseGeneratedProguardFiles
> Task :coreui:exportReleaseConsumerProguardFiles
> Task :navigation:mergeReleaseGeneratedProguardFiles
> Task :navigation:exportReleaseConsumerProguardFiles
> Task :tooling:local_database:mergeReleaseGeneratedProguardFiles UP-TO-DATE
> Task :tooling:local_database:exportReleaseConsumerProguardFiles UP-TO-DATE
> Task :tooling:epub_parser:mergeReleaseGeneratedProguardFiles UP-TO-DATE
> Task :tooling:epub_parser:exportReleaseConsumerProguardFiles UP-TO-DATE
> Task :tooling:text_translator:domain:mergeReleaseGeneratedProguardFiles UP-TO-DATE
> Task :tooling:text_translator:domain:exportReleaseConsumerProguardFiles UP-TO-DATE
> Task :tooling:text_to_speech:mergeReleaseGeneratedProguardFiles UP-TO-DATE
> Task :tooling:text_to_speech:exportReleaseConsumerProguardFiles UP-TO-DATE
> Task :scraper:mergeReleaseGeneratedProguardFiles UP-TO-DATE
> Task :scraper:exportReleaseConsumerProguardFiles UP-TO-DATE
> Task :networking:mergeReleaseGeneratedProguardFiles UP-TO-DATE
> Task :networking:exportReleaseConsumerProguardFiles UP-TO-DATE
> Task :scraper:extension-manager:mergeReleaseGeneratedProguardFiles UP-TO-DATE
> Task :scraper:extension-manager:exportReleaseConsumerProguardFiles UP-TO-DATE
> Task :scraper:api:mergeReleaseGeneratedProguardFiles UP-TO-DATE
> Task :scraper:api:exportReleaseConsumerProguardFiles UP-TO-DATE
> Task :core:mergeReleaseGeneratedProguardFiles UP-TO-DATE
> Task :core:exportReleaseConsumerProguardFiles UP-TO-DATE
> Task :strings:mergeReleaseGeneratedProguardFiles UP-TO-DATE
> Task :strings:exportReleaseConsumerProguardFiles UP-TO-DATE
> Task :tooling:algorithms:mergeReleaseGeneratedProguardFiles UP-TO-DATE
> Task :tooling:algorithms:exportReleaseConsumerProguardFiles UP-TO-DATE
> Task :app:checkFullReleaseDuplicateClasses
> Task :app:extractProguardFiles
> Task :app:checkFullReleaseProguardFiles
> Task :core:prepareReleaseArtProfile UP-TO-DATE
> Task :coreui:prepareReleaseArtProfile UP-TO-DATE
> Task :data:prepareReleaseArtProfile UP-TO-DATE
> Task :navigation:prepareReleaseArtProfile UP-TO-DATE
> Task :networking:prepareReleaseArtProfile UP-TO-DATE
> Task :scraper:prepareReleaseArtProfile UP-TO-DATE
> Task :strings:prepareReleaseArtProfile UP-TO-DATE
> Task :features:catalogExplorer:prepareReleaseArtProfile UP-TO-DATE
> Task :features:chaptersList:prepareReleaseArtProfile UP-TO-DATE
> Task :features:databaseExplorer:prepareReleaseArtProfile UP-TO-DATE
> Task :features:globalSourceSearch:prepareReleaseArtProfile UP-TO-DATE
> Task :features:libraryExplorer:prepareReleaseArtProfile UP-TO-DATE
> Task :features:reader:prepareReleaseArtProfile UP-TO-DATE
> Task :features:settings:prepareReleaseArtProfile UP-TO-DATE
> Task :features:sourceExplorer:prepareReleaseArtProfile UP-TO-DATE
> Task :features:webview:prepareReleaseArtProfile UP-TO-DATE
> Task :scraper:api:prepareReleaseArtProfile UP-TO-DATE
> Task :scraper:extension-manager:prepareReleaseArtProfile UP-TO-DATE
> Task :tooling:algorithms:prepareReleaseArtProfile UP-TO-DATE
> Task :tooling:application_workers:prepareReleaseArtProfile UP-TO-DATE
> Task :tooling:backup_create:prepareReleaseArtProfile UP-TO-DATE
> Task :tooling:backup_restore:prepareReleaseArtProfile UP-TO-DATE
> Task :tooling:epub_importer:prepareReleaseArtProfile UP-TO-DATE
> Task :tooling:epub_parser:prepareReleaseArtProfile UP-TO-DATE
> Task :tooling:local_database:prepareReleaseArtProfile UP-TO-DATE
> Task :tooling:local_source:prepareReleaseArtProfile UP-TO-DATE
> Task :tooling:text_to_speech:prepareReleaseArtProfile UP-TO-DATE
> Task :tooling:text_translator:domain:prepareReleaseArtProfile UP-TO-DATE
> Task :tooling:text_translator:translator:prepareReleaseArtProfile UP-TO-DATE
> Task :tooling:backup_restore:compileReleaseKotlin
> Task :app:mergeFullReleaseArtProfile
> Task :app:buildKotlinToolingMetadata
> Task :app:checkKotlinGradlePluginConfigurationErrors SKIPPED
> Task :app:dataBindingMergeDependencyArtifactsFullRelease
> Task :app:generateFullReleaseResValues
> Task :app:generateFullReleaseResources
> Task :tooling:backup_restore:compileReleaseJavaWithJavac
> Task :tooling:backup_restore:transformReleaseClassesWithAsm
> Task :tooling:backup_restore:bundleLibCompileToJarRelease
> Task :features:settings:kspReleaseKotlin
> Task :features:settings:compileReleaseKotlin
> Task :features:settings:compileReleaseJavaWithJavac
> Task :tooling:backup_restore:bundleLibRuntimeToJarRelease
> Task :features:settings:transformReleaseClassesWithAsm
> Task :features:settings:mergeReleaseGeneratedProguardFiles
> Task :features:settings:exportReleaseConsumerProguardFiles
> Task :tooling:backup_restore:mergeReleaseGeneratedProguardFiles UP-TO-DATE
> Task :tooling:backup_restore:exportReleaseConsumerProguardFiles UP-TO-DATE
> Task :app:generateFullReleaseBuildConfig
> Task :core:writeReleaseAarMetadata
> Task :coreui:writeReleaseAarMetadata
> Task :data:writeReleaseAarMetadata
> Task :navigation:writeReleaseAarMetadata
> Task :networking:writeReleaseAarMetadata
> Task :scraper:writeReleaseAarMetadata
> Task :strings:writeReleaseAarMetadata
> Task :features:catalogExplorer:writeReleaseAarMetadata
> Task :features:chaptersList:writeReleaseAarMetadata
> Task :features:databaseExplorer:writeReleaseAarMetadata
> Task :features:globalSourceSearch:writeReleaseAarMetadata
> Task :features:libraryExplorer:writeReleaseAarMetadata
> Task :features:reader:writeReleaseAarMetadata
> Task :features:settings:writeReleaseAarMetadata
> Task :features:sourceExplorer:writeReleaseAarMetadata
> Task :features:webview:writeReleaseAarMetadata
> Task :scraper:api:writeReleaseAarMetadata
> Task :scraper:extension-manager:writeReleaseAarMetadata
> Task :tooling:algorithms:writeReleaseAarMetadata
> Task :tooling:application_workers:writeReleaseAarMetadata
> Task :tooling:backup_create:writeReleaseAarMetadata
> Task :tooling:backup_restore:writeReleaseAarMetadata
> Task :tooling:epub_importer:writeReleaseAarMetadata
> Task :tooling:epub_parser:writeReleaseAarMetadata
> Task :tooling:local_database:writeReleaseAarMetadata
> Task :tooling:local_source:writeReleaseAarMetadata
> Task :tooling:text_to_speech:writeReleaseAarMetadata
> Task :tooling:text_translator:domain:writeReleaseAarMetadata
> Task :tooling:text_translator:translator:writeReleaseAarMetadata
> Task :app:mergeFullReleaseResources
> Task :app:dataBindingGenBaseClassesFullRelease
> Task :app:mapFullReleaseSourceSetPaths
> Task :app:checkFullReleaseAarMetadata
> Task :app:createFullReleaseCompatibleScreenManifests
> Task :core:extractDeepLinksRelease
> Task :app:extractDeepLinksFullRelease
> Task :coreui:extractDeepLinksRelease
> Task :core:processReleaseManifest
> Task :coreui:processReleaseManifest
> Task :data:extractDeepLinksRelease
> Task :navigation:extractDeepLinksRelease
> Task :data:processReleaseManifest
> Task :networking:extractDeepLinksRelease
> Task :navigation:processReleaseManifest
> Task :networking:processReleaseManifest
> Task :scraper:extractDeepLinksRelease
> Task :strings:extractDeepLinksRelease
> Task :scraper:processReleaseManifest
> Task :features:catalogExplorer:extractDeepLinksRelease
> Task :strings:processReleaseManifest
> Task :features:chaptersList:extractDeepLinksRelease
> Task :features:catalogExplorer:processReleaseManifest
> Task :features:databaseExplorer:extractDeepLinksRelease
> Task :features:chaptersList:processReleaseManifest
> Task :features:globalSourceSearch:extractDeepLinksRelease
> Task :features:databaseExplorer:processReleaseManifest
> Task :features:libraryExplorer:extractDeepLinksRelease
> Task :features:globalSourceSearch:processReleaseManifest
> Task :features:reader:extractDeepLinksRelease
> Task :features:libraryExplorer:processReleaseManifest
> Task :features:settings:extractDeepLinksRelease
> Task :features:reader:processReleaseManifest
> Task :features:sourceExplorer:extractDeepLinksRelease
> Task :features:settings:processReleaseManifest
> Task :features:webview:extractDeepLinksRelease
> Task :features:sourceExplorer:processReleaseManifest
> Task :scraper:api:extractDeepLinksRelease
> Task :features:webview:processReleaseManifest
> Task :scraper:extension-manager:extractDeepLinksRelease
> Task :scraper:api:processReleaseManifest
> Task :tooling:algorithms:extractDeepLinksRelease
> Task :scraper:extension-manager:processReleaseManifest
> Task :tooling:application_workers:extractDeepLinksRelease
> Task :tooling:algorithms:processReleaseManifest
> Task :tooling:backup_create:extractDeepLinksRelease
> Task :tooling:application_workers:processReleaseManifest
> Task :tooling:backup_restore:extractDeepLinksRelease
> Task :tooling:backup_create:processReleaseManifest
> Task :tooling:epub_importer:extractDeepLinksRelease
> Task :tooling:backup_restore:processReleaseManifest
> Task :tooling:epub_parser:extractDeepLinksRelease
> Task :tooling:epub_importer:processReleaseManifest
> Task :tooling:local_database:extractDeepLinksRelease
> Task :tooling:epub_parser:processReleaseManifest
> Task :tooling:local_source:extractDeepLinksRelease
> Task :tooling:local_database:processReleaseManifest
> Task :tooling:text_to_speech:extractDeepLinksRelease
> Task :tooling:text_to_speech:processReleaseManifest
> Task :tooling:local_source:processReleaseManifest
> Task :tooling:text_translator:domain:extractDeepLinksRelease
> Task :tooling:text_translator:translator:extractDeepLinksRelease
> Task :tooling:text_translator:domain:processReleaseManifest
> Task :tooling:text_translator:translator:processReleaseManifest
> Task :features:catalogExplorer:bundleLibCompileToJarRelease
> Task :features:chaptersList:bundleLibCompileToJarRelease
> Task :features:databaseExplorer:bundleLibCompileToJarRelease
> Task :features:globalSourceSearch:bundleLibCompileToJarRelease
> Task :features:libraryExplorer:bundleLibCompileToJarRelease
> Task :features:reader:bundleLibCompileToJarRelease
> Task :features:settings:bundleLibCompileToJarRelease
> Task :features:sourceExplorer:bundleLibCompileToJarRelease
> Task :app:processFullReleaseMainManifest
> Task :features:webview:bundleLibCompileToJarRelease
> Task :tooling:application_workers:bundleLibCompileToJarRelease
> Task :tooling:local_source:bundleLibCompileToJarRelease
> Task :tooling:text_translator:translator:bundleLibCompileToJarRelease
> Task :app:javaPreCompileFullRelease
> Task :tooling:text_translator:translator:bundleLibRuntimeToJarRelease
> Task :features:libraryExplorer:bundleLibRuntimeToJarRelease
> Task :tooling:application_workers:bundleLibRuntimeToJarRelease
> Task :tooling:local_source:bundleLibRuntimeToJarRelease
> Task :features:reader:bundleLibRuntimeToJarRelease
> Task :app:processFullReleaseManifest
> Task :features:chaptersList:bundleLibRuntimeToJarRelease
> Task :app:processFullReleaseManifestForPackage
> Task :features:globalSourceSearch:bundleLibRuntimeToJarRelease
> Task :features:databaseExplorer:bundleLibRuntimeToJarRelease
> Task :features:sourceExplorer:bundleLibRuntimeToJarRelease
> Task :features:catalogExplorer:bundleLibRuntimeToJarRelease
> Task :features:settings:bundleLibRuntimeToJarRelease
> Task :features:webview:bundleLibRuntimeToJarRelease
> Task :core:processReleaseJavaRes
> Task :coreui:processReleaseJavaRes
> Task :data:processReleaseJavaRes
> Task :navigation:processReleaseJavaRes
> Task :networking:processReleaseJavaRes
> Task :scraper:processReleaseJavaRes
> Task :strings:processReleaseJavaRes NO-SOURCE
> Task :features:catalogExplorer:processReleaseJavaRes
> Task :features:chaptersList:processReleaseJavaRes
> Task :features:databaseExplorer:processReleaseJavaRes
> Task :features:globalSourceSearch:processReleaseJavaRes
> Task :features:libraryExplorer:processReleaseJavaRes
> Task :features:reader:processReleaseJavaRes
> Task :features:settings:processReleaseJavaRes
> Task :features:sourceExplorer:processReleaseJavaRes
> Task :features:webview:processReleaseJavaRes
> Task :scraper:api:processReleaseJavaRes
> Task :scraper:extension-manager:processReleaseJavaRes
> Task :tooling:algorithms:processReleaseJavaRes
> Task :tooling:application_workers:processReleaseJavaRes
> Task :tooling:backup_create:processReleaseJavaRes
> Task :tooling:backup_restore:processReleaseJavaRes
> Task :tooling:epub_importer:processReleaseJavaRes
> Task :tooling:epub_parser:processReleaseJavaRes
> Task :tooling:local_database:processReleaseJavaRes
> Task :tooling:local_source:processReleaseJavaRes
> Task :tooling:text_to_speech:processReleaseJavaRes
> Task :tooling:text_translator:domain:processReleaseJavaRes
> Task :tooling:text_translator:translator:processReleaseJavaRes
> Task :app:mergeFullReleaseStartupProfile UP-TO-DATE
> Task :app:mergeFullReleaseShaders
> Task :app:compileFullReleaseShaders NO-SOURCE
> Task :app:generateFullReleaseAssets UP-TO-DATE
> Task :core:mergeReleaseShaders
> Task :core:compileReleaseShaders NO-SOURCE
> Task :core:generateReleaseAssets UP-TO-DATE
> Task :core:mergeReleaseAssets
> Task :coreui:mergeReleaseShaders
> Task :coreui:compileReleaseShaders NO-SOURCE
> Task :coreui:generateReleaseAssets UP-TO-DATE
> Task :coreui:mergeReleaseAssets
> Task :data:mergeReleaseShaders
> Task :data:compileReleaseShaders NO-SOURCE
> Task :data:generateReleaseAssets UP-TO-DATE
> Task :data:mergeReleaseAssets
> Task :navigation:mergeReleaseShaders
> Task :navigation:compileReleaseShaders NO-SOURCE
> Task :navigation:generateReleaseAssets UP-TO-DATE
> Task :navigation:mergeReleaseAssets
> Task :networking:mergeReleaseShaders
> Task :networking:compileReleaseShaders NO-SOURCE
> Task :networking:generateReleaseAssets UP-TO-DATE
> Task :networking:mergeReleaseAssets
> Task :scraper:mergeReleaseShaders
> Task :scraper:compileReleaseShaders NO-SOURCE
> Task :scraper:generateReleaseAssets UP-TO-DATE
> Task :scraper:mergeReleaseAssets
> Task :strings:mergeReleaseShaders
> Task :strings:compileReleaseShaders NO-SOURCE
> Task :strings:generateReleaseAssets UP-TO-DATE
> Task :strings:mergeReleaseAssets
> Task :features:catalogExplorer:mergeReleaseShaders
> Task :features:catalogExplorer:compileReleaseShaders NO-SOURCE
> Task :features:catalogExplorer:generateReleaseAssets UP-TO-DATE
> Task :features:catalogExplorer:mergeReleaseAssets
> Task :features:chaptersList:mergeReleaseShaders
> Task :features:chaptersList:compileReleaseShaders NO-SOURCE
> Task :features:chaptersList:generateReleaseAssets UP-TO-DATE
> Task :features:chaptersList:mergeReleaseAssets
> Task :features:databaseExplorer:mergeReleaseShaders
> Task :features:databaseExplorer:compileReleaseShaders NO-SOURCE
> Task :features:databaseExplorer:generateReleaseAssets UP-TO-DATE
> Task :features:databaseExplorer:mergeReleaseAssets
> Task :features:globalSourceSearch:mergeReleaseShaders
> Task :features:globalSourceSearch:compileReleaseShaders NO-SOURCE
> Task :features:globalSourceSearch:generateReleaseAssets UP-TO-DATE
> Task :features:globalSourceSearch:mergeReleaseAssets
> Task :features:libraryExplorer:mergeReleaseShaders
> Task :features:libraryExplorer:compileReleaseShaders NO-SOURCE
> Task :features:libraryExplorer:generateReleaseAssets UP-TO-DATE
> Task :features:libraryExplorer:mergeReleaseAssets
> Task :features:reader:mergeReleaseShaders
> Task :features:reader:compileReleaseShaders NO-SOURCE
> Task :features:reader:generateReleaseAssets UP-TO-DATE
> Task :features:reader:mergeReleaseAssets
> Task :features:settings:mergeReleaseShaders
> Task :features:settings:compileReleaseShaders NO-SOURCE
> Task :features:settings:generateReleaseAssets UP-TO-DATE
> Task :features:settings:mergeReleaseAssets
> Task :features:sourceExplorer:mergeReleaseShaders
> Task :features:sourceExplorer:compileReleaseShaders NO-SOURCE
> Task :features:sourceExplorer:generateReleaseAssets UP-TO-DATE
> Task :features:sourceExplorer:mergeReleaseAssets
> Task :features:webview:mergeReleaseShaders
> Task :features:webview:compileReleaseShaders NO-SOURCE
> Task :features:webview:generateReleaseAssets UP-TO-DATE
> Task :features:webview:mergeReleaseAssets
> Task :scraper:api:mergeReleaseShaders
> Task :scraper:api:compileReleaseShaders NO-SOURCE
> Task :scraper:api:generateReleaseAssets UP-TO-DATE
> Task :scraper:api:mergeReleaseAssets
> Task :scraper:extension-manager:mergeReleaseShaders
> Task :scraper:extension-manager:compileReleaseShaders NO-SOURCE
> Task :scraper:extension-manager:generateReleaseAssets UP-TO-DATE
> Task :scraper:extension-manager:mergeReleaseAssets
> Task :tooling:algorithms:mergeReleaseShaders
> Task :tooling:algorithms:compileReleaseShaders NO-SOURCE
> Task :tooling:algorithms:generateReleaseAssets UP-TO-DATE
> Task :tooling:algorithms:mergeReleaseAssets
> Task :tooling:application_workers:mergeReleaseShaders
> Task :tooling:application_workers:compileReleaseShaders NO-SOURCE
> Task :tooling:application_workers:generateReleaseAssets UP-TO-DATE
> Task :tooling:application_workers:mergeReleaseAssets
> Task :tooling:backup_create:mergeReleaseShaders
> Task :tooling:backup_create:compileReleaseShaders NO-SOURCE
> Task :tooling:backup_create:generateReleaseAssets UP-TO-DATE
> Task :tooling:backup_create:mergeReleaseAssets
> Task :tooling:backup_restore:mergeReleaseShaders
> Task :tooling:backup_restore:compileReleaseShaders NO-SOURCE
> Task :tooling:backup_restore:generateReleaseAssets UP-TO-DATE
> Task :tooling:backup_restore:mergeReleaseAssets
> Task :tooling:epub_importer:mergeReleaseShaders
> Task :tooling:epub_importer:compileReleaseShaders NO-SOURCE
> Task :tooling:epub_importer:generateReleaseAssets UP-TO-DATE
> Task :tooling:epub_importer:mergeReleaseAssets
> Task :tooling:epub_parser:mergeReleaseShaders
> Task :tooling:epub_parser:compileReleaseShaders NO-SOURCE
> Task :tooling:epub_parser:generateReleaseAssets UP-TO-DATE
> Task :tooling:epub_parser:mergeReleaseAssets
> Task :tooling:local_database:mergeReleaseShaders
> Task :tooling:local_database:compileReleaseShaders NO-SOURCE
> Task :tooling:local_database:generateReleaseAssets UP-TO-DATE
> Task :tooling:local_database:mergeReleaseAssets
> Task :tooling:local_source:mergeReleaseShaders
> Task :tooling:local_source:compileReleaseShaders NO-SOURCE
> Task :tooling:local_source:generateReleaseAssets UP-TO-DATE
> Task :tooling:local_source:mergeReleaseAssets
> Task :tooling:text_to_speech:mergeReleaseShaders
> Task :tooling:text_to_speech:compileReleaseShaders NO-SOURCE
> Task :tooling:text_to_speech:generateReleaseAssets UP-TO-DATE
> Task :tooling:text_to_speech:mergeReleaseAssets
> Task :tooling:text_translator:domain:mergeReleaseShaders
> Task :tooling:text_translator:domain:compileReleaseShaders NO-SOURCE
> Task :tooling:text_translator:domain:generateReleaseAssets UP-TO-DATE
> Task :tooling:text_translator:domain:mergeReleaseAssets
> Task :tooling:text_translator:translator:mergeReleaseShaders
> Task :tooling:text_translator:translator:compileReleaseShaders NO-SOURCE
> Task :tooling:text_translator:translator:generateReleaseAssets UP-TO-DATE
> Task :tooling:text_translator:translator:mergeReleaseAssets
> Task :app:mergeFullReleaseAssets
> Task :app:compressFullReleaseAssets
> Task :app:extractFullReleaseVersionControlInfo
> Task :core:createFullJarRelease
> Task :core:extractProguardFiles
> Task :strings:createFullJarRelease
> Task :strings:extractProguardFiles
> Task :strings:generateReleaseLintModel
> Task :strings:prepareLintJarForPublish UP-TO-DATE
> Task :core:generateReleaseLintModel
> Task :core:prepareLintJarForPublish UP-TO-DATE
> Task :app:processFullReleaseResources
> Task :coreui:createFullJarRelease
> Task :coreui:extractProguardFiles
> Task :tooling:local_database:createFullJarRelease
> Task :tooling:local_database:extractProguardFiles
> Task :tooling:local_database:generateReleaseLintModel
> Task :tooling:local_database:prepareLintJarForPublish UP-TO-DATE
> Task :coreui:generateReleaseLintModel
> Task :coreui:prepareLintJarForPublish UP-TO-DATE
> Task :data:createFullJarRelease
> Task :data:extractProguardFiles
> Task :networking:createFullJarRelease
> Task :networking:extractProguardFiles
> Task :networking:generateReleaseLintModel
> Task :networking:prepareLintJarForPublish UP-TO-DATE
> Task :scraper:createFullJarRelease
> Task :scraper:extractProguardFiles
> Task :scraper:api:createFullJarRelease
> Task :scraper:api:extractProguardFiles
> Task :scraper:api:generateReleaseLintModel
> Task :scraper:api:prepareLintJarForPublish UP-TO-DATE
> Task :scraper:extension-manager:createFullJarRelease
> Task :scraper:extension-manager:extractProguardFiles
> Task :scraper:extension-manager:generateReleaseLintModel
> Task :scraper:extension-manager:prepareLintJarForPublish UP-TO-DATE
> Task :scraper:generateReleaseLintModel
> Task :scraper:prepareLintJarForPublish UP-TO-DATE
> Task :tooling:epub_parser:createFullJarRelease
> Task :tooling:epub_parser:extractProguardFiles
> Task :tooling:epub_parser:generateReleaseLintModel
> Task :tooling:epub_parser:prepareLintJarForPublish UP-TO-DATE
> Task :data:generateReleaseLintModel
> Task :data:prepareLintJarForPublish UP-TO-DATE
> Task :navigation:createFullJarRelease
> Task :navigation:extractProguardFiles
> Task :navigation:generateReleaseLintModel
> Task :navigation:prepareLintJarForPublish UP-TO-DATE
> Task :features:catalogExplorer:createFullJarRelease
> Task :features:catalogExplorer:extractProguardFiles
> Task :features:catalogExplorer:generateReleaseLintModel
> Task :features:catalogExplorer:prepareLintJarForPublish UP-TO-DATE
> Task :features:chaptersList:createFullJarRelease
> Task :features:chaptersList:extractProguardFiles
> Task :features:chaptersList:generateReleaseLintModel
> Task :features:chaptersList:prepareLintJarForPublish UP-TO-DATE
> Task :features:databaseExplorer:createFullJarRelease
> Task :features:databaseExplorer:extractProguardFiles
> Task :app:kspFullReleaseKotlin
> Task :features:databaseExplorer:generateReleaseLintModel
> Task :features:databaseExplorer:prepareLintJarForPublish UP-TO-DATE
> Task :features:globalSourceSearch:createFullJarRelease
> Task :features:globalSourceSearch:extractProguardFiles
> Task :features:globalSourceSearch:generateReleaseLintModel
> Task :features:globalSourceSearch:prepareLintJarForPublish UP-TO-DATE
> Task :features:libraryExplorer:createFullJarRelease
> Task :features:libraryExplorer:extractProguardFiles
> Task :tooling:epub_importer:createFullJarRelease
> Task :tooling:epub_importer:extractProguardFiles
> Task :tooling:epub_importer:generateReleaseLintModel
> Task :tooling:epub_importer:prepareLintJarForPublish UP-TO-DATE
> Task :tooling:text_translator:domain:createFullJarRelease
> Task :tooling:text_translator:domain:extractProguardFiles
> Task :tooling:text_translator:domain:generateReleaseLintModel
> Task :tooling:text_translator:domain:prepareLintJarForPublish UP-TO-DATE
> Task :features:libraryExplorer:generateReleaseLintModel
> Task :features:libraryExplorer:prepareLintJarForPublish UP-TO-DATE
> Task :features:reader:createFullJarRelease
> Task :features:reader:extractProguardFiles
> Task :tooling:algorithms:createFullJarRelease
> Task :tooling:algorithms:extractProguardFiles
> Task :tooling:algorithms:generateReleaseLintModel
> Task :tooling:algorithms:prepareLintJarForPublish UP-TO-DATE
> Task :tooling:text_to_speech:createFullJarRelease
> Task :tooling:text_to_speech:extractProguardFiles
> Task :tooling:text_to_speech:generateReleaseLintModel
> Task :tooling:text_to_speech:prepareLintJarForPublish UP-TO-DATE
> Task :features:reader:generateReleaseLintModel
> Task :features:reader:prepareLintJarForPublish UP-TO-DATE
> Task :features:settings:createFullJarRelease
> Task :features:settings:extractProguardFiles
> Task :tooling:backup_create:createFullJarRelease
> Task :tooling:backup_create:extractProguardFiles
> Task :tooling:backup_create:generateReleaseLintModel
> Task :tooling:backup_create:prepareLintJarForPublish UP-TO-DATE
> Task :tooling:backup_restore:createFullJarRelease
> Task :tooling:backup_restore:extractProguardFiles
> Task :tooling:backup_restore:generateReleaseLintModel
> Task :tooling:backup_restore:prepareLintJarForPublish UP-TO-DATE
> Task :features:settings:generateReleaseLintModel
> Task :features:settings:prepareLintJarForPublish UP-TO-DATE
> Task :features:sourceExplorer:createFullJarRelease
> Task :features:sourceExplorer:extractProguardFiles
> Task :features:sourceExplorer:generateReleaseLintModel
> Task :features:sourceExplorer:prepareLintJarForPublish UP-TO-DATE
> Task :features:webview:createFullJarRelease
> Task :features:webview:extractProguardFiles
> Task :features:webview:generateReleaseLintModel
> Task :features:webview:prepareLintJarForPublish UP-TO-DATE
> Task :tooling:application_workers:createFullJarRelease
> Task :tooling:application_workers:extractProguardFiles
> Task :tooling:application_workers:generateReleaseLintModel
> Task :tooling:application_workers:prepareLintJarForPublish UP-TO-DATE
> Task :tooling:local_source:createFullJarRelease
> Task :tooling:local_source:extractProguardFiles
> Task :tooling:local_source:generateReleaseLintModel
> Task :tooling:local_source:prepareLintJarForPublish UP-TO-DATE
> Task :tooling:text_translator:translator:createFullJarRelease
> Task :tooling:text_translator:translator:extractProguardFiles
> Task :tooling:text_translator:translator:generateReleaseLintModel
> Task :tooling:text_translator:translator:prepareLintJarForPublish UP-TO-DATE
> Task :tooling:text_translator:translator:stripReleaseDebugSymbols NO-SOURCE
> Task :tooling:text_translator:translator:copyReleaseJniLibsProjectAndLocalJars
> Task :tooling:text_translator:translator:extractDeepLinksForAarRelease UP-TO-DATE
> Task :tooling:text_translator:translator:extractReleaseAnnotations
> Task :tooling:text_translator:translator:mergeReleaseConsumerProguardFiles UP-TO-DATE
> Task :tooling:text_translator:translator:mergeReleaseJavaResource
> Task :tooling:text_translator:translator:syncReleaseLibJars
> Task :tooling:text_translator:translator:bundleReleaseLocalLintAar
> Task :features:libraryExplorer:stripReleaseDebugSymbols NO-SOURCE
> Task :features:libraryExplorer:copyReleaseJniLibsProjectAndLocalJars
> Task :features:libraryExplorer:extractDeepLinksForAarRelease UP-TO-DATE
> Task :features:libraryExplorer:extractReleaseAnnotations
> Task :features:libraryExplorer:mergeReleaseConsumerProguardFiles
> Task :features:libraryExplorer:mergeReleaseJavaResource
> Task :features:libraryExplorer:syncReleaseLibJars
> Task :features:libraryExplorer:bundleReleaseLocalLintAar
> Task :tooling:epub_importer:stripReleaseDebugSymbols NO-SOURCE
> Task :tooling:epub_importer:copyReleaseJniLibsProjectAndLocalJars
> Task :tooling:epub_importer:extractDeepLinksForAarRelease UP-TO-DATE
> Task :tooling:epub_importer:extractReleaseAnnotations
> Task :tooling:epub_importer:mergeReleaseConsumerProguardFiles UP-TO-DATE
> Task :tooling:epub_importer:mergeReleaseJavaResource
> Task :tooling:epub_importer:syncReleaseLibJars
> Task :tooling:epub_importer:bundleReleaseLocalLintAar
> Task :tooling:application_workers:stripReleaseDebugSymbols NO-SOURCE
> Task :tooling:application_workers:copyReleaseJniLibsProjectAndLocalJars
> Task :tooling:application_workers:extractDeepLinksForAarRelease UP-TO-DATE
> Task :tooling:application_workers:extractReleaseAnnotations
> Task :tooling:application_workers:mergeReleaseConsumerProguardFiles UP-TO-DATE
> Task :tooling:application_workers:mergeReleaseJavaResource
> Task :tooling:application_workers:syncReleaseLibJars
> Task :tooling:application_workers:bundleReleaseLocalLintAar
> Task :tooling:local_source:stripReleaseDebugSymbols NO-SOURCE
> Task :tooling:local_source:copyReleaseJniLibsProjectAndLocalJars
> Task :tooling:local_source:extractDeepLinksForAarRelease UP-TO-DATE
> Task :tooling:local_source:extractReleaseAnnotations
> Task :tooling:local_source:mergeReleaseConsumerProguardFiles UP-TO-DATE
> Task :tooling:local_source:mergeReleaseJavaResource
> Task :tooling:local_source:syncReleaseLibJars
> Task :tooling:local_source:bundleReleaseLocalLintAar
> Task :features:reader:stripReleaseDebugSymbols NO-SOURCE
> Task :features:reader:copyReleaseJniLibsProjectAndLocalJars
> Task :features:reader:extractDeepLinksForAarRelease UP-TO-DATE
> Task :features:reader:extractReleaseAnnotations
> Task :features:reader:mergeReleaseConsumerProguardFiles
> Task :features:reader:mergeReleaseJavaResource
> Task :features:reader:syncReleaseLibJars
> Task :features:reader:bundleReleaseLocalLintAar
> Task :features:chaptersList:stripReleaseDebugSymbols NO-SOURCE
> Task :features:chaptersList:copyReleaseJniLibsProjectAndLocalJars
> Task :features:chaptersList:extractDeepLinksForAarRelease UP-TO-DATE
> Task :features:chaptersList:extractReleaseAnnotations
> Task :features:chaptersList:mergeReleaseConsumerProguardFiles
> Task :features:chaptersList:mergeReleaseJavaResource
> Task :features:chaptersList:syncReleaseLibJars
> Task :features:chaptersList:bundleReleaseLocalLintAar
> Task :features:globalSourceSearch:stripReleaseDebugSymbols NO-SOURCE
> Task :features:globalSourceSearch:copyReleaseJniLibsProjectAndLocalJars
> Task :features:globalSourceSearch:extractDeepLinksForAarRelease UP-TO-DATE
> Task :features:globalSourceSearch:extractReleaseAnnotations
> Task :features:globalSourceSearch:mergeReleaseConsumerProguardFiles
> Task :app:compileFullReleaseKotlin
> Task :features:globalSourceSearch:mergeReleaseJavaResource
> Task :features:globalSourceSearch:syncReleaseLibJars
> Task :features:globalSourceSearch:bundleReleaseLocalLintAar
> Task :features:databaseExplorer:stripReleaseDebugSymbols NO-SOURCE
> Task :features:databaseExplorer:copyReleaseJniLibsProjectAndLocalJars
> Task :features:databaseExplorer:extractDeepLinksForAarRelease UP-TO-DATE
> Task :features:databaseExplorer:extractReleaseAnnotations
> Task :features:databaseExplorer:mergeReleaseConsumerProguardFiles
> Task :features:databaseExplorer:mergeReleaseJavaResource
> Task :features:databaseExplorer:syncReleaseLibJars
> Task :features:databaseExplorer:bundleReleaseLocalLintAar
> Task :features:sourceExplorer:stripReleaseDebugSymbols NO-SOURCE
> Task :features:sourceExplorer:copyReleaseJniLibsProjectAndLocalJars
> Task :features:sourceExplorer:extractDeepLinksForAarRelease UP-TO-DATE
> Task :features:sourceExplorer:extractReleaseAnnotations
> Task :features:sourceExplorer:mergeReleaseConsumerProguardFiles
> Task :features:sourceExplorer:mergeReleaseJavaResource
> Task :features:sourceExplorer:syncReleaseLibJars
> Task :features:sourceExplorer:bundleReleaseLocalLintAar
> Task :features:catalogExplorer:stripReleaseDebugSymbols NO-SOURCE
> Task :features:catalogExplorer:copyReleaseJniLibsProjectAndLocalJars
> Task :features:catalogExplorer:extractDeepLinksForAarRelease UP-TO-DATE
> Task :features:catalogExplorer:extractReleaseAnnotations
> Task :features:catalogExplorer:mergeReleaseConsumerProguardFiles
> Task :features:catalogExplorer:mergeReleaseJavaResource
> Task :features:catalogExplorer:syncReleaseLibJars
> Task :features:catalogExplorer:bundleReleaseLocalLintAar
> Task :features:settings:stripReleaseDebugSymbols NO-SOURCE
> Task :features:settings:copyReleaseJniLibsProjectAndLocalJars
> Task :features:settings:extractDeepLinksForAarRelease UP-TO-DATE
> Task :features:settings:extractReleaseAnnotations
> Task :features:settings:mergeReleaseConsumerProguardFiles
> Task :features:settings:mergeReleaseJavaResource
> Task :features:settings:syncReleaseLibJars
> Task :features:settings:bundleReleaseLocalLintAar
> Task :tooling:backup_restore:stripReleaseDebugSymbols NO-SOURCE
> Task :tooling:backup_restore:copyReleaseJniLibsProjectAndLocalJars
> Task :tooling:backup_restore:extractDeepLinksForAarRelease UP-TO-DATE
> Task :tooling:backup_restore:extractReleaseAnnotations
> Task :tooling:backup_restore:mergeReleaseConsumerProguardFiles UP-TO-DATE
> Task :tooling:backup_restore:mergeReleaseJavaResource
> Task :tooling:backup_restore:syncReleaseLibJars
> Task :tooling:backup_restore:bundleReleaseLocalLintAar
> Task :tooling:backup_create:stripReleaseDebugSymbols NO-SOURCE
> Task :tooling:backup_create:copyReleaseJniLibsProjectAndLocalJars
> Task :tooling:backup_create:extractDeepLinksForAarRelease UP-TO-DATE
> Task :tooling:backup_create:extractReleaseAnnotations
> Task :tooling:backup_create:mergeReleaseConsumerProguardFiles UP-TO-DATE
> Task :tooling:backup_create:mergeReleaseJavaResource
> Task :tooling:backup_create:syncReleaseLibJars
> Task :tooling:backup_create:bundleReleaseLocalLintAar
> Task :data:stripReleaseDebugSymbols NO-SOURCE
> Task :data:copyReleaseJniLibsProjectAndLocalJars
> Task :data:extractDeepLinksForAarRelease UP-TO-DATE
> Task :data:extractReleaseAnnotations
> Task :data:mergeReleaseConsumerProguardFiles UP-TO-DATE
> Task :data:mergeReleaseJavaResource
> Task :data:syncReleaseLibJars
> Task :data:bundleReleaseLocalLintAar
> Task :features:webview:stripReleaseDebugSymbols NO-SOURCE
> Task :features:webview:copyReleaseJniLibsProjectAndLocalJars
> Task :features:webview:extractDeepLinksForAarRelease UP-TO-DATE
> Task :features:webview:extractReleaseAnnotations
> Task :features:webview:mergeReleaseConsumerProguardFiles UP-TO-DATE
> Task :features:webview:mergeReleaseJavaResource
> Task :features:webview:syncReleaseLibJars
> Task :features:webview:bundleReleaseLocalLintAar
> Task :coreui:stripReleaseDebugSymbols NO-SOURCE
> Task :coreui:copyReleaseJniLibsProjectAndLocalJars
> Task :coreui:extractDeepLinksForAarRelease UP-TO-DATE
> Task :coreui:extractReleaseAnnotations
> Task :coreui:mergeReleaseConsumerProguardFiles
> Task :coreui:mergeReleaseJavaResource
> Task :coreui:syncReleaseLibJars
> Task :coreui:bundleReleaseLocalLintAar
> Task :navigation:stripReleaseDebugSymbols NO-SOURCE
> Task :navigation:copyReleaseJniLibsProjectAndLocalJars
> Task :navigation:extractDeepLinksForAarRelease UP-TO-DATE
> Task :navigation:extractReleaseAnnotations
> Task :navigation:mergeReleaseConsumerProguardFiles
> Task :navigation:mergeReleaseJavaResource
> Task :navigation:syncReleaseLibJars
> Task :navigation:bundleReleaseLocalLintAar
> Task :tooling:local_database:stripReleaseDebugSymbols NO-SOURCE
> Task :tooling:local_database:copyReleaseJniLibsProjectAndLocalJars
> Task :tooling:local_database:extractDeepLinksForAarRelease UP-TO-DATE
> Task :tooling:local_database:extractReleaseAnnotations
> Task :tooling:local_database:mergeReleaseConsumerProguardFiles UP-TO-DATE
> Task :tooling:local_database:mergeReleaseJavaResource
> Task :tooling:local_database:syncReleaseLibJars
> Task :tooling:local_database:bundleReleaseLocalLintAar
> Task :app:compileFullReleaseJavaWithJavac
> Task :tooling:epub_parser:stripReleaseDebugSymbols NO-SOURCE
> Task :tooling:epub_parser:copyReleaseJniLibsProjectAndLocalJars
> Task :tooling:epub_parser:extractDeepLinksForAarRelease UP-TO-DATE
> Task :tooling:epub_parser:extractReleaseAnnotations
> Task :tooling:epub_parser:mergeReleaseConsumerProguardFiles UP-TO-DATE
> Task :tooling:epub_parser:mergeReleaseJavaResource
> Task :tooling:epub_parser:syncReleaseLibJars
> Task :tooling:epub_parser:bundleReleaseLocalLintAar
> Task :tooling:text_translator:domain:stripReleaseDebugSymbols NO-SOURCE
> Task :tooling:text_translator:domain:copyReleaseJniLibsProjectAndLocalJars
> Task :tooling:text_translator:domain:extractDeepLinksForAarRelease UP-TO-DATE
> Task :tooling:text_translator:domain:extractReleaseAnnotations
> Task :tooling:text_translator:domain:mergeReleaseConsumerProguardFiles UP-TO-DATE
> Task :tooling:text_translator:domain:mergeReleaseJavaResource
> Task :tooling:text_translator:domain:syncReleaseLibJars
> Task :app:hiltAggregateDepsFullRelease
> Task :tooling:text_translator:domain:bundleReleaseLocalLintAar
> Task :tooling:text_to_speech:stripReleaseDebugSymbols NO-SOURCE
> Task :tooling:text_to_speech:copyReleaseJniLibsProjectAndLocalJars
> Task :tooling:text_to_speech:extractDeepLinksForAarRelease UP-TO-DATE
> Task :tooling:text_to_speech:extractReleaseAnnotations
> Task :tooling:text_to_speech:mergeReleaseConsumerProguardFiles UP-TO-DATE
> Task :tooling:text_to_speech:mergeReleaseJavaResource
> Task :tooling:text_to_speech:syncReleaseLibJars
> Task :tooling:text_to_speech:bundleReleaseLocalLintAar
> Task :scraper:stripReleaseDebugSymbols NO-SOURCE
> Task :scraper:copyReleaseJniLibsProjectAndLocalJars
> Task :scraper:extractDeepLinksForAarRelease UP-TO-DATE
> Task :scraper:extractReleaseAnnotations
> Task :scraper:mergeReleaseConsumerProguardFiles UP-TO-DATE
> Task :scraper:mergeReleaseJavaResource
> Task :scraper:syncReleaseLibJars
> Task :scraper:bundleReleaseLocalLintAar
> Task :networking:stripReleaseDebugSymbols NO-SOURCE
> Task :networking:copyReleaseJniLibsProjectAndLocalJars
> Task :networking:extractDeepLinksForAarRelease UP-TO-DATE
> Task :networking:extractReleaseAnnotations
> Task :networking:mergeReleaseConsumerProguardFiles UP-TO-DATE
> Task :networking:mergeReleaseJavaResource
> Task :networking:syncReleaseLibJars
> Task :networking:bundleReleaseLocalLintAar
> Task :scraper:extension-manager:stripReleaseDebugSymbols NO-SOURCE
> Task :scraper:extension-manager:copyReleaseJniLibsProjectAndLocalJars
> Task :scraper:extension-manager:extractDeepLinksForAarRelease UP-TO-DATE
> Task :scraper:extension-manager:extractReleaseAnnotations
> Task :scraper:extension-manager:mergeReleaseConsumerProguardFiles UP-TO-DATE
> Task :scraper:extension-manager:mergeReleaseJavaResource
> Task :scraper:extension-manager:syncReleaseLibJars
> Task :scraper:extension-manager:bundleReleaseLocalLintAar
> Task :scraper:api:stripReleaseDebugSymbols NO-SOURCE
> Task :scraper:api:copyReleaseJniLibsProjectAndLocalJars
> Task :scraper:api:extractDeepLinksForAarRelease UP-TO-DATE
> Task :scraper:api:extractReleaseAnnotations
> Task :scraper:api:mergeReleaseConsumerProguardFiles UP-TO-DATE
> Task :scraper:api:mergeReleaseJavaResource
> Task :scraper:api:syncReleaseLibJars
> Task :scraper:api:bundleReleaseLocalLintAar
> Task :core:stripReleaseDebugSymbols NO-SOURCE
> Task :core:copyReleaseJniLibsProjectAndLocalJars
> Task :core:extractDeepLinksForAarRelease UP-TO-DATE
> Task :core:extractReleaseAnnotations
> Task :core:mergeReleaseConsumerProguardFiles UP-TO-DATE
> Task :core:mergeReleaseJavaResource
> Task :core:syncReleaseLibJars
> Task :core:bundleReleaseLocalLintAar
> Task :strings:stripReleaseDebugSymbols NO-SOURCE
> Task :strings:copyReleaseJniLibsProjectAndLocalJars
> Task :strings:extractDeepLinksForAarRelease UP-TO-DATE
> Task :strings:extractReleaseAnnotations
> Task :strings:mergeReleaseConsumerProguardFiles UP-TO-DATE
> Task :strings:mergeReleaseJavaResource
> Task :strings:syncReleaseLibJars
> Task :strings:bundleReleaseLocalLintAar
> Task :tooling:algorithms:stripReleaseDebugSymbols NO-SOURCE
> Task :tooling:algorithms:copyReleaseJniLibsProjectAndLocalJars
> Task :tooling:algorithms:extractDeepLinksForAarRelease UP-TO-DATE
> Task :tooling:algorithms:extractReleaseAnnotations
> Task :tooling:algorithms:mergeReleaseConsumerProguardFiles UP-TO-DATE
> Task :tooling:algorithms:mergeReleaseJavaResource
> Task :tooling:algorithms:syncReleaseLibJars
> Task :tooling:algorithms:bundleReleaseLocalLintAar
> Task :strings:writeReleaseLintModelMetadata
> Task :app:hiltJavaCompileFullRelease
> Task :app:transformFullReleaseClassesWithAsm
> Task :app:expandFullReleaseArtProfileWildcards
> Task :app:mergeFullReleaseGeneratedProguardFiles UP-TO-DATE
> Task :app:processFullReleaseJavaRes
> Task :app:mergeFullReleaseJavaResource
> Task :core:lintVitalAnalyzeRelease
> Task :app:generateFullReleaseLintVitalReportModel
> Task :core:writeReleaseLintModelMetadata
> Task :tooling:local_database:writeReleaseLintModelMetadata
> Task :app:minifyFullReleaseWithR8
> Task :coreui:lintVitalAnalyzeRelease
> Task :coreui:writeReleaseLintModelMetadata
> Task :networking:writeReleaseLintModelMetadata
> Task :scraper:writeReleaseLintModelMetadata
> Task :scraper:api:writeReleaseLintModelMetadata
> Task :scraper:extension-manager:writeReleaseLintModelMetadata
> Task :tooling:epub_parser:writeReleaseLintModelMetadata
> Task :data:lintVitalAnalyzeRelease
> Task :data:writeReleaseLintModelMetadata
> Task :navigation:lintVitalAnalyzeRelease
> Task :navigation:writeReleaseLintModelMetadata
> Task :networking:lintVitalAnalyzeRelease
> Task :scraper:lintVitalAnalyzeRelease
> Task :strings:lintVitalAnalyzeRelease
> Task :features:catalogExplorer:lintVitalAnalyzeRelease
> Task :features:catalogExplorer:writeReleaseLintModelMetadata
> Task :features:chaptersList:lintVitalAnalyzeRelease
> Task :features:chaptersList:writeReleaseLintModelMetadata
> Task :features:databaseExplorer:lintVitalAnalyzeRelease
> Task :features:databaseExplorer:writeReleaseLintModelMetadata
