To honour the JVM settings for this build a single-use Daemon process will be forked. For more on this, please refer to https://docs.gradle.org/8.13/userguide/gradle_daemon.html#sec:disabling_the_daemon in the Gradle documentation.
Daemon will be stopped at the end of the build 
Calculating task graph as no cached configuration is available for tasks: compileReleaseKotlin
Type-safe project accessors is an incubating feature.
> Task :build-logic:convention:checkKotlinGradlePluginConfigurationErrors SKIPPED
> Task :build-logic:convention:compileKotlin UP-TO-DATE
> Task :build-logic:convention:compileJava NO-SOURCE
> Task :build-logic:convention:pluginDescriptors UP-TO-DATE
> Task :build-logic:convention:processResources UP-TO-DATE
> Task :build-logic:convention:classes UP-TO-DATE
> Task :build-logic:convention:jar UP-TO-DATE

> Configure project :app
localPropertiesFilePath: local.properties
hasDefaultSigningConfigData: true

> Task :core:checkKotlinGradlePluginConfigurationErrors SKIPPED
> Task :core:preBuild UP-TO-DATE
> Task :core:preReleaseBuild UP-TO-DATE
> Task :core:generateReleaseResValues UP-TO-DATE
> Task :core:generateReleaseBuildConfig UP-TO-DATE
> Task :strings:preBuild UP-TO-DATE
> Task :strings:preReleaseBuild UP-TO-DATE
> Task :strings:generateReleaseResValues UP-TO-DATE
> Task :core:generateReleaseResources UP-TO-DATE
> Task :strings:generateReleaseResources UP-TO-DATE
> Task :strings:checkKotlinGradlePluginConfigurationErrors SKIPPED
> Task :strings:generateReleaseBuildConfig UP-TO-DATE
> Task :core:packageReleaseResources UP-TO-DATE
> Task :strings:javaPreCompileRelease UP-TO-DATE
> Task :core:parseReleaseLocalResources UP-TO-DATE
> Task :strings:packageReleaseResources UP-TO-DATE
> Task :core:javaPreCompileRelease UP-TO-DATE
> Task :strings:parseReleaseLocalResources UP-TO-DATE
> Task :coreui:checkKotlinGradlePluginConfigurationErrors SKIPPED
> Task :coreui:preBuild UP-TO-DATE
> Task :coreui:preReleaseBuild UP-TO-DATE
> Task :coreui:generateReleaseBuildConfig UP-TO-DATE
> Task :coreui:generateReleaseResValues UP-TO-DATE
> Task :coreui:generateReleaseResources UP-TO-DATE
> Task :coreui:packageReleaseResources UP-TO-DATE
> Task :coreui:parseReleaseLocalResources UP-TO-DATE
> Task :tooling:local_database:preBuild UP-TO-DATE
> Task :tooling:local_database:preReleaseBuild UP-TO-DATE
> Task :tooling:local_database:generateReleaseResValues UP-TO-DATE
> Task :tooling:local_database:generateReleaseResources UP-TO-DATE
> Task :tooling:local_database:packageReleaseResources UP-TO-DATE
> Task :tooling:local_database:parseReleaseLocalResources UP-TO-DATE
> Task :tooling:local_database:checkKotlinGradlePluginConfigurationErrors SKIPPED
> Task :tooling:local_database:generateReleaseBuildConfig UP-TO-DATE
> Task :tooling:local_database:javaPreCompileRelease UP-TO-DATE
> Task :data:checkKotlinGradlePluginConfigurationErrors SKIPPED
> Task :data:preBuild UP-TO-DATE
> Task :data:preReleaseBuild UP-TO-DATE
> Task :data:generateReleaseBuildConfig UP-TO-DATE
> Task :data:generateReleaseResValues UP-TO-DATE
> Task :data:generateReleaseResources UP-TO-DATE
> Task :data:packageReleaseResources UP-TO-DATE
> Task :data:parseReleaseLocalResources UP-TO-DATE
> Task :networking:preBuild UP-TO-DATE
> Task :networking:preReleaseBuild UP-TO-DATE
> Task :networking:generateReleaseResValues UP-TO-DATE
> Task :networking:generateReleaseResources UP-TO-DATE
> Task :networking:packageReleaseResources UP-TO-DATE
> Task :networking:parseReleaseLocalResources UP-TO-DATE
> Task :scraper:preBuild UP-TO-DATE
> Task :scraper:preReleaseBuild UP-TO-DATE
> Task :scraper:generateReleaseResValues UP-TO-DATE
> Task :scraper:generateReleaseResources UP-TO-DATE
> Task :scraper:packageReleaseResources UP-TO-DATE
> Task :scraper:parseReleaseLocalResources UP-TO-DATE
> Task :scraper:api:preBuild UP-TO-DATE
> Task :scraper:api:preReleaseBuild UP-TO-DATE
> Task :scraper:api:generateReleaseResValues UP-TO-DATE
> Task :scraper:api:generateReleaseResources UP-TO-DATE
> Task :scraper:api:packageReleaseResources UP-TO-DATE
> Task :scraper:api:parseReleaseLocalResources UP-TO-DATE
> Task :scraper:extension-manager:preBuild UP-TO-DATE
> Task :scraper:extension-manager:preReleaseBuild UP-TO-DATE
> Task :scraper:extension-manager:generateReleaseResValues UP-TO-DATE
> Task :scraper:extension-manager:generateReleaseResources UP-TO-DATE
> Task :scraper:extension-manager:packageReleaseResources UP-TO-DATE
> Task :scraper:extension-manager:parseReleaseLocalResources UP-TO-DATE
> Task :tooling:epub_parser:preBuild UP-TO-DATE
> Task :tooling:epub_parser:preReleaseBuild UP-TO-DATE
> Task :tooling:epub_parser:generateReleaseResValues UP-TO-DATE
> Task :tooling:epub_parser:generateReleaseResources UP-TO-DATE
> Task :tooling:epub_parser:packageReleaseResources UP-TO-DATE
> Task :tooling:epub_parser:parseReleaseLocalResources UP-TO-DATE
> Task :networking:checkKotlinGradlePluginConfigurationErrors SKIPPED
> Task :networking:generateReleaseBuildConfig UP-TO-DATE
> Task :networking:javaPreCompileRelease UP-TO-DATE
> Task :scraper:checkKotlinGradlePluginConfigurationErrors SKIPPED
> Task :scraper:generateReleaseBuildConfig UP-TO-DATE
> Task :scraper:api:checkKotlinGradlePluginConfigurationErrors SKIPPED
> Task :scraper:api:generateReleaseBuildConfig UP-TO-DATE
> Task :scraper:api:javaPreCompileRelease UP-TO-DATE
> Task :scraper:extension-manager:checkKotlinGradlePluginConfigurationErrors SKIPPED
> Task :scraper:extension-manager:generateReleaseBuildConfig UP-TO-DATE
> Task :scraper:extension-manager:javaPreCompileRelease UP-TO-DATE
> Task :scraper:javaPreCompileRelease UP-TO-DATE
> Task :tooling:epub_parser:checkKotlinGradlePluginConfigurationErrors SKIPPED
> Task :tooling:epub_parser:generateReleaseBuildConfig UP-TO-DATE
> Task :tooling:epub_parser:javaPreCompileRelease UP-TO-DATE
> Task :navigation:checkKotlinGradlePluginConfigurationErrors SKIPPED
> Task :navigation:preBuild UP-TO-DATE
> Task :navigation:preReleaseBuild UP-TO-DATE
> Task :navigation:generateReleaseBuildConfig UP-TO-DATE
> Task :navigation:generateReleaseResValues UP-TO-DATE
> Task :navigation:generateReleaseResources UP-TO-DATE
> Task :strings:generateReleaseRFile UP-TO-DATE
> Task :navigation:packageReleaseResources UP-TO-DATE
> Task :core:generateReleaseRFile UP-TO-DATE
> Task :strings:kspReleaseKotlin UP-TO-DATE
> Task :tooling:local_database:generateReleaseRFile UP-TO-DATE
> Task :strings:compileReleaseKotlin NO-SOURCE
> Task :strings:compileReleaseJavaWithJavac UP-TO-DATE
> Task :coreui:generateReleaseRFile UP-TO-DATE
> Task :strings:transformReleaseClassesWithAsm UP-TO-DATE
> Task :strings:bundleLibCompileToJarRelease UP-TO-DATE
> Task :networking:generateReleaseRFile UP-TO-DATE
> Task :strings:bundleLibRuntimeToJarRelease UP-TO-DATE
> Task :scraper:api:generateReleaseRFile UP-TO-DATE
> Task :scraper:extension-manager:generateReleaseRFile UP-TO-DATE
> Task :scraper:generateReleaseRFile UP-TO-DATE
> Task :tooling:epub_parser:generateReleaseRFile UP-TO-DATE
> Task :data:generateReleaseRFile UP-TO-DATE
> Task :navigation:parseReleaseLocalResources UP-TO-DATE
> Task :navigation:generateReleaseRFile UP-TO-DATE
> Task :coreui:javaPreCompileRelease UP-TO-DATE
> Task :data:javaPreCompileRelease UP-TO-DATE
> Task :navigation:javaPreCompileRelease UP-TO-DATE
> Task :features:catalogExplorer:checkKotlinGradlePluginConfigurationErrors SKIPPED
> Task :features:catalogExplorer:preBuild UP-TO-DATE
> Task :features:catalogExplorer:preReleaseBuild UP-TO-DATE
> Task :features:catalogExplorer:generateReleaseBuildConfig UP-TO-DATE
> Task :features:catalogExplorer:generateReleaseResValues UP-TO-DATE
> Task :features:catalogExplorer:generateReleaseResources UP-TO-DATE
> Task :features:catalogExplorer:packageReleaseResources UP-TO-DATE
> Task :core:kspReleaseKotlin UP-TO-DATE
> Task :features:catalogExplorer:parseReleaseLocalResources UP-TO-DATE
> Task :features:catalogExplorer:generateReleaseRFile UP-TO-DATE
> Task :features:chaptersList:checkKotlinGradlePluginConfigurationErrors SKIPPED
> Task :features:chaptersList:preBuild UP-TO-DATE
> Task :features:chaptersList:preReleaseBuild UP-TO-DATE
> Task :features:chaptersList:generateReleaseBuildConfig UP-TO-DATE
> Task :features:chaptersList:generateReleaseResValues UP-TO-DATE
> Task :features:chaptersList:generateReleaseResources UP-TO-DATE
> Task :features:chaptersList:packageReleaseResources UP-TO-DATE
> Task :features:chaptersList:parseReleaseLocalResources UP-TO-DATE
> Task :core:compileReleaseKotlin UP-TO-DATE
> Task :features:chaptersList:generateReleaseRFile UP-TO-DATE
> Task :features:databaseExplorer:checkKotlinGradlePluginConfigurationErrors SKIPPED
> Task :features:databaseExplorer:preBuild UP-TO-DATE
> Task :features:databaseExplorer:preReleaseBuild UP-TO-DATE
> Task :features:databaseExplorer:generateReleaseBuildConfig UP-TO-DATE
> Task :features:databaseExplorer:generateReleaseResValues UP-TO-DATE
> Task :core:compileReleaseJavaWithJavac UP-TO-DATE
> Task :features:databaseExplorer:generateReleaseResources UP-TO-DATE
> Task :features:databaseExplorer:packageReleaseResources UP-TO-DATE
> Task :features:databaseExplorer:parseReleaseLocalResources UP-TO-DATE
> Task :features:databaseExplorer:generateReleaseRFile UP-TO-DATE
> Task :features:globalSourceSearch:checkKotlinGradlePluginConfigurationErrors SKIPPED
> Task :features:globalSourceSearch:preBuild UP-TO-DATE
> Task :features:globalSourceSearch:preReleaseBuild UP-TO-DATE
> Task :features:globalSourceSearch:generateReleaseBuildConfig UP-TO-DATE
> Task :features:globalSourceSearch:generateReleaseResValues UP-TO-DATE
> Task :features:globalSourceSearch:generateReleaseResources UP-TO-DATE
> Task :features:globalSourceSearch:packageReleaseResources UP-TO-DATE
> Task :features:globalSourceSearch:parseReleaseLocalResources UP-TO-DATE
> Task :features:globalSourceSearch:generateReleaseRFile UP-TO-DATE
> Task :features:libraryExplorer:checkKotlinGradlePluginConfigurationErrors SKIPPED
> Task :features:libraryExplorer:preBuild UP-TO-DATE
> Task :features:libraryExplorer:preReleaseBuild UP-TO-DATE
> Task :features:libraryExplorer:generateReleaseBuildConfig UP-TO-DATE
> Task :features:libraryExplorer:generateReleaseResValues UP-TO-DATE
> Task :features:libraryExplorer:generateReleaseResources UP-TO-DATE
> Task :features:libraryExplorer:packageReleaseResources UP-TO-DATE
> Task :features:libraryExplorer:parseReleaseLocalResources UP-TO-DATE
> Task :tooling:epub_importer:preBuild UP-TO-DATE
> Task :tooling:epub_importer:preReleaseBuild UP-TO-DATE
> Task :tooling:epub_importer:generateReleaseResValues UP-TO-DATE
> Task :core:transformReleaseClassesWithAsm UP-TO-DATE
> Task :tooling:epub_importer:generateReleaseResources UP-TO-DATE
> Task :core:bundleLibRuntimeToJarRelease UP-TO-DATE
> Task :core:bundleLibCompileToJarRelease UP-TO-DATE
> Task :tooling:epub_importer:packageReleaseResources UP-TO-DATE
> Task :tooling:local_database:kspReleaseKotlin UP-TO-DATE
> Task :networking:kspReleaseKotlin UP-TO-DATE
> Task :networking:compileReleaseKotlin UP-TO-DATE
> Task :tooling:local_database:compileReleaseKotlin UP-TO-DATE
> Task :networking:compileReleaseJavaWithJavac UP-TO-DATE
> Task :tooling:local_database:compileReleaseJavaWithJavac UP-TO-DATE
> Task :tooling:local_database:transformReleaseClassesWithAsm UP-TO-DATE
> Task :networking:transformReleaseClassesWithAsm UP-TO-DATE
> Task :tooling:local_database:bundleLibCompileToJarRelease UP-TO-DATE
> Task :networking:bundleLibCompileToJarRelease UP-TO-DATE
> Task :networking:bundleLibRuntimeToJarRelease UP-TO-DATE
> Task :scraper:api:kspReleaseKotlin UP-TO-DATE
> Task :coreui:kspReleaseKotlin UP-TO-DATE
> Task :scraper:api:compileReleaseKotlin UP-TO-DATE
> Task :scraper:api:compileReleaseJavaWithJavac UP-TO-DATE
> Task :scraper:api:transformReleaseClassesWithAsm UP-TO-DATE
> Task :scraper:api:bundleLibCompileToJarRelease UP-TO-DATE
> Task :scraper:api:bundleLibRuntimeToJarRelease UP-TO-DATE
> Task :scraper:extension-manager:kspReleaseKotlin UP-TO-DATE
> Task :coreui:compileReleaseKotlin UP-TO-DATE
> Task :tooling:epub_parser:kspReleaseKotlin UP-TO-DATE
> Task :scraper:extension-manager:compileReleaseKotlin UP-TO-DATE
> Task :scraper:extension-manager:compileReleaseJavaWithJavac UP-TO-DATE
> Task :tooling:epub_parser:compileReleaseKotlin UP-TO-DATE
> Task :scraper:extension-manager:transformReleaseClassesWithAsm UP-TO-DATE
> Task :scraper:extension-manager:bundleLibCompileToJarRelease UP-TO-DATE
> Task :tooling:epub_parser:compileReleaseJavaWithJavac UP-TO-DATE
> Task :scraper:extension-manager:bundleLibRuntimeToJarRelease UP-TO-DATE
> Task :scraper:kspReleaseKotlin UP-TO-DATE
> Task :tooling:epub_parser:transformReleaseClassesWithAsm UP-TO-DATE
> Task :tooling:epub_parser:bundleLibCompileToJarRelease UP-TO-DATE
> Task :navigation:kspReleaseKotlin UP-TO-DATE
> Task :scraper:compileReleaseKotlin UP-TO-DATE
> Task :navigation:compileReleaseKotlin UP-TO-DATE
> Task :scraper:compileReleaseJavaWithJavac UP-TO-DATE
> Task :coreui:compileReleaseJavaWithJavac UP-TO-DATE
> Task :tooling:local_database:bundleLibRuntimeToJarRelease UP-TO-DATE
> Task :scraper:transformReleaseClassesWithAsm UP-TO-DATE
> Task :scraper:bundleLibCompileToJarRelease UP-TO-DATE
> Task :coreui:transformReleaseClassesWithAsm UP-TO-DATE
> Task :coreui:bundleLibCompileToJarRelease UP-TO-DATE
> Task :scraper:bundleLibRuntimeToJarRelease UP-TO-DATE
> Task :data:kspReleaseKotlin UP-TO-DATE
> Task :tooling:epub_parser:bundleLibRuntimeToJarRelease UP-TO-DATE
> Task :navigation:compileReleaseJavaWithJavac UP-TO-DATE
> Task :navigation:transformReleaseClassesWithAsm UP-TO-DATE
> Task :navigation:bundleLibCompileToJarRelease UP-TO-DATE
> Task :tooling:epub_importer:parseReleaseLocalResources UP-TO-DATE
> Task :data:compileReleaseKotlin UP-TO-DATE
> Task :tooling:epub_importer:generateReleaseRFile UP-TO-DATE
> Task :tooling:text_translator:domain:preBuild UP-TO-DATE
> Task :tooling:text_translator:domain:preReleaseBuild UP-TO-DATE
> Task :data:compileReleaseJavaWithJavac UP-TO-DATE
> Task :tooling:text_translator:domain:generateReleaseResValues UP-TO-DATE
> Task :tooling:text_translator:domain:generateReleaseResources UP-TO-DATE
> Task :tooling:text_translator:domain:packageReleaseResources UP-TO-DATE
> Task :data:transformReleaseClassesWithAsm UP-TO-DATE
> Task :tooling:text_translator:domain:parseReleaseLocalResources UP-TO-DATE
> Task :data:bundleLibCompileToJarRelease UP-TO-DATE
> Task :tooling:text_translator:domain:generateReleaseRFile UP-TO-DATE
> Task :features:catalogExplorer:kspReleaseKotlin UP-TO-DATE
> Task :features:chaptersList:kspReleaseKotlin UP-TO-DATE
> Task :features:catalogExplorer:compileReleaseKotlin UP-TO-DATE
> Task :features:chaptersList:compileReleaseKotlin UP-TO-DATE
> Task :features:globalSourceSearch:kspReleaseKotlin UP-TO-DATE
> Task :features:databaseExplorer:kspReleaseKotlin UP-TO-DATE
> Task :features:globalSourceSearch:compileReleaseKotlin UP-TO-DATE
> Task :features:libraryExplorer:generateReleaseRFile UP-TO-DATE
> Task :features:databaseExplorer:compileReleaseKotlin UP-TO-DATE
> Task :coreui:bundleLibRuntimeToJarRelease UP-TO-DATE
> Task :tooling:epub_importer:checkKotlinGradlePluginConfigurationErrors SKIPPED
> Task :data:bundleLibRuntimeToJarRelease UP-TO-DATE
> Task :tooling:epub_importer:javaPreCompileRelease UP-TO-DATE
> Task :tooling:text_translator:domain:checkKotlinGradlePluginConfigurationErrors SKIPPED
> Task :tooling:epub_importer:generateReleaseBuildConfig UP-TO-DATE
> Task :tooling:text_translator:domain:generateReleaseBuildConfig UP-TO-DATE
> Task :tooling:epub_importer:kspReleaseKotlin UP-TO-DATE
> Task :tooling:text_translator:domain:kspReleaseKotlin UP-TO-DATE
> Task :tooling:epub_importer:compileReleaseKotlin UP-TO-DATE
> Task :tooling:epub_importer:compileReleaseJavaWithJavac UP-TO-DATE
> Task :tooling:epub_importer:transformReleaseClassesWithAsm UP-TO-DATE
> Task :tooling:epub_importer:bundleLibCompileToJarRelease UP-TO-DATE
> Task :tooling:text_translator:domain:compileReleaseKotlin UP-TO-DATE
> Task :features:reader:checkKotlinGradlePluginConfigurationErrors SKIPPED
> Task :features:reader:preBuild UP-TO-DATE
> Task :features:reader:preReleaseBuild UP-TO-DATE
> Task :tooling:text_translator:domain:javaPreCompileRelease UP-TO-DATE
> Task :tooling:text_translator:domain:compileReleaseJavaWithJavac UP-TO-DATE
> Task :tooling:text_translator:domain:transformReleaseClassesWithAsm UP-TO-DATE
> Task :tooling:text_translator:domain:bundleLibCompileToJarRelease UP-TO-DATE
> Task :features:reader:dataBindingMergeDependencyArtifactsRelease UP-TO-DATE
> Task :features:reader:generateReleaseResValues UP-TO-DATE
> Task :features:reader:generateReleaseResources UP-TO-DATE
> Task :features:reader:packageReleaseResources UP-TO-DATE
> Task :features:reader:dataBindingGenBaseClassesRelease UP-TO-DATE
> Task :features:reader:generateReleaseBuildConfig UP-TO-DATE
> Task :features:reader:parseReleaseLocalResources UP-TO-DATE
> Task :tooling:algorithms:preBuild UP-TO-DATE
> Task :tooling:algorithms:preReleaseBuild UP-TO-DATE
> Task :tooling:algorithms:generateReleaseResValues UP-TO-DATE
> Task :tooling:algorithms:generateReleaseResources UP-TO-DATE
> Task :features:libraryExplorer:kspReleaseKotlin UP-TO-DATE
> Task :tooling:algorithms:packageReleaseResources UP-TO-DATE
> Task :tooling:algorithms:parseReleaseLocalResources UP-TO-DATE
> Task :features:libraryExplorer:compileReleaseKotlin UP-TO-DATE
> Task :tooling:algorithms:generateReleaseRFile UP-TO-DATE
> Task :tooling:algorithms:checkKotlinGradlePluginConfigurationErrors SKIPPED
> Task :tooling:text_to_speech:preBuild UP-TO-DATE
> Task :tooling:text_to_speech:preReleaseBuild UP-TO-DATE
> Task :tooling:text_to_speech:generateReleaseResValues UP-TO-DATE
> Task :tooling:algorithms:generateReleaseBuildConfig UP-TO-DATE
> Task :tooling:text_to_speech:generateReleaseResources UP-TO-DATE
> Task :tooling:text_to_speech:packageReleaseResources UP-TO-DATE
> Task :tooling:text_to_speech:parseReleaseLocalResources UP-TO-DATE
> Task :tooling:text_to_speech:generateReleaseRFile UP-TO-DATE
> Task :tooling:algorithms:kspReleaseKotlin UP-TO-DATE
> Task :features:reader:generateReleaseRFile UP-TO-DATE
> Task :tooling:algorithms:javaPreCompileRelease UP-TO-DATE
> Task :tooling:text_to_speech:checkKotlinGradlePluginConfigurationErrors SKIPPED
> Task :tooling:text_to_speech:generateReleaseBuildConfig UP-TO-DATE
> Task :tooling:text_to_speech:javaPreCompileRelease UP-TO-DATE
> Task :features:settings:checkKotlinGradlePluginConfigurationErrors SKIPPED
> Task :features:settings:preBuild UP-TO-DATE
> Task :features:settings:preReleaseBuild UP-TO-DATE
> Task :features:settings:generateReleaseBuildConfig UP-TO-DATE
> Task :features:settings:generateReleaseResValues UP-TO-DATE
> Task :features:settings:generateReleaseResources UP-TO-DATE
> Task :features:settings:packageReleaseResources UP-TO-DATE
> Task :features:settings:parseReleaseLocalResources UP-TO-DATE
> Task :tooling:backup_create:preBuild UP-TO-DATE
> Task :tooling:backup_create:preReleaseBuild UP-TO-DATE
> Task :tooling:backup_create:generateReleaseResValues UP-TO-DATE
> Task :tooling:backup_create:generateReleaseResources UP-TO-DATE
> Task :tooling:backup_create:packageReleaseResources UP-TO-DATE
> Task :tooling:backup_create:parseReleaseLocalResources UP-TO-DATE
> Task :tooling:backup_create:generateReleaseRFile UP-TO-DATE
> Task :tooling:backup_restore:preBuild UP-TO-DATE
> Task :tooling:backup_restore:preReleaseBuild UP-TO-DATE
> Task :tooling:algorithms:compileReleaseKotlin UP-TO-DATE
> Task :tooling:backup_restore:generateReleaseResValues UP-TO-DATE
> Task :tooling:backup_restore:generateReleaseResources UP-TO-DATE
> Task :tooling:algorithms:compileReleaseJavaWithJavac UP-TO-DATE
> Task :tooling:backup_restore:packageReleaseResources UP-TO-DATE
> Task :tooling:backup_restore:parseReleaseLocalResources UP-TO-DATE
> Task :tooling:backup_restore:generateReleaseRFile UP-TO-DATE
> Task :features:settings:generateReleaseRFile UP-TO-DATE
> Task :tooling:backup_create:checkKotlinGradlePluginConfigurationErrors SKIPPED
> Task :tooling:backup_create:generateReleaseBuildConfig UP-TO-DATE
> Task :tooling:algorithms:transformReleaseClassesWithAsm UP-TO-DATE
> Task :tooling:algorithms:bundleLibCompileToJarRelease UP-TO-DATE
> Task :tooling:backup_create:kspReleaseKotlin UP-TO-DATE
> Task :tooling:algorithms:bundleLibRuntimeToJarRelease UP-TO-DATE
> Task :tooling:text_to_speech:kspReleaseKotlin UP-TO-DATE
> Task :tooling:backup_create:compileReleaseKotlin UP-TO-DATE
> Task :tooling:backup_create:javaPreCompileRelease UP-TO-DATE
> Task :tooling:backup_create:compileReleaseJavaWithJavac UP-TO-DATE
> Task :tooling:text_to_speech:compileReleaseKotlin UP-TO-DATE
> Task :tooling:backup_create:transformReleaseClassesWithAsm UP-TO-DATE
> Task :tooling:text_to_speech:compileReleaseJavaWithJavac UP-TO-DATE
> Task :tooling:backup_create:bundleLibCompileToJarRelease UP-TO-DATE
> Task :tooling:backup_restore:checkKotlinGradlePluginConfigurationErrors SKIPPED
> Task :tooling:backup_restore:generateReleaseBuildConfig UP-TO-DATE
> Task :tooling:text_to_speech:transformReleaseClassesWithAsm UP-TO-DATE
> Task :tooling:text_to_speech:bundleLibCompileToJarRelease UP-TO-DATE
> Task :tooling:backup_restore:kspReleaseKotlin UP-TO-DATE
> Task :features:reader:kspReleaseKotlin UP-TO-DATE
> Task :tooling:backup_restore:compileReleaseKotlin UP-TO-DATE
> Task :tooling:backup_restore:javaPreCompileRelease UP-TO-DATE
> Task :tooling:backup_restore:compileReleaseJavaWithJavac UP-TO-DATE
> Task :tooling:backup_restore:transformReleaseClassesWithAsm UP-TO-DATE
> Task :tooling:backup_restore:bundleLibCompileToJarRelease UP-TO-DATE
> Task :features:settings:kspReleaseKotlin UP-TO-DATE
> Task :features:reader:compileReleaseKotlin UP-TO-DATE
> Task :features:sourceExplorer:checkKotlinGradlePluginConfigurationErrors SKIPPED
> Task :features:sourceExplorer:preBuild UP-TO-DATE
> Task :features:sourceExplorer:preReleaseBuild UP-TO-DATE
> Task :features:sourceExplorer:generateReleaseBuildConfig UP-TO-DATE
> Task :features:sourceExplorer:generateReleaseResValues UP-TO-DATE
> Task :features:sourceExplorer:generateReleaseResources UP-TO-DATE
> Task :features:sourceExplorer:packageReleaseResources UP-TO-DATE
> Task :features:sourceExplorer:parseReleaseLocalResources UP-TO-DATE
> Task :features:settings:compileReleaseKotlin UP-TO-DATE
> Task :features:webview:checkKotlinGradlePluginConfigurationErrors SKIPPED
> Task :features:webview:preBuild UP-TO-DATE
> Task :features:webview:preReleaseBuild UP-TO-DATE
> Task :features:sourceExplorer:generateReleaseRFile UP-TO-DATE
> Task :features:webview:generateReleaseBuildConfig UP-TO-DATE
> Task :features:webview:generateReleaseResValues UP-TO-DATE
> Task :features:webview:generateReleaseResources UP-TO-DATE
> Task :features:webview:packageReleaseResources UP-TO-DATE
> Task :features:webview:parseReleaseLocalResources UP-TO-DATE
> Task :features:sourceExplorer:kspReleaseKotlin UP-TO-DATE
> Task :features:webview:generateReleaseRFile UP-TO-DATE
> Task :features:webview:kspReleaseKotlin UP-TO-DATE
> Task :features:sourceExplorer:compileReleaseKotlin UP-TO-DATE
> Task :tooling:application_workers:checkKotlinGradlePluginConfigurationErrors SKIPPED
> Task :tooling:application_workers:preBuild UP-TO-DATE
> Task :tooling:application_workers:preReleaseBuild UP-TO-DATE
> Task :tooling:application_workers:generateReleaseBuildConfig UP-TO-DATE
> Task :tooling:application_workers:generateReleaseResValues UP-TO-DATE
> Task :tooling:application_workers:generateReleaseResources UP-TO-DATE
> Task :features:webview:compileReleaseKotlin UP-TO-DATE
> Task :tooling:local_source:checkKotlinGradlePluginConfigurationErrors SKIPPED
> Task :tooling:local_source:preBuild UP-TO-DATE
> Task :tooling:local_source:preReleaseBuild UP-TO-DATE
> Task :tooling:application_workers:packageReleaseResources UP-TO-DATE
> Task :tooling:local_source:generateReleaseBuildConfig UP-TO-DATE
> Task :tooling:local_source:generateReleaseResValues UP-TO-DATE
> Task :tooling:application_workers:parseReleaseLocalResources UP-TO-DATE
> Task :tooling:local_source:generateReleaseResources UP-TO-DATE
> Task :tooling:local_source:packageReleaseResources UP-TO-DATE
> Task :tooling:local_source:parseReleaseLocalResources UP-TO-DATE
> Task :tooling:local_source:generateReleaseRFile UP-TO-DATE
> Task :tooling:application_workers:generateReleaseRFile UP-TO-DATE
> Task :tooling:local_source:kspReleaseKotlin UP-TO-DATE
> Task :tooling:application_workers:kspReleaseKotlin UP-TO-DATE
> Task :tooling:local_source:compileReleaseKotlin UP-TO-DATE
> Task :scraper:providers:royalroad:checkKotlinGradlePluginConfigurationErrors SKIPPED
> Task :scraper:providers:royalroad:preBuild UP-TO-DATE
> Task :scraper:providers:royalroad:preReleaseBuild UP-TO-DATE
> Task :tooling:application_workers:compileReleaseKotlin UP-TO-DATE
> Task :scraper:providers:royalroad:generateReleaseResValues
> Task :scraper:providers:royalroad:generateReleaseResources
> Task :scraper:providers:royalroad:generateReleaseBuildConfig
> Task :scraper:providers:template:checkKotlinGradlePluginConfigurationErrors SKIPPED
> Task :scraper:providers:template:preBuild UP-TO-DATE
> Task :scraper:providers:template:preReleaseBuild UP-TO-DATE
> Task :scraper:providers:template:generateReleaseBuildConfig
> Task :scraper:providers:template:generateReleaseResValues
> Task :scraper:providers:template:generateReleaseResources
> Task :tooling:text_translator:translator:checkKotlinGradlePluginConfigurationErrors SKIPPED
> Task :tooling:text_translator:translator:preBuild UP-TO-DATE
> Task :tooling:text_translator:translator:preReleaseBuild UP-TO-DATE
> Task :tooling:text_translator:translator:generateReleaseBuildConfig UP-TO-DATE
> Task :tooling:text_translator:translator:generateReleaseResValues UP-TO-DATE
> Task :tooling:text_translator:translator:generateReleaseResources UP-TO-DATE
> Task :tooling:text_translator:translator_nop:checkKotlinGradlePluginConfigurationErrors SKIPPED
> Task :tooling:text_translator:translator_nop:preBuild UP-TO-DATE
> Task :tooling:text_translator:translator_nop:preReleaseBuild UP-TO-DATE
> Task :tooling:text_translator:translator_nop:generateReleaseBuildConfig UP-TO-DATE
> Task :tooling:text_translator:translator_nop:generateReleaseResValues UP-TO-DATE
> Task :tooling:text_translator:translator_nop:generateReleaseResources UP-TO-DATE
> Task :scraper:providers:royalroad:packageReleaseResources
> Task :scraper:providers:template:packageReleaseResources
> Task :scraper:providers:royalroad:parseReleaseLocalResources
> Task :scraper:providers:template:parseReleaseLocalResources
> Task :scraper:providers:template:generateReleaseRFile
> Task :scraper:providers:royalroad:generateReleaseRFile
> Task :scraper:providers:template:kspReleaseKotlin
> Task :scraper:providers:royalroad:kspReleaseKotlin
> Task :scraper:providers:template:compileReleaseKotlin
> Task :scraper:providers:royalroad:compileReleaseKotlin
> Task :tooling:text_translator:translator:packageReleaseResources UP-TO-DATE
> Task :tooling:text_translator:translator:parseReleaseLocalResources UP-TO-DATE
> Task :tooling:text_translator:translator_nop:packageReleaseResources UP-TO-DATE
> Task :tooling:text_translator:translator_nop:parseReleaseLocalResources UP-TO-DATE
> Task :tooling:text_translator:translator_nop:generateReleaseRFile UP-TO-DATE
> Task :tooling:text_translator:translator_nop:kspReleaseKotlin UP-TO-DATE
> Task :tooling:text_translator:translator:generateReleaseRFile UP-TO-DATE
> Task :tooling:text_translator:translator_nop:compileReleaseKotlin UP-TO-DATE
> Task :tooling:text_translator:translator:kspReleaseKotlin UP-TO-DATE
> Task :tooling:text_translator:translator:compileReleaseKotlin UP-TO-DATE

[Incubating] Problems report is available at: file:///home/ubuntu/myNovelDokusha/build/reports/problems/problems-report.html

Deprecated Gradle features were used in this build, making it incompatible with Gradle 9.0.

You can use '--warning-mode all' to show the individual deprecation warnings and determine if they come from your own scripts or plugins.

For more on this, please refer to https://docs.gradle.org/8.13/userguide/command_line_interface.html#sec:command_line_warnings in the Gradle documentation.

BUILD SUCCESSFUL in 1m 30s
340 actionable tasks: 16 executed, 324 up-to-date
Configuration cache entry stored.
