To honour the JVM settings for this build a single-use Daemon process will be forked. For more on this, please refer to https://docs.gradle.org/8.13/userguide/gradle_daemon.html#sec:disabling_the_daemon in the Gradle documentation.
Daemon will be stopped at the end of the build 
Calculating task graph as no cached configuration is available for tasks: lintFullRelease
Type-safe project accessors is an incubating feature.
> Task :build-logic:convention:checkKotlinGradlePluginConfigurationErrors SKIPPED
> Task :build-logic:convention:compileKotlin UP-TO-DATE
> Task :build-logic:convention:compileJava NO-SOURCE
> Task :build-logic:convention:pluginDescriptors UP-TO-DATE
> Task :build-logic:convention:processResources UP-TO-DATE
> Task :build-logic:convention:classes UP-TO-DATE
> Task :build-logic:convention:jar UP-TO-DATE

> Configure project :app
localPropertiesFilePath: local.properties
hasDefaultSigningConfigData: true

> Task :app:checkKotlinGradlePluginConfigurationErrors SKIPPED
> Task :app:preBuild UP-TO-DATE
> Task :app:preFullReleaseBuild UP-TO-DATE
> Task :app:buildKotlinToolingMetadata UP-TO-DATE
> Task :app:generateFullReleaseResValues UP-TO-DATE
> Task :app:generateFullReleaseResources UP-TO-DATE
> Task :core:preBuild UP-TO-DATE
> Task :core:preReleaseBuild UP-TO-DATE
> Task :core:generateReleaseResValues UP-TO-DATE
> Task :core:generateReleaseResources UP-TO-DATE
> Task :core:packageReleaseResources UP-TO-DATE
> Task :coreui:preBuild UP-TO-DATE
> Task :coreui:preReleaseBuild UP-TO-DATE
> Task :coreui:generateReleaseResValues UP-TO-DATE
> Task :coreui:generateReleaseResources UP-TO-DATE
> Task :coreui:packageReleaseResources UP-TO-DATE
> Task :data:preBuild UP-TO-DATE
> Task :data:preReleaseBuild UP-TO-DATE
> Task :data:generateReleaseResValues UP-TO-DATE
> Task :data:generateReleaseResources UP-TO-DATE
> Task :data:packageReleaseResources UP-TO-DATE
> Task :navigation:preBuild UP-TO-DATE
> Task :navigation:preReleaseBuild UP-TO-DATE
> Task :navigation:generateReleaseResValues UP-TO-DATE
> Task :navigation:generateReleaseResources UP-TO-DATE
> Task :navigation:packageReleaseResources UP-TO-DATE
> Task :networking:preBuild UP-TO-DATE
> Task :networking:preReleaseBuild UP-TO-DATE
> Task :networking:generateReleaseResValues UP-TO-DATE
> Task :networking:generateReleaseResources UP-TO-DATE
> Task :networking:packageReleaseResources UP-TO-DATE
> Task :scraper:preBuild UP-TO-DATE
> Task :scraper:preReleaseBuild UP-TO-DATE
> Task :scraper:generateReleaseResValues UP-TO-DATE
> Task :scraper:generateReleaseResources UP-TO-DATE
> Task :scraper:packageReleaseResources UP-TO-DATE
> Task :strings:preBuild UP-TO-DATE
> Task :strings:preReleaseBuild UP-TO-DATE
> Task :strings:generateReleaseResValues UP-TO-DATE
> Task :strings:generateReleaseResources UP-TO-DATE
> Task :strings:packageReleaseResources UP-TO-DATE
> Task :features:catalogExplorer:preBuild UP-TO-DATE
> Task :features:catalogExplorer:preReleaseBuild UP-TO-DATE
> Task :features:catalogExplorer:generateReleaseResValues UP-TO-DATE
> Task :features:catalogExplorer:generateReleaseResources UP-TO-DATE
> Task :features:catalogExplorer:packageReleaseResources UP-TO-DATE
> Task :features:chaptersList:preBuild UP-TO-DATE
> Task :features:chaptersList:preReleaseBuild UP-TO-DATE
> Task :features:chaptersList:generateReleaseResValues UP-TO-DATE
> Task :features:chaptersList:generateReleaseResources UP-TO-DATE
> Task :features:chaptersList:packageReleaseResources UP-TO-DATE
> Task :features:databaseExplorer:preBuild UP-TO-DATE
> Task :features:databaseExplorer:preReleaseBuild UP-TO-DATE
> Task :features:databaseExplorer:generateReleaseResValues UP-TO-DATE
> Task :features:databaseExplorer:generateReleaseResources UP-TO-DATE
> Task :features:databaseExplorer:packageReleaseResources UP-TO-DATE
> Task :features:globalSourceSearch:preBuild UP-TO-DATE
> Task :features:globalSourceSearch:preReleaseBuild UP-TO-DATE
> Task :features:globalSourceSearch:generateReleaseResValues UP-TO-DATE
> Task :features:globalSourceSearch:generateReleaseResources UP-TO-DATE
> Task :features:globalSourceSearch:packageReleaseResources UP-TO-DATE
> Task :features:libraryExplorer:preBuild UP-TO-DATE
> Task :features:libraryExplorer:preReleaseBuild UP-TO-DATE
> Task :features:libraryExplorer:generateReleaseResValues UP-TO-DATE
> Task :features:libraryExplorer:generateReleaseResources UP-TO-DATE
> Task :features:libraryExplorer:packageReleaseResources UP-TO-DATE
> Task :features:reader:preBuild UP-TO-DATE
> Task :features:reader:preReleaseBuild UP-TO-DATE
> Task :features:reader:generateReleaseResValues UP-TO-DATE
> Task :features:reader:generateReleaseResources UP-TO-DATE
> Task :features:reader:packageReleaseResources UP-TO-DATE
> Task :features:settings:preBuild UP-TO-DATE
> Task :features:settings:preReleaseBuild UP-TO-DATE
> Task :features:settings:generateReleaseResValues UP-TO-DATE
> Task :features:settings:generateReleaseResources UP-TO-DATE
> Task :features:settings:packageReleaseResources UP-TO-DATE
> Task :features:sourceExplorer:preBuild UP-TO-DATE
> Task :features:sourceExplorer:preReleaseBuild UP-TO-DATE
> Task :features:sourceExplorer:generateReleaseResValues UP-TO-DATE
> Task :features:sourceExplorer:generateReleaseResources UP-TO-DATE
> Task :features:sourceExplorer:packageReleaseResources UP-TO-DATE
> Task :features:webview:preBuild UP-TO-DATE
> Task :features:webview:preReleaseBuild UP-TO-DATE
> Task :features:webview:generateReleaseResValues UP-TO-DATE
> Task :features:webview:generateReleaseResources UP-TO-DATE
> Task :features:webview:packageReleaseResources UP-TO-DATE
> Task :scraper:api:preBuild UP-TO-DATE
> Task :scraper:api:preReleaseBuild UP-TO-DATE
> Task :scraper:api:generateReleaseResValues UP-TO-DATE
> Task :scraper:api:generateReleaseResources UP-TO-DATE
> Task :scraper:api:packageReleaseResources UP-TO-DATE
> Task :scraper:extension-manager:preBuild UP-TO-DATE
> Task :scraper:extension-manager:preReleaseBuild UP-TO-DATE
> Task :scraper:extension-manager:generateReleaseResValues UP-TO-DATE
> Task :scraper:extension-manager:generateReleaseResources UP-TO-DATE
> Task :scraper:extension-manager:packageReleaseResources UP-TO-DATE
> Task :tooling:algorithms:preBuild UP-TO-DATE
> Task :tooling:algorithms:preReleaseBuild UP-TO-DATE
> Task :tooling:algorithms:generateReleaseResValues UP-TO-DATE
> Task :tooling:algorithms:generateReleaseResources UP-TO-DATE
> Task :tooling:algorithms:packageReleaseResources UP-TO-DATE
> Task :tooling:application_workers:preBuild UP-TO-DATE
> Task :tooling:application_workers:preReleaseBuild UP-TO-DATE
> Task :tooling:application_workers:generateReleaseResValues UP-TO-DATE
> Task :tooling:application_workers:generateReleaseResources UP-TO-DATE
> Task :tooling:application_workers:packageReleaseResources UP-TO-DATE
> Task :tooling:backup_create:preBuild UP-TO-DATE
> Task :tooling:backup_create:preReleaseBuild UP-TO-DATE
> Task :tooling:backup_create:generateReleaseResValues UP-TO-DATE
> Task :tooling:backup_create:generateReleaseResources UP-TO-DATE
> Task :tooling:backup_create:packageReleaseResources UP-TO-DATE
> Task :tooling:backup_restore:preBuild UP-TO-DATE
> Task :tooling:backup_restore:preReleaseBuild UP-TO-DATE
> Task :tooling:backup_restore:generateReleaseResValues UP-TO-DATE
> Task :tooling:backup_restore:generateReleaseResources UP-TO-DATE
> Task :tooling:backup_restore:packageReleaseResources UP-TO-DATE
> Task :tooling:epub_importer:preBuild UP-TO-DATE
> Task :tooling:epub_importer:preReleaseBuild UP-TO-DATE
> Task :tooling:epub_importer:generateReleaseResValues UP-TO-DATE
> Task :tooling:epub_importer:generateReleaseResources UP-TO-DATE
> Task :tooling:epub_importer:packageReleaseResources UP-TO-DATE
> Task :tooling:epub_parser:preBuild UP-TO-DATE
> Task :tooling:epub_parser:preReleaseBuild UP-TO-DATE
> Task :tooling:epub_parser:generateReleaseResValues UP-TO-DATE
> Task :tooling:epub_parser:generateReleaseResources UP-TO-DATE
> Task :tooling:epub_parser:packageReleaseResources UP-TO-DATE
> Task :tooling:local_database:preBuild UP-TO-DATE
> Task :tooling:local_database:preReleaseBuild UP-TO-DATE
> Task :tooling:local_database:generateReleaseResValues UP-TO-DATE
> Task :tooling:local_database:generateReleaseResources UP-TO-DATE
> Task :tooling:local_database:packageReleaseResources UP-TO-DATE
> Task :tooling:local_source:preBuild UP-TO-DATE
> Task :tooling:local_source:preReleaseBuild UP-TO-DATE
> Task :tooling:local_source:generateReleaseResValues UP-TO-DATE
> Task :tooling:local_source:generateReleaseResources UP-TO-DATE
> Task :tooling:local_source:packageReleaseResources UP-TO-DATE
> Task :tooling:text_to_speech:preBuild UP-TO-DATE
> Task :tooling:text_to_speech:preReleaseBuild UP-TO-DATE
> Task :tooling:text_to_speech:generateReleaseResValues UP-TO-DATE
> Task :tooling:text_to_speech:generateReleaseResources UP-TO-DATE
> Task :tooling:text_to_speech:packageReleaseResources UP-TO-DATE
> Task :tooling:text_translator:domain:preBuild UP-TO-DATE
> Task :tooling:text_translator:domain:preReleaseBuild UP-TO-DATE
> Task :tooling:text_translator:domain:generateReleaseResValues UP-TO-DATE
> Task :tooling:text_translator:domain:generateReleaseResources UP-TO-DATE
> Task :tooling:text_translator:domain:packageReleaseResources UP-TO-DATE
> Task :tooling:text_translator:translator:preBuild UP-TO-DATE
> Task :tooling:text_translator:translator:preReleaseBuild UP-TO-DATE
> Task :tooling:text_translator:translator:generateReleaseResValues UP-TO-DATE
> Task :tooling:text_translator:translator:generateReleaseResources UP-TO-DATE
> Task :tooling:text_translator:translator:packageReleaseResources UP-TO-DATE
> Task :app:dataBindingMergeDependencyArtifactsFullRelease UP-TO-DATE
> Task :app:mergeFullReleaseResources UP-TO-DATE
> Task :app:generateFullReleaseBuildConfig UP-TO-DATE
> Task :core:writeReleaseAarMetadata UP-TO-DATE
> Task :coreui:writeReleaseAarMetadata UP-TO-DATE
> Task :data:writeReleaseAarMetadata UP-TO-DATE
> Task :navigation:writeReleaseAarMetadata UP-TO-DATE
> Task :networking:writeReleaseAarMetadata UP-TO-DATE
> Task :scraper:writeReleaseAarMetadata UP-TO-DATE
> Task :strings:writeReleaseAarMetadata UP-TO-DATE
> Task :features:catalogExplorer:writeReleaseAarMetadata UP-TO-DATE
> Task :features:chaptersList:writeReleaseAarMetadata UP-TO-DATE
> Task :features:reader:dataBindingMergeDependencyArtifactsRelease UP-TO-DATE
> Task :features:databaseExplorer:writeReleaseAarMetadata UP-TO-DATE
> Task :features:globalSourceSearch:writeReleaseAarMetadata UP-TO-DATE
> Task :features:libraryExplorer:writeReleaseAarMetadata UP-TO-DATE
> Task :features:reader:writeReleaseAarMetadata UP-TO-DATE
> Task :features:settings:writeReleaseAarMetadata UP-TO-DATE
> Task :features:sourceExplorer:writeReleaseAarMetadata UP-TO-DATE
> Task :features:webview:writeReleaseAarMetadata UP-TO-DATE
> Task :scraper:api:writeReleaseAarMetadata UP-TO-DATE
> Task :scraper:extension-manager:writeReleaseAarMetadata UP-TO-DATE
> Task :tooling:algorithms:writeReleaseAarMetadata UP-TO-DATE
> Task :tooling:application_workers:writeReleaseAarMetadata UP-TO-DATE
> Task :tooling:backup_create:writeReleaseAarMetadata UP-TO-DATE
> Task :tooling:backup_restore:writeReleaseAarMetadata UP-TO-DATE
> Task :tooling:epub_importer:writeReleaseAarMetadata UP-TO-DATE
> Task :tooling:epub_parser:writeReleaseAarMetadata UP-TO-DATE
> Task :tooling:local_database:writeReleaseAarMetadata UP-TO-DATE
> Task :tooling:local_source:writeReleaseAarMetadata UP-TO-DATE
> Task :tooling:text_to_speech:writeReleaseAarMetadata UP-TO-DATE
> Task :tooling:text_translator:domain:writeReleaseAarMetadata UP-TO-DATE
> Task :tooling:text_translator:translator:writeReleaseAarMetadata UP-TO-DATE
> Task :features:reader:dataBindingGenBaseClassesRelease UP-TO-DATE
> Task :app:checkFullReleaseAarMetadata UP-TO-DATE
> Task :app:mapFullReleaseSourceSetPaths UP-TO-DATE
> Task :app:createFullReleaseCompatibleScreenManifests UP-TO-DATE
> Task :app:extractDeepLinksFullRelease UP-TO-DATE
> Task :core:extractDeepLinksRelease UP-TO-DATE
> Task :core:processReleaseManifest UP-TO-DATE
> Task :coreui:extractDeepLinksRelease UP-TO-DATE
> Task :coreui:processReleaseManifest UP-TO-DATE
> Task :data:extractDeepLinksRelease UP-TO-DATE
> Task :data:processReleaseManifest UP-TO-DATE
> Task :navigation:extractDeepLinksRelease UP-TO-DATE
> Task :app:dataBindingGenBaseClassesFullRelease UP-TO-DATE
> Task :navigation:processReleaseManifest UP-TO-DATE
> Task :networking:extractDeepLinksRelease UP-TO-DATE
> Task :scraper:extractDeepLinksRelease UP-TO-DATE
> Task :networking:processReleaseManifest UP-TO-DATE
> Task :strings:extractDeepLinksRelease UP-TO-DATE
> Task :scraper:processReleaseManifest UP-TO-DATE
> Task :features:catalogExplorer:extractDeepLinksRelease UP-TO-DATE
> Task :strings:processReleaseManifest UP-TO-DATE
> Task :features:chaptersList:extractDeepLinksRelease UP-TO-DATE
> Task :features:catalogExplorer:processReleaseManifest UP-TO-DATE
> Task :features:databaseExplorer:extractDeepLinksRelease UP-TO-DATE
> Task :features:chaptersList:processReleaseManifest UP-TO-DATE
> Task :features:databaseExplorer:processReleaseManifest UP-TO-DATE
> Task :features:globalSourceSearch:extractDeepLinksRelease UP-TO-DATE
> Task :features:libraryExplorer:extractDeepLinksRelease UP-TO-DATE
> Task :features:globalSourceSearch:processReleaseManifest UP-TO-DATE
> Task :features:reader:extractDeepLinksRelease UP-TO-DATE
> Task :features:libraryExplorer:processReleaseManifest UP-TO-DATE
> Task :features:reader:processReleaseManifest UP-TO-DATE
> Task :features:settings:extractDeepLinksRelease UP-TO-DATE
> Task :features:sourceExplorer:extractDeepLinksRelease UP-TO-DATE
> Task :features:settings:processReleaseManifest UP-TO-DATE
> Task :features:webview:extractDeepLinksRelease UP-TO-DATE
> Task :features:sourceExplorer:processReleaseManifest UP-TO-DATE
> Task :scraper:api:extractDeepLinksRelease UP-TO-DATE
> Task :features:webview:processReleaseManifest UP-TO-DATE
> Task :scraper:extension-manager:extractDeepLinksRelease UP-TO-DATE
> Task :scraper:api:processReleaseManifest UP-TO-DATE
> Task :tooling:algorithms:extractDeepLinksRelease UP-TO-DATE
> Task :scraper:extension-manager:processReleaseManifest UP-TO-DATE
> Task :tooling:application_workers:extractDeepLinksRelease UP-TO-DATE
> Task :tooling:algorithms:processReleaseManifest UP-TO-DATE
> Task :tooling:backup_create:extractDeepLinksRelease UP-TO-DATE
> Task :tooling:application_workers:processReleaseManifest UP-TO-DATE
> Task :tooling:backup_restore:extractDeepLinksRelease UP-TO-DATE
> Task :tooling:backup_create:processReleaseManifest UP-TO-DATE
> Task :tooling:epub_importer:extractDeepLinksRelease UP-TO-DATE
> Task :tooling:backup_restore:processReleaseManifest UP-TO-DATE
> Task :tooling:epub_parser:extractDeepLinksRelease UP-TO-DATE
> Task :tooling:epub_importer:processReleaseManifest UP-TO-DATE
> Task :tooling:local_database:extractDeepLinksRelease UP-TO-DATE
> Task :tooling:epub_parser:processReleaseManifest UP-TO-DATE
> Task :tooling:local_source:extractDeepLinksRelease UP-TO-DATE
> Task :tooling:local_database:processReleaseManifest UP-TO-DATE
> Task :tooling:text_to_speech:extractDeepLinksRelease UP-TO-DATE
> Task :tooling:local_source:processReleaseManifest UP-TO-DATE
> Task :tooling:text_translator:domain:extractDeepLinksRelease UP-TO-DATE
> Task :tooling:text_to_speech:processReleaseManifest UP-TO-DATE
> Task :tooling:text_translator:translator:extractDeepLinksRelease UP-TO-DATE
> Task :tooling:text_translator:domain:processReleaseManifest UP-TO-DATE
> Task :tooling:text_translator:translator:processReleaseManifest UP-TO-DATE
> Task :core:parseReleaseLocalResources UP-TO-DATE
> Task :strings:parseReleaseLocalResources UP-TO-DATE
> Task :strings:generateReleaseRFile UP-TO-DATE
> Task :core:generateReleaseRFile UP-TO-DATE
> Task :app:processFullReleaseMainManifest UP-TO-DATE
> Task :coreui:parseReleaseLocalResources UP-TO-DATE
> Task :app:processFullReleaseManifest UP-TO-DATE
> Task :app:processFullReleaseManifestForPackage UP-TO-DATE
> Task :tooling:local_database:parseReleaseLocalResources UP-TO-DATE
> Task :data:parseReleaseLocalResources UP-TO-DATE
> Task :networking:parseReleaseLocalResources UP-TO-DATE
> Task :networking:generateReleaseRFile UP-TO-DATE
> Task :tooling:local_database:generateReleaseRFile UP-TO-DATE
> Task :scraper:parseReleaseLocalResources UP-TO-DATE
> Task :scraper:api:parseReleaseLocalResources UP-TO-DATE
> Task :scraper:api:generateReleaseRFile UP-TO-DATE
> Task :scraper:extension-manager:parseReleaseLocalResources UP-TO-DATE
> Task :scraper:extension-manager:generateReleaseRFile UP-TO-DATE
> Task :scraper:generateReleaseRFile UP-TO-DATE
> Task :tooling:epub_parser:parseReleaseLocalResources UP-TO-DATE
> Task :tooling:epub_parser:generateReleaseRFile UP-TO-DATE
> Task :data:generateReleaseRFile UP-TO-DATE
> Task :navigation:parseReleaseLocalResources UP-TO-DATE
> Task :navigation:generateReleaseRFile UP-TO-DATE
> Task :coreui:generateReleaseRFile UP-TO-DATE
> Task :features:chaptersList:parseReleaseLocalResources UP-TO-DATE
> Task :features:catalogExplorer:parseReleaseLocalResources UP-TO-DATE
> Task :features:chaptersList:generateReleaseRFile UP-TO-DATE
> Task :features:catalogExplorer:generateReleaseRFile UP-TO-DATE
> Task :features:globalSourceSearch:parseReleaseLocalResources UP-TO-DATE
> Task :features:databaseExplorer:parseReleaseLocalResources UP-TO-DATE
> Task :features:globalSourceSearch:generateReleaseRFile UP-TO-DATE
> Task :features:libraryExplorer:parseReleaseLocalResources UP-TO-DATE
> Task :features:databaseExplorer:generateReleaseRFile UP-TO-DATE
> Task :tooling:epub_importer:parseReleaseLocalResources UP-TO-DATE
> Task :tooling:text_translator:domain:parseReleaseLocalResources UP-TO-DATE
> Task :tooling:epub_importer:generateReleaseRFile UP-TO-DATE
> Task :features:reader:parseReleaseLocalResources UP-TO-DATE
> Task :tooling:algorithms:parseReleaseLocalResources UP-TO-DATE
> Task :tooling:text_translator:domain:generateReleaseRFile UP-TO-DATE
> Task :tooling:algorithms:generateReleaseRFile UP-TO-DATE
> Task :tooling:text_to_speech:parseReleaseLocalResources UP-TO-DATE
> Task :features:libraryExplorer:generateReleaseRFile UP-TO-DATE
> Task :tooling:text_to_speech:generateReleaseRFile UP-TO-DATE
> Task :features:settings:parseReleaseLocalResources UP-TO-DATE
> Task :tooling:backup_create:parseReleaseLocalResources UP-TO-DATE
> Task :features:reader:generateReleaseRFile UP-TO-DATE
> Task :tooling:backup_create:generateReleaseRFile UP-TO-DATE
> Task :features:sourceExplorer:parseReleaseLocalResources UP-TO-DATE
> Task :tooling:backup_restore:parseReleaseLocalResources UP-TO-DATE
> Task :tooling:backup_restore:generateReleaseRFile UP-TO-DATE
> Task :features:sourceExplorer:generateReleaseRFile UP-TO-DATE
> Task :features:webview:parseReleaseLocalResources UP-TO-DATE
> Task :features:settings:generateReleaseRFile UP-TO-DATE
> Task :tooling:application_workers:parseReleaseLocalResources UP-TO-DATE
> Task :features:webview:generateReleaseRFile UP-TO-DATE
> Task :tooling:local_source:parseReleaseLocalResources UP-TO-DATE
> Task :tooling:application_workers:generateReleaseRFile UP-TO-DATE
> Task :tooling:text_translator:translator:parseReleaseLocalResources UP-TO-DATE
> Task :tooling:local_source:generateReleaseRFile UP-TO-DATE
> Task :core:checkKotlinGradlePluginConfigurationErrors SKIPPED
> Task :core:generateReleaseBuildConfig UP-TO-DATE
> Task :strings:checkKotlinGradlePluginConfigurationErrors SKIPPED
> Task :strings:generateReleaseBuildConfig UP-TO-DATE
> Task :tooling:text_translator:translator:generateReleaseRFile UP-TO-DATE
> Task :strings:kspReleaseKotlin UP-TO-DATE
> Task :app:processFullReleaseResources UP-TO-DATE
> Task :strings:compileReleaseKotlin NO-SOURCE
> Task :strings:javaPreCompileRelease UP-TO-DATE
> Task :core:javaPreCompileRelease UP-TO-DATE
> Task :coreui:checkKotlinGradlePluginConfigurationErrors SKIPPED
> Task :coreui:generateReleaseBuildConfig UP-TO-DATE
> Task :tooling:local_database:checkKotlinGradlePluginConfigurationErrors SKIPPED
> Task :tooling:local_database:generateReleaseBuildConfig UP-TO-DATE
> Task :strings:compileReleaseJavaWithJavac UP-TO-DATE
> Task :tooling:local_database:javaPreCompileRelease UP-TO-DATE
> Task :coreui:javaPreCompileRelease UP-TO-DATE
> Task :data:checkKotlinGradlePluginConfigurationErrors SKIPPED
> Task :data:generateReleaseBuildConfig UP-TO-DATE
> Task :networking:checkKotlinGradlePluginConfigurationErrors SKIPPED
> Task :networking:generateReleaseBuildConfig UP-TO-DATE
> Task :networking:javaPreCompileRelease UP-TO-DATE
> Task :scraper:checkKotlinGradlePluginConfigurationErrors SKIPPED
> Task :scraper:generateReleaseBuildConfig UP-TO-DATE
> Task :scraper:api:checkKotlinGradlePluginConfigurationErrors SKIPPED
> Task :scraper:api:generateReleaseBuildConfig UP-TO-DATE
> Task :scraper:api:javaPreCompileRelease UP-TO-DATE
> Task :scraper:extension-manager:checkKotlinGradlePluginConfigurationErrors SKIPPED
> Task :scraper:extension-manager:generateReleaseBuildConfig UP-TO-DATE
> Task :scraper:extension-manager:javaPreCompileRelease UP-TO-DATE
> Task :scraper:javaPreCompileRelease UP-TO-DATE
> Task :tooling:epub_parser:checkKotlinGradlePluginConfigurationErrors SKIPPED
> Task :tooling:epub_parser:generateReleaseBuildConfig UP-TO-DATE
> Task :tooling:epub_parser:javaPreCompileRelease UP-TO-DATE
> Task :data:javaPreCompileRelease UP-TO-DATE
> Task :navigation:checkKotlinGradlePluginConfigurationErrors SKIPPED
> Task :navigation:generateReleaseBuildConfig UP-TO-DATE
> Task :navigation:javaPreCompileRelease UP-TO-DATE
> Task :features:catalogExplorer:checkKotlinGradlePluginConfigurationErrors SKIPPED
> Task :features:catalogExplorer:generateReleaseBuildConfig UP-TO-DATE
> Task :features:catalogExplorer:javaPreCompileRelease UP-TO-DATE
> Task :features:chaptersList:checkKotlinGradlePluginConfigurationErrors SKIPPED
> Task :strings:transformReleaseClassesWithAsm UP-TO-DATE
> Task :features:chaptersList:generateReleaseBuildConfig UP-TO-DATE
> Task :strings:bundleLibCompileToJarRelease UP-TO-DATE
> Task :strings:bundleLibRuntimeToJarRelease UP-TO-DATE
> Task :features:chaptersList:javaPreCompileRelease UP-TO-DATE
> Task :features:databaseExplorer:checkKotlinGradlePluginConfigurationErrors SKIPPED
> Task :features:databaseExplorer:generateReleaseBuildConfig UP-TO-DATE
> Task :features:databaseExplorer:javaPreCompileRelease UP-TO-DATE
> Task :features:globalSourceSearch:checkKotlinGradlePluginConfigurationErrors SKIPPED
> Task :features:globalSourceSearch:generateReleaseBuildConfig UP-TO-DATE
> Task :features:globalSourceSearch:javaPreCompileRelease UP-TO-DATE
> Task :features:libraryExplorer:checkKotlinGradlePluginConfigurationErrors SKIPPED
> Task :features:libraryExplorer:generateReleaseBuildConfig UP-TO-DATE
> Task :tooling:epub_importer:checkKotlinGradlePluginConfigurationErrors SKIPPED
> Task :tooling:epub_importer:generateReleaseBuildConfig UP-TO-DATE
> Task :tooling:epub_importer:javaPreCompileRelease UP-TO-DATE
> Task :tooling:text_translator:domain:checkKotlinGradlePluginConfigurationErrors SKIPPED
> Task :tooling:text_translator:domain:generateReleaseBuildConfig UP-TO-DATE
> Task :tooling:text_translator:domain:kspReleaseKotlin UP-TO-DATE
> Task :core:kspReleaseKotlin UP-TO-DATE
> Task :core:compileReleaseKotlin UP-TO-DATE
> Task :tooling:text_translator:domain:compileReleaseKotlin UP-TO-DATE
> Task :tooling:text_translator:domain:javaPreCompileRelease UP-TO-DATE
> Task :core:compileReleaseJavaWithJavac UP-TO-DATE
> Task :tooling:text_translator:domain:compileReleaseJavaWithJavac UP-TO-DATE
> Task :tooling:text_translator:domain:transformReleaseClassesWithAsm UP-TO-DATE
> Task :core:transformReleaseClassesWithAsm UP-TO-DATE
> Task :core:bundleLibRuntimeToJarRelease UP-TO-DATE
> Task :core:bundleLibCompileToJarRelease UP-TO-DATE
> Task :tooling:text_translator:domain:bundleLibCompileToJarRelease UP-TO-DATE
> Task :networking:kspReleaseKotlin UP-TO-DATE
> Task :tooling:local_database:kspReleaseKotlin UP-TO-DATE
> Task :networking:compileReleaseKotlin UP-TO-DATE
> Task :networking:compileReleaseJavaWithJavac UP-TO-DATE
> Task :tooling:local_database:compileReleaseKotlin UP-TO-DATE
> Task :networking:transformReleaseClassesWithAsm UP-TO-DATE
> Task :networking:bundleLibCompileToJarRelease UP-TO-DATE
> Task :tooling:local_database:compileReleaseJavaWithJavac UP-TO-DATE
> Task :networking:bundleLibRuntimeToJarRelease UP-TO-DATE
> Task :tooling:local_database:transformReleaseClassesWithAsm UP-TO-DATE
> Task :tooling:local_database:bundleLibCompileToJarRelease UP-TO-DATE
> Task :scraper:api:kspReleaseKotlin UP-TO-DATE
> Task :tooling:local_database:bundleLibRuntimeToJarRelease UP-TO-DATE
> Task :scraper:api:compileReleaseKotlin UP-TO-DATE
> Task :scraper:api:compileReleaseJavaWithJavac UP-TO-DATE
> Task :scraper:api:transformReleaseClassesWithAsm UP-TO-DATE
> Task :scraper:api:bundleLibCompileToJarRelease UP-TO-DATE
> Task :scraper:api:bundleLibRuntimeToJarRelease UP-TO-DATE
> Task :coreui:kspReleaseKotlin UP-TO-DATE
> Task :scraper:extension-manager:kspReleaseKotlin UP-TO-DATE
> Task :coreui:compileReleaseKotlin UP-TO-DATE
> Task :scraper:extension-manager:compileReleaseKotlin UP-TO-DATE
> Task :scraper:extension-manager:compileReleaseJavaWithJavac UP-TO-DATE
> Task :coreui:compileReleaseJavaWithJavac UP-TO-DATE
> Task :scraper:extension-manager:transformReleaseClassesWithAsm UP-TO-DATE
> Task :scraper:extension-manager:bundleLibCompileToJarRelease UP-TO-DATE
> Task :scraper:kspReleaseKotlin UP-TO-DATE
> Task :coreui:transformReleaseClassesWithAsm UP-TO-DATE
> Task :coreui:bundleLibCompileToJarRelease UP-TO-DATE
> Task :scraper:extension-manager:bundleLibRuntimeToJarRelease UP-TO-DATE
> Task :tooling:epub_parser:kspReleaseKotlin UP-TO-DATE
> Task :scraper:compileReleaseKotlin UP-TO-DATE
> Task :scraper:compileReleaseJavaWithJavac UP-TO-DATE
> Task :tooling:epub_parser:compileReleaseKotlin UP-TO-DATE
> Task :tooling:epub_parser:compileReleaseJavaWithJavac UP-TO-DATE
> Task :scraper:transformReleaseClassesWithAsm UP-TO-DATE
> Task :tooling:epub_parser:transformReleaseClassesWithAsm UP-TO-DATE
> Task :scraper:bundleLibCompileToJarRelease UP-TO-DATE
> Task :scraper:bundleLibRuntimeToJarRelease UP-TO-DATE
> Task :tooling:epub_parser:bundleLibCompileToJarRelease UP-TO-DATE
> Task :tooling:epub_parser:bundleLibRuntimeToJarRelease UP-TO-DATE
> Task :navigation:kspReleaseKotlin UP-TO-DATE
> Task :data:kspReleaseKotlin UP-TO-DATE
> Task :navigation:compileReleaseKotlin UP-TO-DATE
> Task :navigation:compileReleaseJavaWithJavac UP-TO-DATE
> Task :data:compileReleaseKotlin UP-TO-DATE
> Task :data:compileReleaseJavaWithJavac UP-TO-DATE
> Task :navigation:transformReleaseClassesWithAsm UP-TO-DATE
> Task :navigation:bundleLibCompileToJarRelease UP-TO-DATE
> Task :coreui:bundleLibRuntimeToJarRelease UP-TO-DATE
> Task :navigation:bundleLibRuntimeToJarRelease UP-TO-DATE
> Task :features:libraryExplorer:javaPreCompileRelease UP-TO-DATE
> Task :tooling:text_translator:domain:bundleLibRuntimeToJarRelease UP-TO-DATE
> Task :features:reader:checkKotlinGradlePluginConfigurationErrors SKIPPED
> Task :features:reader:generateReleaseBuildConfig UP-TO-DATE
> Task :tooling:algorithms:checkKotlinGradlePluginConfigurationErrors SKIPPED
> Task :data:transformReleaseClassesWithAsm UP-TO-DATE
> Task :tooling:algorithms:generateReleaseBuildConfig UP-TO-DATE
> Task :data:bundleLibCompileToJarRelease UP-TO-DATE
> Task :data:bundleLibRuntimeToJarRelease UP-TO-DATE
> Task :features:chaptersList:kspReleaseKotlin UP-TO-DATE
> Task :features:catalogExplorer:kspReleaseKotlin UP-TO-DATE
> Task :features:catalogExplorer:compileReleaseKotlin UP-TO-DATE
> Task :features:chaptersList:compileReleaseKotlin UP-TO-DATE
> Task :features:catalogExplorer:compileReleaseJavaWithJavac UP-TO-DATE
> Task :features:chaptersList:compileReleaseJavaWithJavac UP-TO-DATE
> Task :features:catalogExplorer:transformReleaseClassesWithAsm UP-TO-DATE
> Task :features:catalogExplorer:bundleLibCompileToJarRelease UP-TO-DATE
> Task :features:chaptersList:transformReleaseClassesWithAsm UP-TO-DATE
> Task :features:chaptersList:bundleLibCompileToJarRelease UP-TO-DATE
> Task :features:databaseExplorer:kspReleaseKotlin UP-TO-DATE
> Task :features:globalSourceSearch:kspReleaseKotlin UP-TO-DATE
> Task :features:databaseExplorer:compileReleaseKotlin UP-TO-DATE
> Task :features:globalSourceSearch:compileReleaseKotlin UP-TO-DATE
> Task :features:globalSourceSearch:compileReleaseJavaWithJavac UP-TO-DATE
> Task :features:databaseExplorer:compileReleaseJavaWithJavac UP-TO-DATE
> Task :features:globalSourceSearch:transformReleaseClassesWithAsm UP-TO-DATE
> Task :features:databaseExplorer:transformReleaseClassesWithAsm UP-TO-DATE
> Task :features:globalSourceSearch:bundleLibCompileToJarRelease UP-TO-DATE
> Task :features:databaseExplorer:bundleLibCompileToJarRelease UP-TO-DATE
> Task :tooling:algorithms:kspReleaseKotlin UP-TO-DATE
> Task :tooling:epub_importer:kspReleaseKotlin UP-TO-DATE
> Task :tooling:algorithms:compileReleaseKotlin UP-TO-DATE
> Task :tooling:epub_importer:compileReleaseKotlin UP-TO-DATE
> Task :tooling:algorithms:javaPreCompileRelease UP-TO-DATE
> Task :tooling:algorithms:compileReleaseJavaWithJavac UP-TO-DATE
> Task :tooling:epub_importer:compileReleaseJavaWithJavac UP-TO-DATE
> Task :tooling:epub_importer:transformReleaseClassesWithAsm UP-TO-DATE
> Task :tooling:epub_importer:bundleLibCompileToJarRelease UP-TO-DATE
> Task :tooling:algorithms:transformReleaseClassesWithAsm UP-TO-DATE
> Task :tooling:epub_importer:bundleLibRuntimeToJarRelease UP-TO-DATE
> Task :tooling:algorithms:bundleLibCompileToJarRelease UP-TO-DATE
> Task :tooling:algorithms:bundleLibRuntimeToJarRelease UP-TO-DATE
> Task :tooling:text_to_speech:checkKotlinGradlePluginConfigurationErrors SKIPPED
> Task :tooling:text_to_speech:generateReleaseBuildConfig UP-TO-DATE
> Task :tooling:text_to_speech:kspReleaseKotlin UP-TO-DATE
> Task :features:libraryExplorer:kspReleaseKotlin UP-TO-DATE
> Task :tooling:text_to_speech:compileReleaseKotlin UP-TO-DATE
> Task :features:libraryExplorer:compileReleaseKotlin UP-TO-DATE
> Task :tooling:text_to_speech:javaPreCompileRelease UP-TO-DATE
> Task :tooling:text_to_speech:compileReleaseJavaWithJavac UP-TO-DATE
> Task :features:libraryExplorer:compileReleaseJavaWithJavac UP-TO-DATE
> Task :tooling:text_to_speech:transformReleaseClassesWithAsm UP-TO-DATE
> Task :tooling:text_to_speech:bundleLibCompileToJarRelease UP-TO-DATE
> Task :features:libraryExplorer:transformReleaseClassesWithAsm UP-TO-DATE
> Task :features:libraryExplorer:bundleLibCompileToJarRelease UP-TO-DATE
> Task :features:reader:javaPreCompileRelease UP-TO-DATE
> Task :tooling:text_to_speech:bundleLibRuntimeToJarRelease UP-TO-DATE
> Task :features:settings:checkKotlinGradlePluginConfigurationErrors SKIPPED
> Task :features:settings:generateReleaseBuildConfig UP-TO-DATE
> Task :tooling:backup_create:checkKotlinGradlePluginConfigurationErrors SKIPPED
> Task :tooling:backup_create:generateReleaseBuildConfig UP-TO-DATE
> Task :features:reader:kspReleaseKotlin UP-TO-DATE
> Task :tooling:backup_create:kspReleaseKotlin UP-TO-DATE
> Task :tooling:backup_create:compileReleaseKotlin UP-TO-DATE
> Task :features:reader:compileReleaseKotlin UP-TO-DATE
> Task :tooling:backup_create:javaPreCompileRelease UP-TO-DATE
> Task :tooling:backup_create:compileReleaseJavaWithJavac UP-TO-DATE
> Task :features:reader:compileReleaseJavaWithJavac UP-TO-DATE
> Task :tooling:backup_create:transformReleaseClassesWithAsm UP-TO-DATE
> Task :tooling:backup_create:bundleLibCompileToJarRelease UP-TO-DATE
> Task :tooling:backup_restore:checkKotlinGradlePluginConfigurationErrors SKIPPED
> Task :tooling:backup_restore:generateReleaseBuildConfig UP-TO-DATE
> Task :features:reader:transformReleaseClassesWithAsm UP-TO-DATE
> Task :tooling:backup_restore:kspReleaseKotlin UP-TO-DATE
> Task :features:reader:bundleLibCompileToJarRelease UP-TO-DATE
> Task :tooling:backup_restore:javaPreCompileRelease UP-TO-DATE
> Task :features:settings:javaPreCompileRelease UP-TO-DATE
> Task :tooling:backup_create:bundleLibRuntimeToJarRelease UP-TO-DATE
> Task :features:sourceExplorer:checkKotlinGradlePluginConfigurationErrors SKIPPED
> Task :features:sourceExplorer:generateReleaseBuildConfig UP-TO-DATE
> Task :tooling:backup_restore:compileReleaseKotlin UP-TO-DATE
> Task :features:sourceExplorer:kspReleaseKotlin UP-TO-DATE
> Task :tooling:backup_restore:compileReleaseJavaWithJavac UP-TO-DATE
> Task :tooling:backup_restore:transformReleaseClassesWithAsm UP-TO-DATE
> Task :tooling:backup_restore:bundleLibCompileToJarRelease UP-TO-DATE
> Task :features:sourceExplorer:compileReleaseKotlin UP-TO-DATE
> Task :tooling:backup_restore:bundleLibRuntimeToJarRelease UP-TO-DATE
> Task :features:sourceExplorer:javaPreCompileRelease UP-TO-DATE
> Task :features:settings:kspReleaseKotlin UP-TO-DATE
> Task :features:sourceExplorer:compileReleaseJavaWithJavac UP-TO-DATE
> Task :features:sourceExplorer:transformReleaseClassesWithAsm UP-TO-DATE
> Task :features:sourceExplorer:bundleLibCompileToJarRelease UP-TO-DATE
> Task :features:webview:checkKotlinGradlePluginConfigurationErrors SKIPPED
> Task :features:webview:generateReleaseBuildConfig UP-TO-DATE
> Task :features:settings:compileReleaseKotlin UP-TO-DATE
> Task :features:settings:compileReleaseJavaWithJavac UP-TO-DATE
> Task :features:webview:kspReleaseKotlin UP-TO-DATE
> Task :features:settings:transformReleaseClassesWithAsm UP-TO-DATE
> Task :features:settings:bundleLibCompileToJarRelease UP-TO-DATE
> Task :features:webview:compileReleaseKotlin UP-TO-DATE
> Task :tooling:application_workers:checkKotlinGradlePluginConfigurationErrors SKIPPED
> Task :features:webview:javaPreCompileRelease UP-TO-DATE
> Task :tooling:application_workers:generateReleaseBuildConfig UP-TO-DATE
> Task :features:webview:compileReleaseJavaWithJavac UP-TO-DATE
> Task :tooling:application_workers:kspReleaseKotlin UP-TO-DATE
> Task :features:webview:transformReleaseClassesWithAsm UP-TO-DATE
> Task :features:webview:bundleLibCompileToJarRelease UP-TO-DATE
> Task :tooling:application_workers:javaPreCompileRelease UP-TO-DATE
> Task :tooling:local_source:checkKotlinGradlePluginConfigurationErrors SKIPPED
> Task :tooling:local_source:generateReleaseBuildConfig UP-TO-DATE
> Task :tooling:local_source:kspReleaseKotlin UP-TO-DATE
> Task :tooling:application_workers:compileReleaseKotlin UP-TO-DATE
> Task :tooling:application_workers:compileReleaseJavaWithJavac UP-TO-DATE
> Task :tooling:local_source:compileReleaseKotlin UP-TO-DATE
> Task :tooling:application_workers:transformReleaseClassesWithAsm UP-TO-DATE
> Task :tooling:application_workers:bundleLibCompileToJarRelease UP-TO-DATE
> Task :tooling:local_source:javaPreCompileRelease UP-TO-DATE
> Task :tooling:text_translator:translator:checkKotlinGradlePluginConfigurationErrors SKIPPED
> Task :tooling:text_translator:translator:generateReleaseBuildConfig UP-TO-DATE
> Task :tooling:local_source:compileReleaseJavaWithJavac UP-TO-DATE
> Task :tooling:local_source:transformReleaseClassesWithAsm UP-TO-DATE
> Task :tooling:local_source:bundleLibCompileToJarRelease UP-TO-DATE
> Task :tooling:text_translator:translator:javaPreCompileRelease UP-TO-DATE
> Task :app:javaPreCompileFullRelease UP-TO-DATE
> Task :app:extractProguardFiles UP-TO-DATE
> Task :tooling:text_translator:translator:kspReleaseKotlin UP-TO-DATE
> Task :features:libraryExplorer:bundleLibRuntimeToJarRelease UP-TO-DATE
> Task :tooling:application_workers:bundleLibRuntimeToJarRelease UP-TO-DATE
> Task :tooling:local_source:bundleLibRuntimeToJarRelease UP-TO-DATE
> Task :features:reader:bundleLibRuntimeToJarRelease UP-TO-DATE
> Task :tooling:text_translator:translator:compileReleaseKotlin UP-TO-DATE
> Task :features:chaptersList:bundleLibRuntimeToJarRelease UP-TO-DATE
> Task :features:globalSourceSearch:bundleLibRuntimeToJarRelease UP-TO-DATE
> Task :tooling:text_translator:translator:compileReleaseJavaWithJavac UP-TO-DATE
> Task :features:databaseExplorer:bundleLibRuntimeToJarRelease UP-TO-DATE
> Task :features:sourceExplorer:bundleLibRuntimeToJarRelease UP-TO-DATE
> Task :features:catalogExplorer:bundleLibRuntimeToJarRelease UP-TO-DATE
> Task :features:settings:bundleLibRuntimeToJarRelease UP-TO-DATE
> Task :tooling:text_translator:translator:transformReleaseClassesWithAsm UP-TO-DATE
> Task :tooling:text_translator:translator:bundleLibCompileToJarRelease UP-TO-DATE
> Task :tooling:text_translator:translator:bundleLibRuntimeToJarRelease UP-TO-DATE
> Task :features:webview:bundleLibRuntimeToJarRelease UP-TO-DATE
> Task :app:kspFullReleaseKotlin UP-TO-DATE
> Task :core:processReleaseJavaRes UP-TO-DATE
> Task :core:createFullJarRelease UP-TO-DATE
> Task :core:extractProguardFiles UP-TO-DATE
> Task :strings:processReleaseJavaRes NO-SOURCE
> Task :strings:createFullJarRelease UP-TO-DATE
> Task :strings:extractProguardFiles UP-TO-DATE
> Task :app:compileFullReleaseKotlin UP-TO-DATE
> Task :app:compileFullReleaseJavaWithJavac UP-TO-DATE
> Task :app:hiltAggregateDepsFullRelease UP-TO-DATE
> Task :strings:generateReleaseLintModel UP-TO-DATE
> Task :strings:prepareLintJarForPublish UP-TO-DATE
> Task :app:hiltJavaCompileFullRelease UP-TO-DATE
> Task :core:prepareLintJarForPublish UP-TO-DATE
> Task :coreui:processReleaseJavaRes UP-TO-DATE
> Task :coreui:createFullJarRelease UP-TO-DATE
> Task :coreui:extractProguardFiles UP-TO-DATE
> Task :tooling:local_database:processReleaseJavaRes UP-TO-DATE
> Task :tooling:local_database:createFullJarRelease UP-TO-DATE
> Task :tooling:local_database:extractProguardFiles UP-TO-DATE
> Task :tooling:local_database:prepareLintJarForPublish UP-TO-DATE
> Task :coreui:prepareLintJarForPublish UP-TO-DATE
> Task :data:processReleaseJavaRes UP-TO-DATE
> Task :data:createFullJarRelease UP-TO-DATE
> Task :data:extractProguardFiles UP-TO-DATE
> Task :networking:processReleaseJavaRes UP-TO-DATE
> Task :networking:createFullJarRelease UP-TO-DATE
> Task :networking:extractProguardFiles UP-TO-DATE
> Task :networking:prepareLintJarForPublish UP-TO-DATE
> Task :scraper:processReleaseJavaRes UP-TO-DATE
> Task :scraper:createFullJarRelease UP-TO-DATE
> Task :scraper:extractProguardFiles UP-TO-DATE
> Task :scraper:api:processReleaseJavaRes UP-TO-DATE
> Task :scraper:api:createFullJarRelease UP-TO-DATE
> Task :scraper:api:extractProguardFiles UP-TO-DATE
> Task :scraper:api:prepareLintJarForPublish UP-TO-DATE
> Task :scraper:extension-manager:processReleaseJavaRes UP-TO-DATE
> Task :scraper:extension-manager:createFullJarRelease UP-TO-DATE
> Task :scraper:extension-manager:extractProguardFiles UP-TO-DATE
> Task :scraper:extension-manager:prepareLintJarForPublish UP-TO-DATE
> Task :scraper:prepareLintJarForPublish UP-TO-DATE
> Task :tooling:epub_parser:processReleaseJavaRes UP-TO-DATE
> Task :tooling:epub_parser:createFullJarRelease UP-TO-DATE
> Task :tooling:epub_parser:extractProguardFiles UP-TO-DATE
> Task :tooling:epub_parser:prepareLintJarForPublish UP-TO-DATE
> Task :data:prepareLintJarForPublish UP-TO-DATE
> Task :navigation:processReleaseJavaRes UP-TO-DATE
> Task :navigation:createFullJarRelease UP-TO-DATE
> Task :navigation:extractProguardFiles UP-TO-DATE
> Task :navigation:prepareLintJarForPublish UP-TO-DATE
> Task :features:catalogExplorer:processReleaseJavaRes UP-TO-DATE
> Task :features:catalogExplorer:createFullJarRelease UP-TO-DATE
> Task :features:catalogExplorer:extractProguardFiles UP-TO-DATE
> Task :features:catalogExplorer:prepareLintJarForPublish UP-TO-DATE
> Task :features:chaptersList:processReleaseJavaRes UP-TO-DATE
> Task :features:chaptersList:createFullJarRelease UP-TO-DATE
> Task :features:chaptersList:extractProguardFiles UP-TO-DATE
> Task :features:chaptersList:prepareLintJarForPublish UP-TO-DATE
> Task :features:databaseExplorer:processReleaseJavaRes UP-TO-DATE
> Task :features:databaseExplorer:createFullJarRelease UP-TO-DATE
> Task :features:databaseExplorer:extractProguardFiles UP-TO-DATE
> Task :features:databaseExplorer:prepareLintJarForPublish UP-TO-DATE
> Task :features:globalSourceSearch:processReleaseJavaRes UP-TO-DATE
> Task :features:globalSourceSearch:createFullJarRelease UP-TO-DATE
> Task :features:globalSourceSearch:extractProguardFiles UP-TO-DATE
> Task :features:globalSourceSearch:prepareLintJarForPublish UP-TO-DATE
> Task :features:libraryExplorer:processReleaseJavaRes UP-TO-DATE
> Task :features:libraryExplorer:createFullJarRelease UP-TO-DATE
> Task :features:libraryExplorer:extractProguardFiles UP-TO-DATE
> Task :tooling:epub_importer:processReleaseJavaRes UP-TO-DATE
> Task :tooling:epub_importer:createFullJarRelease UP-TO-DATE
> Task :tooling:epub_importer:extractProguardFiles UP-TO-DATE
> Task :tooling:epub_importer:prepareLintJarForPublish UP-TO-DATE
> Task :tooling:text_translator:domain:processReleaseJavaRes UP-TO-DATE
> Task :tooling:text_translator:domain:createFullJarRelease UP-TO-DATE
> Task :tooling:text_translator:domain:extractProguardFiles UP-TO-DATE
> Task :core:generateReleaseLintModel UP-TO-DATE
> Task :tooling:text_translator:domain:generateReleaseLintModel UP-TO-DATE
> Task :tooling:local_database:generateReleaseLintModel UP-TO-DATE
> Task :networking:generateReleaseLintModel UP-TO-DATE
> Task :scraper:api:generateReleaseLintModel UP-TO-DATE
> Task :coreui:generateReleaseLintModel UP-TO-DATE
> Task :scraper:extension-manager:generateReleaseLintModel UP-TO-DATE
> Task :tooling:epub_parser:generateReleaseLintModel UP-TO-DATE
> Task :navigation:generateReleaseLintModel UP-TO-DATE
> Task :scraper:generateReleaseLintModel UP-TO-DATE
> Task :tooling:text_translator:domain:prepareLintJarForPublish UP-TO-DATE
> Task :features:libraryExplorer:prepareLintJarForPublish UP-TO-DATE
> Task :features:reader:processReleaseJavaRes UP-TO-DATE
> Task :features:reader:createFullJarRelease UP-TO-DATE
> Task :features:reader:extractProguardFiles UP-TO-DATE
> Task :tooling:algorithms:processReleaseJavaRes UP-TO-DATE
> Task :tooling:algorithms:createFullJarRelease UP-TO-DATE
> Task :tooling:algorithms:extractProguardFiles UP-TO-DATE
> Task :data:generateReleaseLintModel UP-TO-DATE
> Task :tooling:algorithms:generateReleaseLintModel UP-TO-DATE
> Task :features:catalogExplorer:generateReleaseLintModel UP-TO-DATE
> Task :features:chaptersList:generateReleaseLintModel UP-TO-DATE
> Task :features:databaseExplorer:generateReleaseLintModel UP-TO-DATE
> Task :features:globalSourceSearch:generateReleaseLintModel UP-TO-DATE
> Task :tooling:algorithms:prepareLintJarForPublish UP-TO-DATE
> Task :tooling:text_to_speech:processReleaseJavaRes UP-TO-DATE
> Task :tooling:text_to_speech:createFullJarRelease UP-TO-DATE
> Task :tooling:text_to_speech:extractProguardFiles UP-TO-DATE
> Task :tooling:epub_importer:generateReleaseLintModel UP-TO-DATE
> Task :tooling:text_to_speech:generateReleaseLintModel UP-TO-DATE
> Task :tooling:text_to_speech:prepareLintJarForPublish UP-TO-DATE
> Task :features:reader:generateReleaseLintModel UP-TO-DATE
> Task :features:libraryExplorer:generateReleaseLintModel UP-TO-DATE
> Task :features:reader:prepareLintJarForPublish UP-TO-DATE
> Task :features:settings:extractProguardFiles UP-TO-DATE
> Task :features:settings:processReleaseJavaRes UP-TO-DATE
> Task :features:settings:createFullJarRelease UP-TO-DATE
> Task :tooling:backup_create:processReleaseJavaRes UP-TO-DATE
> Task :tooling:backup_create:extractProguardFiles UP-TO-DATE
> Task :tooling:backup_create:createFullJarRelease UP-TO-DATE
> Task :tooling:backup_create:prepareLintJarForPublish UP-TO-DATE
> Task :tooling:backup_restore:processReleaseJavaRes UP-TO-DATE
> Task :tooling:backup_restore:createFullJarRelease UP-TO-DATE
> Task :tooling:backup_restore:extractProguardFiles UP-TO-DATE
> Task :tooling:backup_create:generateReleaseLintModel UP-TO-DATE
> Task :tooling:backup_restore:prepareLintJarForPublish UP-TO-DATE
> Task :features:settings:prepareLintJarForPublish UP-TO-DATE
> Task :tooling:backup_restore:generateReleaseLintModel UP-TO-DATE
> Task :features:sourceExplorer:processReleaseJavaRes UP-TO-DATE
> Task :features:sourceExplorer:createFullJarRelease UP-TO-DATE
> Task :features:sourceExplorer:extractProguardFiles UP-TO-DATE
> Task :features:settings:generateReleaseLintModel UP-TO-DATE
> Task :features:sourceExplorer:prepareLintJarForPublish UP-TO-DATE
> Task :features:sourceExplorer:generateReleaseLintModel UP-TO-DATE
> Task :features:webview:extractProguardFiles UP-TO-DATE
> Task :features:webview:processReleaseJavaRes UP-TO-DATE
> Task :features:webview:createFullJarRelease UP-TO-DATE
> Task :features:webview:prepareLintJarForPublish UP-TO-DATE
> Task :tooling:application_workers:processReleaseJavaRes UP-TO-DATE
> Task :tooling:application_workers:createFullJarRelease UP-TO-DATE
> Task :tooling:application_workers:extractProguardFiles UP-TO-DATE
> Task :features:webview:generateReleaseLintModel UP-TO-DATE
> Task :tooling:application_workers:prepareLintJarForPublish UP-TO-DATE
> Task :tooling:local_source:processReleaseJavaRes UP-TO-DATE
> Task :tooling:local_source:createFullJarRelease UP-TO-DATE
> Task :tooling:local_source:extractProguardFiles UP-TO-DATE
> Task :tooling:application_workers:generateReleaseLintModel UP-TO-DATE
> Task :tooling:local_source:prepareLintJarForPublish UP-TO-DATE
> Task :tooling:text_translator:translator:processReleaseJavaRes UP-TO-DATE
> Task :tooling:text_translator:translator:createFullJarRelease UP-TO-DATE
> Task :tooling:text_translator:translator:extractProguardFiles UP-TO-DATE
> Task :tooling:local_source:generateReleaseLintModel UP-TO-DATE
> Task :tooling:text_translator:translator:prepareLintJarForPublish UP-TO-DATE
> Task :tooling:text_translator:translator:mergeReleaseJniLibFolders UP-TO-DATE
> Task :tooling:text_translator:translator:mergeReleaseNativeLibs NO-SOURCE
> Task :tooling:text_translator:translator:stripReleaseDebugSymbols NO-SOURCE
> Task :tooling:text_translator:translator:generateReleaseLintModel UP-TO-DATE
> Task :tooling:text_translator:translator:copyReleaseJniLibsProjectAndLocalJars UP-TO-DATE
> Task :tooling:text_translator:translator:extractDeepLinksForAarRelease UP-TO-DATE
> Task :tooling:text_translator:translator:extractReleaseAnnotations UP-TO-DATE
> Task :tooling:text_translator:translator:mergeReleaseShaders UP-TO-DATE
> Task :tooling:text_translator:translator:compileReleaseShaders NO-SOURCE
> Task :tooling:text_translator:translator:generateReleaseAssets UP-TO-DATE
> Task :tooling:text_translator:translator:mergeReleaseAssets UP-TO-DATE
> Task :tooling:text_translator:translator:mergeReleaseGeneratedProguardFiles UP-TO-DATE
> Task :tooling:text_translator:translator:mergeReleaseConsumerProguardFiles UP-TO-DATE
> Task :tooling:text_translator:translator:prepareReleaseArtProfile UP-TO-DATE
> Task :tooling:text_translator:translator:mergeReleaseJavaResource UP-TO-DATE
> Task :tooling:text_translator:translator:syncReleaseLibJars UP-TO-DATE
> Task :tooling:text_translator:translator:bundleReleaseLocalLintAar UP-TO-DATE
> Task :features:libraryExplorer:mergeReleaseJniLibFolders UP-TO-DATE
> Task :features:libraryExplorer:mergeReleaseNativeLibs NO-SOURCE
> Task :features:libraryExplorer:stripReleaseDebugSymbols NO-SOURCE
> Task :features:libraryExplorer:copyReleaseJniLibsProjectAndLocalJars UP-TO-DATE
> Task :features:libraryExplorer:extractDeepLinksForAarRelease UP-TO-DATE
> Task :features:libraryExplorer:extractReleaseAnnotations UP-TO-DATE
> Task :features:libraryExplorer:mergeReleaseShaders UP-TO-DATE
> Task :features:libraryExplorer:compileReleaseShaders NO-SOURCE
> Task :features:libraryExplorer:generateReleaseAssets UP-TO-DATE
> Task :features:libraryExplorer:mergeReleaseAssets UP-TO-DATE
> Task :features:libraryExplorer:mergeReleaseGeneratedProguardFiles UP-TO-DATE
> Task :features:libraryExplorer:mergeReleaseConsumerProguardFiles UP-TO-DATE
> Task :features:libraryExplorer:prepareReleaseArtProfile UP-TO-DATE
> Task :features:libraryExplorer:mergeReleaseJavaResource UP-TO-DATE
> Task :features:libraryExplorer:syncReleaseLibJars UP-TO-DATE
> Task :features:libraryExplorer:bundleReleaseLocalLintAar UP-TO-DATE
> Task :tooling:epub_importer:mergeReleaseJniLibFolders UP-TO-DATE
> Task :tooling:epub_importer:mergeReleaseNativeLibs NO-SOURCE
> Task :tooling:epub_importer:stripReleaseDebugSymbols NO-SOURCE
> Task :tooling:epub_importer:copyReleaseJniLibsProjectAndLocalJars UP-TO-DATE
> Task :tooling:epub_importer:extractDeepLinksForAarRelease UP-TO-DATE
> Task :tooling:epub_importer:extractReleaseAnnotations UP-TO-DATE
> Task :tooling:epub_importer:mergeReleaseShaders UP-TO-DATE
> Task :tooling:epub_importer:compileReleaseShaders NO-SOURCE
> Task :tooling:epub_importer:generateReleaseAssets UP-TO-DATE
> Task :tooling:epub_importer:mergeReleaseAssets UP-TO-DATE
> Task :tooling:epub_importer:mergeReleaseGeneratedProguardFiles UP-TO-DATE
> Task :tooling:epub_importer:mergeReleaseConsumerProguardFiles UP-TO-DATE
> Task :tooling:epub_importer:prepareReleaseArtProfile UP-TO-DATE
> Task :tooling:epub_importer:mergeReleaseJavaResource UP-TO-DATE
> Task :tooling:epub_importer:syncReleaseLibJars UP-TO-DATE
> Task :tooling:epub_importer:bundleReleaseLocalLintAar UP-TO-DATE
> Task :tooling:application_workers:mergeReleaseJniLibFolders UP-TO-DATE
> Task :tooling:application_workers:mergeReleaseNativeLibs NO-SOURCE
> Task :tooling:application_workers:stripReleaseDebugSymbols NO-SOURCE
> Task :tooling:application_workers:copyReleaseJniLibsProjectAndLocalJars UP-TO-DATE
> Task :tooling:application_workers:extractDeepLinksForAarRelease UP-TO-DATE
> Task :tooling:application_workers:extractReleaseAnnotations UP-TO-DATE
> Task :tooling:application_workers:mergeReleaseShaders UP-TO-DATE
> Task :tooling:application_workers:compileReleaseShaders NO-SOURCE
> Task :tooling:application_workers:generateReleaseAssets UP-TO-DATE
> Task :tooling:application_workers:mergeReleaseAssets UP-TO-DATE
> Task :tooling:application_workers:mergeReleaseGeneratedProguardFiles UP-TO-DATE
> Task :tooling:application_workers:mergeReleaseConsumerProguardFiles UP-TO-DATE
> Task :tooling:application_workers:prepareReleaseArtProfile UP-TO-DATE
> Task :tooling:application_workers:mergeReleaseJavaResource UP-TO-DATE
> Task :tooling:application_workers:syncReleaseLibJars UP-TO-DATE
> Task :tooling:application_workers:bundleReleaseLocalLintAar UP-TO-DATE
> Task :tooling:local_source:mergeReleaseJniLibFolders UP-TO-DATE
> Task :tooling:local_source:mergeReleaseNativeLibs NO-SOURCE
> Task :tooling:local_source:stripReleaseDebugSymbols NO-SOURCE
> Task :tooling:local_source:copyReleaseJniLibsProjectAndLocalJars UP-TO-DATE
> Task :tooling:local_source:extractDeepLinksForAarRelease UP-TO-DATE
> Task :tooling:local_source:extractReleaseAnnotations UP-TO-DATE
> Task :tooling:local_source:mergeReleaseShaders UP-TO-DATE
> Task :tooling:local_source:compileReleaseShaders NO-SOURCE
> Task :tooling:local_source:generateReleaseAssets UP-TO-DATE
> Task :tooling:local_source:mergeReleaseAssets UP-TO-DATE
> Task :tooling:local_source:mergeReleaseGeneratedProguardFiles UP-TO-DATE
> Task :tooling:local_source:mergeReleaseConsumerProguardFiles UP-TO-DATE
> Task :tooling:local_source:prepareReleaseArtProfile UP-TO-DATE
> Task :tooling:local_source:mergeReleaseJavaResource UP-TO-DATE
> Task :tooling:local_source:syncReleaseLibJars UP-TO-DATE
> Task :tooling:local_source:bundleReleaseLocalLintAar UP-TO-DATE
> Task :features:reader:mergeReleaseJniLibFolders UP-TO-DATE
> Task :features:reader:mergeReleaseNativeLibs NO-SOURCE
> Task :features:reader:stripReleaseDebugSymbols NO-SOURCE
> Task :features:reader:copyReleaseJniLibsProjectAndLocalJars UP-TO-DATE
> Task :features:reader:extractDeepLinksForAarRelease UP-TO-DATE
> Task :features:reader:extractReleaseAnnotations UP-TO-DATE
> Task :features:reader:mergeReleaseShaders UP-TO-DATE
> Task :features:reader:compileReleaseShaders NO-SOURCE
> Task :features:reader:generateReleaseAssets UP-TO-DATE
> Task :features:reader:mergeReleaseAssets UP-TO-DATE
> Task :features:reader:mergeReleaseGeneratedProguardFiles UP-TO-DATE
> Task :features:reader:mergeReleaseConsumerProguardFiles UP-TO-DATE
> Task :features:reader:prepareReleaseArtProfile UP-TO-DATE
> Task :features:reader:mergeReleaseJavaResource UP-TO-DATE
> Task :features:reader:syncReleaseLibJars UP-TO-DATE
> Task :features:reader:bundleReleaseLocalLintAar UP-TO-DATE
> Task :app:generateFullReleaseLintReportModel
> Task :features:chaptersList:extractDeepLinksForAarRelease UP-TO-DATE
> Task :features:chaptersList:mergeReleaseJniLibFolders UP-TO-DATE
> Task :features:chaptersList:mergeReleaseNativeLibs NO-SOURCE
> Task :features:chaptersList:stripReleaseDebugSymbols NO-SOURCE
> Task :features:chaptersList:copyReleaseJniLibsProjectAndLocalJars UP-TO-DATE
> Task :features:chaptersList:extractReleaseAnnotations UP-TO-DATE
> Task :features:chaptersList:mergeReleaseShaders UP-TO-DATE
> Task :features:chaptersList:mergeReleaseGeneratedProguardFiles UP-TO-DATE
> Task :features:chaptersList:compileReleaseShaders NO-SOURCE
> Task :features:chaptersList:generateReleaseAssets UP-TO-DATE
> Task :features:chaptersList:mergeReleaseConsumerProguardFiles UP-TO-DATE
> Task :features:chaptersList:mergeReleaseAssets UP-TO-DATE
> Task :features:chaptersList:prepareReleaseArtProfile UP-TO-DATE
> Task :features:globalSourceSearch:mergeReleaseJniLibFolders UP-TO-DATE
> Task :features:chaptersList:mergeReleaseJavaResource UP-TO-DATE
> Task :features:globalSourceSearch:mergeReleaseNativeLibs NO-SOURCE
> Task :features:chaptersList:syncReleaseLibJars UP-TO-DATE
> Task :features:globalSourceSearch:stripReleaseDebugSymbols NO-SOURCE
> Task :features:globalSourceSearch:copyReleaseJniLibsProjectAndLocalJars UP-TO-DATE
> Task :features:globalSourceSearch:extractDeepLinksForAarRelease UP-TO-DATE
> Task :features:chaptersList:bundleReleaseLocalLintAar UP-TO-DATE
> Task :features:globalSourceSearch:mergeReleaseShaders UP-TO-DATE
> Task :features:globalSourceSearch:compileReleaseShaders NO-SOURCE
> Task :features:globalSourceSearch:generateReleaseAssets UP-TO-DATE
> Task :features:globalSourceSearch:extractReleaseAnnotations UP-TO-DATE
> Task :features:globalSourceSearch:mergeReleaseAssets UP-TO-DATE
> Task :features:globalSourceSearch:prepareReleaseArtProfile UP-TO-DATE
> Task :features:globalSourceSearch:mergeReleaseGeneratedProguardFiles UP-TO-DATE
> Task :features:globalSourceSearch:mergeReleaseConsumerProguardFiles UP-TO-DATE
> Task :features:globalSourceSearch:mergeReleaseJavaResource UP-TO-DATE
> Task :features:databaseExplorer:mergeReleaseJniLibFolders UP-TO-DATE
> Task :features:databaseExplorer:mergeReleaseNativeLibs NO-SOURCE
> Task :features:globalSourceSearch:syncReleaseLibJars UP-TO-DATE
> Task :features:databaseExplorer:stripReleaseDebugSymbols NO-SOURCE
> Task :features:databaseExplorer:copyReleaseJniLibsProjectAndLocalJars UP-TO-DATE
> Task :features:databaseExplorer:extractDeepLinksForAarRelease UP-TO-DATE
> Task :features:globalSourceSearch:bundleReleaseLocalLintAar UP-TO-DATE
> Task :features:databaseExplorer:mergeReleaseShaders UP-TO-DATE
> Task :features:databaseExplorer:compileReleaseShaders NO-SOURCE
> Task :features:databaseExplorer:generateReleaseAssets UP-TO-DATE
> Task :features:databaseExplorer:mergeReleaseAssets UP-TO-DATE
> Task :features:databaseExplorer:extractReleaseAnnotations UP-TO-DATE
> Task :features:databaseExplorer:prepareReleaseArtProfile UP-TO-DATE
> Task :features:databaseExplorer:mergeReleaseGeneratedProguardFiles UP-TO-DATE
> Task :features:databaseExplorer:mergeReleaseJavaResource UP-TO-DATE
> Task :features:databaseExplorer:mergeReleaseConsumerProguardFiles UP-TO-DATE
> Task :features:databaseExplorer:syncReleaseLibJars UP-TO-DATE
> Task :features:sourceExplorer:mergeReleaseJniLibFolders UP-TO-DATE
> Task :features:sourceExplorer:mergeReleaseNativeLibs NO-SOURCE
> Task :features:databaseExplorer:bundleReleaseLocalLintAar UP-TO-DATE
> Task :features:sourceExplorer:stripReleaseDebugSymbols NO-SOURCE
> Task :features:sourceExplorer:copyReleaseJniLibsProjectAndLocalJars UP-TO-DATE
> Task :features:sourceExplorer:extractDeepLinksForAarRelease UP-TO-DATE
> Task :features:sourceExplorer:mergeReleaseShaders UP-TO-DATE
> Task :features:sourceExplorer:compileReleaseShaders NO-SOURCE
> Task :features:sourceExplorer:generateReleaseAssets UP-TO-DATE
> Task :features:sourceExplorer:mergeReleaseAssets UP-TO-DATE
> Task :features:sourceExplorer:extractReleaseAnnotations UP-TO-DATE
> Task :features:sourceExplorer:mergeReleaseGeneratedProguardFiles UP-TO-DATE
> Task :features:sourceExplorer:mergeReleaseConsumerProguardFiles UP-TO-DATE
> Task :features:sourceExplorer:prepareReleaseArtProfile UP-TO-DATE
> Task :features:catalogExplorer:mergeReleaseJniLibFolders UP-TO-DATE
> Task :features:sourceExplorer:mergeReleaseJavaResource UP-TO-DATE
> Task :features:catalogExplorer:mergeReleaseNativeLibs NO-SOURCE
> Task :features:catalogExplorer:stripReleaseDebugSymbols NO-SOURCE
> Task :features:sourceExplorer:syncReleaseLibJars UP-TO-DATE
> Task :features:catalogExplorer:copyReleaseJniLibsProjectAndLocalJars UP-TO-DATE
> Task :features:catalogExplorer:extractDeepLinksForAarRelease UP-TO-DATE
> Task :features:sourceExplorer:bundleReleaseLocalLintAar UP-TO-DATE
> Task :features:catalogExplorer:mergeReleaseShaders UP-TO-DATE
> Task :features:catalogExplorer:extractReleaseAnnotations UP-TO-DATE
> Task :features:catalogExplorer:compileReleaseShaders NO-SOURCE
> Task :features:catalogExplorer:generateReleaseAssets UP-TO-DATE
> Task :features:catalogExplorer:mergeReleaseGeneratedProguardFiles UP-TO-DATE
> Task :features:catalogExplorer:mergeReleaseAssets UP-TO-DATE
> Task :features:catalogExplorer:mergeReleaseConsumerProguardFiles UP-TO-DATE
> Task :features:catalogExplorer:prepareReleaseArtProfile UP-TO-DATE
> Task :features:catalogExplorer:mergeReleaseJavaResource UP-TO-DATE
> Task :features:settings:mergeReleaseJniLibFolders UP-TO-DATE
> Task :features:catalogExplorer:syncReleaseLibJars UP-TO-DATE
> Task :features:settings:mergeReleaseNativeLibs NO-SOURCE
> Task :features:settings:stripReleaseDebugSymbols NO-SOURCE
> Task :features:settings:copyReleaseJniLibsProjectAndLocalJars UP-TO-DATE
> Task :features:catalogExplorer:bundleReleaseLocalLintAar UP-TO-DATE
> Task :features:settings:extractDeepLinksForAarRelease UP-TO-DATE
> Task :features:settings:mergeReleaseShaders UP-TO-DATE
> Task :features:settings:compileReleaseShaders NO-SOURCE
> Task :features:settings:generateReleaseAssets UP-TO-DATE
> Task :features:settings:mergeReleaseAssets UP-TO-DATE
> Task :features:settings:mergeReleaseGeneratedProguardFiles UP-TO-DATE
> Task :features:settings:extractReleaseAnnotations UP-TO-DATE
> Task :features:settings:mergeReleaseConsumerProguardFiles UP-TO-DATE
> Task :features:settings:prepareReleaseArtProfile UP-TO-DATE
> Task :features:settings:mergeReleaseJavaResource UP-TO-DATE
> Task :tooling:backup_restore:mergeReleaseJniLibFolders UP-TO-DATE
> Task :tooling:backup_restore:mergeReleaseNativeLibs NO-SOURCE
> Task :features:settings:syncReleaseLibJars UP-TO-DATE
> Task :tooling:backup_restore:stripReleaseDebugSymbols NO-SOURCE
> Task :tooling:backup_restore:copyReleaseJniLibsProjectAndLocalJars UP-TO-DATE
> Task :tooling:backup_restore:extractDeepLinksForAarRelease UP-TO-DATE
> Task :features:settings:bundleReleaseLocalLintAar UP-TO-DATE
> Task :tooling:backup_restore:extractReleaseAnnotations UP-TO-DATE
> Task :tooling:backup_restore:mergeReleaseShaders UP-TO-DATE
> Task :tooling:backup_restore:mergeReleaseGeneratedProguardFiles UP-TO-DATE
> Task :tooling:backup_restore:mergeReleaseConsumerProguardFiles UP-TO-DATE
> Task :tooling:backup_restore:compileReleaseShaders NO-SOURCE
> Task :tooling:backup_restore:generateReleaseAssets UP-TO-DATE
> Task :tooling:backup_restore:prepareReleaseArtProfile UP-TO-DATE
> Task :tooling:backup_restore:mergeReleaseAssets UP-TO-DATE
> Task :tooling:backup_create:mergeReleaseJniLibFolders UP-TO-DATE
> Task :tooling:backup_restore:mergeReleaseJavaResource UP-TO-DATE
> Task :tooling:backup_create:mergeReleaseNativeLibs NO-SOURCE
> Task :tooling:backup_restore:syncReleaseLibJars UP-TO-DATE
> Task :tooling:backup_create:stripReleaseDebugSymbols NO-SOURCE
> Task :tooling:backup_create:copyReleaseJniLibsProjectAndLocalJars UP-TO-DATE
> Task :tooling:backup_restore:bundleReleaseLocalLintAar UP-TO-DATE
> Task :tooling:backup_create:extractDeepLinksForAarRelease UP-TO-DATE
> Task :tooling:backup_create:extractReleaseAnnotations UP-TO-DATE
> Task :tooling:backup_create:mergeReleaseShaders UP-TO-DATE
> Task :tooling:backup_create:mergeReleaseGeneratedProguardFiles UP-TO-DATE
> Task :tooling:backup_create:compileReleaseShaders NO-SOURCE
> Task :tooling:backup_create:generateReleaseAssets UP-TO-DATE
> Task :tooling:backup_create:mergeReleaseConsumerProguardFiles UP-TO-DATE
> Task :tooling:backup_create:mergeReleaseAssets UP-TO-DATE
> Task :tooling:backup_create:prepareReleaseArtProfile UP-TO-DATE
> Task :tooling:backup_create:mergeReleaseJavaResource UP-TO-DATE
> Task :data:mergeReleaseJniLibFolders UP-TO-DATE
> Task :tooling:backup_create:syncReleaseLibJars UP-TO-DATE
> Task :data:mergeReleaseNativeLibs NO-SOURCE
> Task :data:stripReleaseDebugSymbols NO-SOURCE
> Task :tooling:backup_create:bundleReleaseLocalLintAar UP-TO-DATE
> Task :data:copyReleaseJniLibsProjectAndLocalJars UP-TO-DATE
> Task :data:extractDeepLinksForAarRelease UP-TO-DATE
> Task :data:mergeReleaseShaders UP-TO-DATE
> Task :data:extractReleaseAnnotations UP-TO-DATE
> Task :data:mergeReleaseGeneratedProguardFiles UP-TO-DATE
> Task :data:compileReleaseShaders NO-SOURCE
> Task :data:generateReleaseAssets UP-TO-DATE
> Task :data:mergeReleaseConsumerProguardFiles UP-TO-DATE
> Task :data:mergeReleaseAssets UP-TO-DATE
> Task :data:prepareReleaseArtProfile UP-TO-DATE
> Task :data:mergeReleaseJavaResource UP-TO-DATE
> Task :features:webview:mergeReleaseJniLibFolders UP-TO-DATE
> Task :data:syncReleaseLibJars UP-TO-DATE
> Task :features:webview:mergeReleaseNativeLibs NO-SOURCE
> Task :data:bundleReleaseLocalLintAar UP-TO-DATE
> Task :features:webview:stripReleaseDebugSymbols NO-SOURCE
> Task :features:webview:copyReleaseJniLibsProjectAndLocalJars UP-TO-DATE
> Task :features:webview:extractDeepLinksForAarRelease UP-TO-DATE
> Task :features:webview:mergeReleaseShaders UP-TO-DATE
> Task :features:webview:compileReleaseShaders NO-SOURCE
> Task :features:webview:generateReleaseAssets UP-TO-DATE
> Task :features:webview:mergeReleaseAssets UP-TO-DATE
> Task :features:webview:mergeReleaseGeneratedProguardFiles UP-TO-DATE
> Task :features:webview:extractReleaseAnnotations UP-TO-DATE
> Task :features:webview:prepareReleaseArtProfile UP-TO-DATE
> Task :features:webview:mergeReleaseConsumerProguardFiles UP-TO-DATE
> Task :features:webview:mergeReleaseJavaResource UP-TO-DATE
> Task :coreui:mergeReleaseJniLibFolders UP-TO-DATE
> Task :features:webview:syncReleaseLibJars UP-TO-DATE
> Task :features:webview:bundleReleaseLocalLintAar UP-TO-DATE
> Task :coreui:mergeReleaseNativeLibs NO-SOURCE
> Task :coreui:stripReleaseDebugSymbols NO-SOURCE
> Task :coreui:extractDeepLinksForAarRelease UP-TO-DATE
> Task :coreui:copyReleaseJniLibsProjectAndLocalJars UP-TO-DATE
> Task :coreui:mergeReleaseShaders UP-TO-DATE
> Task :coreui:compileReleaseShaders NO-SOURCE
> Task :coreui:generateReleaseAssets UP-TO-DATE
> Task :coreui:extractReleaseAnnotations UP-TO-DATE
> Task :coreui:mergeReleaseAssets UP-TO-DATE
> Task :coreui:prepareReleaseArtProfile UP-TO-DATE
> Task :coreui:mergeReleaseGeneratedProguardFiles UP-TO-DATE
> Task :coreui:mergeReleaseJavaResource UP-TO-DATE
> Task :coreui:mergeReleaseConsumerProguardFiles UP-TO-DATE
> Task :navigation:mergeReleaseJniLibFolders UP-TO-DATE
> Task :coreui:syncReleaseLibJars UP-TO-DATE
> Task :navigation:mergeReleaseNativeLibs NO-SOURCE
> Task :navigation:stripReleaseDebugSymbols NO-SOURCE
> Task :coreui:bundleReleaseLocalLintAar UP-TO-DATE
> Task :navigation:copyReleaseJniLibsProjectAndLocalJars UP-TO-DATE
> Task :navigation:extractDeepLinksForAarRelease UP-TO-DATE
> Task :navigation:extractReleaseAnnotations UP-TO-DATE
> Task :navigation:mergeReleaseShaders UP-TO-DATE
> Task :navigation:compileReleaseShaders NO-SOURCE
> Task :navigation:mergeReleaseGeneratedProguardFiles UP-TO-DATE
> Task :navigation:generateReleaseAssets UP-TO-DATE
> Task :navigation:mergeReleaseConsumerProguardFiles UP-TO-DATE
> Task :navigation:prepareReleaseArtProfile UP-TO-DATE
> Task :navigation:mergeReleaseAssets UP-TO-DATE
> Task :navigation:mergeReleaseJavaResource UP-TO-DATE
> Task :navigation:syncReleaseLibJars UP-TO-DATE
> Task :tooling:local_database:mergeReleaseJniLibFolders UP-TO-DATE
> Task :navigation:bundleReleaseLocalLintAar UP-TO-DATE
> Task :tooling:local_database:mergeReleaseNativeLibs NO-SOURCE
> Task :tooling:local_database:stripReleaseDebugSymbols NO-SOURCE
> Task :tooling:local_database:copyReleaseJniLibsProjectAndLocalJars UP-TO-DATE
> Task :tooling:local_database:extractDeepLinksForAarRelease UP-TO-DATE
> Task :tooling:local_database:mergeReleaseShaders UP-TO-DATE
> Task :tooling:local_database:compileReleaseShaders NO-SOURCE
> Task :tooling:local_database:generateReleaseAssets UP-TO-DATE
> Task :tooling:local_database:extractReleaseAnnotations UP-TO-DATE
> Task :tooling:local_database:mergeReleaseAssets UP-TO-DATE
> Task :tooling:local_database:mergeReleaseGeneratedProguardFiles UP-TO-DATE
> Task :tooling:local_database:prepareReleaseArtProfile UP-TO-DATE
> Task :tooling:local_database:mergeReleaseJavaResource UP-TO-DATE
> Task :tooling:local_database:mergeReleaseConsumerProguardFiles UP-TO-DATE
> Task :tooling:local_database:syncReleaseLibJars UP-TO-DATE
> Task :tooling:epub_parser:mergeReleaseJniLibFolders UP-TO-DATE
> Task :tooling:epub_parser:mergeReleaseNativeLibs NO-SOURCE
> Task :tooling:epub_parser:stripReleaseDebugSymbols NO-SOURCE
> Task :tooling:local_database:bundleReleaseLocalLintAar UP-TO-DATE
> Task :tooling:epub_parser:copyReleaseJniLibsProjectAndLocalJars UP-TO-DATE
> Task :tooling:epub_parser:extractDeepLinksForAarRelease UP-TO-DATE
> Task :tooling:epub_parser:mergeReleaseShaders UP-TO-DATE
> Task :tooling:epub_parser:compileReleaseShaders NO-SOURCE
> Task :tooling:epub_parser:generateReleaseAssets UP-TO-DATE
> Task :tooling:epub_parser:mergeReleaseAssets UP-TO-DATE
> Task :tooling:epub_parser:mergeReleaseGeneratedProguardFiles UP-TO-DATE
> Task :tooling:epub_parser:extractReleaseAnnotations UP-TO-DATE
> Task :tooling:epub_parser:mergeReleaseConsumerProguardFiles UP-TO-DATE
> Task :tooling:epub_parser:prepareReleaseArtProfile UP-TO-DATE
> Task :tooling:epub_parser:mergeReleaseJavaResource UP-TO-DATE
> Task :tooling:text_translator:domain:mergeReleaseJniLibFolders UP-TO-DATE
> Task :tooling:epub_parser:syncReleaseLibJars UP-TO-DATE
> Task :tooling:text_translator:domain:mergeReleaseNativeLibs NO-SOURCE
> Task :tooling:text_translator:domain:stripReleaseDebugSymbols NO-SOURCE
> Task :tooling:epub_parser:bundleReleaseLocalLintAar UP-TO-DATE
> Task :tooling:text_translator:domain:copyReleaseJniLibsProjectAndLocalJars UP-TO-DATE
> Task :tooling:text_translator:domain:extractDeepLinksForAarRelease UP-TO-DATE
> Task :tooling:text_translator:domain:extractReleaseAnnotations UP-TO-DATE
> Task :tooling:text_translator:domain:mergeReleaseShaders UP-TO-DATE
> Task :tooling:text_translator:domain:compileReleaseShaders NO-SOURCE
> Task :tooling:text_translator:domain:generateReleaseAssets UP-TO-DATE
> Task :tooling:text_translator:domain:mergeReleaseGeneratedProguardFiles UP-TO-DATE
> Task :tooling:text_translator:domain:mergeReleaseConsumerProguardFiles UP-TO-DATE
> Task :tooling:text_translator:domain:mergeReleaseAssets UP-TO-DATE
> Task :tooling:text_translator:domain:prepareReleaseArtProfile UP-TO-DATE
> Task :tooling:text_translator:domain:mergeReleaseJavaResource UP-TO-DATE
> Task :tooling:text_translator:domain:syncReleaseLibJars UP-TO-DATE
> Task :tooling:text_to_speech:mergeReleaseJniLibFolders UP-TO-DATE
> Task :tooling:text_to_speech:mergeReleaseNativeLibs NO-SOURCE
> Task :tooling:text_translator:domain:bundleReleaseLocalLintAar UP-TO-DATE
> Task :tooling:text_to_speech:stripReleaseDebugSymbols NO-SOURCE
> Task :tooling:text_to_speech:copyReleaseJniLibsProjectAndLocalJars UP-TO-DATE
> Task :tooling:text_to_speech:extractDeepLinksForAarRelease UP-TO-DATE
> Task :tooling:text_to_speech:mergeReleaseShaders UP-TO-DATE
> Task :tooling:text_to_speech:extractReleaseAnnotations UP-TO-DATE
> Task :tooling:text_to_speech:compileReleaseShaders NO-SOURCE
> Task :tooling:text_to_speech:generateReleaseAssets UP-TO-DATE
> Task :tooling:text_to_speech:mergeReleaseGeneratedProguardFiles UP-TO-DATE
> Task :tooling:text_to_speech:mergeReleaseAssets UP-TO-DATE
> Task :tooling:text_to_speech:mergeReleaseConsumerProguardFiles UP-TO-DATE
> Task :tooling:text_to_speech:prepareReleaseArtProfile UP-TO-DATE
> Task :tooling:text_to_speech:mergeReleaseJavaResource UP-TO-DATE
> Task :scraper:mergeReleaseJniLibFolders UP-TO-DATE
> Task :tooling:text_to_speech:syncReleaseLibJars UP-TO-DATE
> Task :scraper:mergeReleaseNativeLibs NO-SOURCE
> Task :scraper:stripReleaseDebugSymbols NO-SOURCE
> Task :tooling:text_to_speech:bundleReleaseLocalLintAar UP-TO-DATE
> Task :scraper:copyReleaseJniLibsProjectAndLocalJars UP-TO-DATE
> Task :scraper:extractDeepLinksForAarRelease UP-TO-DATE
> Task :scraper:mergeReleaseShaders UP-TO-DATE
> Task :scraper:compileReleaseShaders NO-SOURCE
> Task :scraper:generateReleaseAssets UP-TO-DATE
> Task :scraper:extractReleaseAnnotations UP-TO-DATE
> Task :scraper:mergeReleaseGeneratedProguardFiles UP-TO-DATE
> Task :scraper:mergeReleaseAssets UP-TO-DATE
> Task :scraper:prepareReleaseArtProfile UP-TO-DATE
> Task :scraper:mergeReleaseConsumerProguardFiles UP-TO-DATE
> Task :scraper:mergeReleaseJavaResource UP-TO-DATE
> Task :networking:mergeReleaseJniLibFolders UP-TO-DATE
> Task :networking:mergeReleaseNativeLibs NO-SOURCE
> Task :networking:stripReleaseDebugSymbols NO-SOURCE
> Task :scraper:syncReleaseLibJars UP-TO-DATE
> Task :scraper:bundleReleaseLocalLintAar UP-TO-DATE
> Task :networking:copyReleaseJniLibsProjectAndLocalJars UP-TO-DATE
> Task :networking:extractDeepLinksForAarRelease UP-TO-DATE
> Task :networking:mergeReleaseShaders UP-TO-DATE
> Task :networking:compileReleaseShaders NO-SOURCE
> Task :networking:generateReleaseAssets UP-TO-DATE
> Task :networking:mergeReleaseAssets UP-TO-DATE
> Task :networking:mergeReleaseGeneratedProguardFiles UP-TO-DATE
> Task :networking:mergeReleaseConsumerProguardFiles UP-TO-DATE
> Task :networking:extractReleaseAnnotations UP-TO-DATE
> Task :networking:prepareReleaseArtProfile UP-TO-DATE
> Task :networking:mergeReleaseJavaResource UP-TO-DATE
> Task :scraper:extension-manager:mergeReleaseJniLibFolders UP-TO-DATE
> Task :scraper:extension-manager:mergeReleaseNativeLibs NO-SOURCE
> Task :networking:syncReleaseLibJars UP-TO-DATE
> Task :scraper:extension-manager:stripReleaseDebugSymbols NO-SOURCE
> Task :networking:bundleReleaseLocalLintAar UP-TO-DATE
> Task :scraper:extension-manager:copyReleaseJniLibsProjectAndLocalJars UP-TO-DATE
> Task :scraper:extension-manager:extractDeepLinksForAarRelease UP-TO-DATE
> Task :scraper:extension-manager:mergeReleaseShaders UP-TO-DATE
> Task :scraper:extension-manager:compileReleaseShaders NO-SOURCE
> Task :scraper:extension-manager:generateReleaseAssets UP-TO-DATE
> Task :scraper:extension-manager:extractReleaseAnnotations UP-TO-DATE
> Task :scraper:extension-manager:mergeReleaseAssets UP-TO-DATE
> Task :scraper:extension-manager:mergeReleaseGeneratedProguardFiles UP-TO-DATE
> Task :scraper:extension-manager:prepareReleaseArtProfile UP-TO-DATE
> Task :scraper:extension-manager:mergeReleaseConsumerProguardFiles UP-TO-DATE
> Task :scraper:api:mergeReleaseJniLibFolders UP-TO-DATE
> Task :scraper:extension-manager:mergeReleaseJavaResource UP-TO-DATE
> Task :scraper:api:mergeReleaseNativeLibs NO-SOURCE
> Task :scraper:api:stripReleaseDebugSymbols NO-SOURCE
> Task :scraper:extension-manager:syncReleaseLibJars UP-TO-DATE
> Task :scraper:api:copyReleaseJniLibsProjectAndLocalJars UP-TO-DATE
> Task :scraper:extension-manager:bundleReleaseLocalLintAar UP-TO-DATE
> Task :scraper:api:extractDeepLinksForAarRelease UP-TO-DATE
> Task :scraper:api:mergeReleaseShaders UP-TO-DATE
> Task :scraper:api:compileReleaseShaders NO-SOURCE
> Task :scraper:api:generateReleaseAssets UP-TO-DATE
> Task :scraper:api:extractReleaseAnnotations UP-TO-DATE
> Task :scraper:api:mergeReleaseAssets UP-TO-DATE
> Task :scraper:api:mergeReleaseGeneratedProguardFiles UP-TO-DATE
> Task :scraper:api:prepareReleaseArtProfile UP-TO-DATE
> Task :scraper:api:mergeReleaseConsumerProguardFiles UP-TO-DATE
> Task :scraper:api:mergeReleaseJavaResource UP-TO-DATE
> Task :core:mergeReleaseJniLibFolders UP-TO-DATE
> Task :scraper:api:syncReleaseLibJars UP-TO-DATE
> Task :core:mergeReleaseNativeLibs NO-SOURCE
> Task :core:stripReleaseDebugSymbols NO-SOURCE
> Task :scraper:api:bundleReleaseLocalLintAar UP-TO-DATE
> Task :core:copyReleaseJniLibsProjectAndLocalJars UP-TO-DATE
> Task :core:extractDeepLinksForAarRelease UP-TO-DATE
> Task :core:mergeReleaseShaders UP-TO-DATE
> Task :core:extractReleaseAnnotations UP-TO-DATE
> Task :core:mergeReleaseGeneratedProguardFiles UP-TO-DATE
> Task :core:compileReleaseShaders NO-SOURCE
> Task :core:generateReleaseAssets UP-TO-DATE
> Task :core:mergeReleaseConsumerProguardFiles UP-TO-DATE
> Task :core:prepareReleaseArtProfile UP-TO-DATE
> Task :core:mergeReleaseAssets UP-TO-DATE
> Task :strings:mergeReleaseJniLibFolders UP-TO-DATE
> Task :core:mergeReleaseJavaResource UP-TO-DATE
> Task :strings:mergeReleaseNativeLibs NO-SOURCE
> Task :core:syncReleaseLibJars UP-TO-DATE
> Task :strings:stripReleaseDebugSymbols NO-SOURCE
> Task :strings:copyReleaseJniLibsProjectAndLocalJars UP-TO-DATE
> Task :core:bundleReleaseLocalLintAar UP-TO-DATE
> Task :strings:extractDeepLinksForAarRelease UP-TO-DATE
> Task :strings:extractReleaseAnnotations UP-TO-DATE
> Task :strings:mergeReleaseShaders UP-TO-DATE
> Task :strings:mergeReleaseGeneratedProguardFiles UP-TO-DATE
> Task :strings:compileReleaseShaders NO-SOURCE
> Task :strings:generateReleaseAssets UP-TO-DATE
> Task :strings:mergeReleaseConsumerProguardFiles UP-TO-DATE
> Task :strings:mergeReleaseAssets UP-TO-DATE
> Task :strings:prepareReleaseArtProfile UP-TO-DATE
> Task :strings:mergeReleaseJavaResource UP-TO-DATE
> Task :tooling:algorithms:mergeReleaseJniLibFolders UP-TO-DATE
> Task :strings:syncReleaseLibJars UP-TO-DATE
> Task :tooling:algorithms:mergeReleaseNativeLibs NO-SOURCE
> Task :tooling:algorithms:stripReleaseDebugSymbols NO-SOURCE
> Task :tooling:algorithms:copyReleaseJniLibsProjectAndLocalJars UP-TO-DATE
> Task :strings:bundleReleaseLocalLintAar UP-TO-DATE
> Task :tooling:algorithms:extractDeepLinksForAarRelease UP-TO-DATE
> Task :tooling:algorithms:extractReleaseAnnotations UP-TO-DATE
> Task :tooling:algorithms:mergeReleaseGeneratedProguardFiles UP-TO-DATE
> Task :tooling:algorithms:mergeReleaseShaders UP-TO-DATE
> Task :tooling:algorithms:mergeReleaseConsumerProguardFiles UP-TO-DATE
> Task :tooling:algorithms:compileReleaseShaders NO-SOURCE
> Task :tooling:algorithms:generateReleaseAssets UP-TO-DATE
> Task :tooling:algorithms:mergeReleaseAssets UP-TO-DATE
> Task :tooling:algorithms:prepareReleaseArtProfile UP-TO-DATE
> Task :tooling:algorithms:mergeReleaseJavaResource UP-TO-DATE
> Task :tooling:algorithms:syncReleaseLibJars UP-TO-DATE
> Task :tooling:algorithms:bundleReleaseLocalLintAar UP-TO-DATE
> Task :app:preFullReleaseUnitTestBuild UP-TO-DATE
> Task :core:writeReleaseLintModelMetadata UP-TO-DATE
> Task :coreui:writeReleaseLintModelMetadata UP-TO-DATE
> Task :data:writeReleaseLintModelMetadata UP-TO-DATE
> Task :navigation:writeReleaseLintModelMetadata UP-TO-DATE
> Task :networking:writeReleaseLintModelMetadata UP-TO-DATE
> Task :scraper:writeReleaseLintModelMetadata UP-TO-DATE
> Task :strings:writeReleaseLintModelMetadata UP-TO-DATE
> Task :features:catalogExplorer:writeReleaseLintModelMetadata UP-TO-DATE
> Task :features:chaptersList:writeReleaseLintModelMetadata UP-TO-DATE
> Task :features:databaseExplorer:writeReleaseLintModelMetadata UP-TO-DATE
> Task :features:globalSourceSearch:writeReleaseLintModelMetadata UP-TO-DATE
> Task :features:libraryExplorer:writeReleaseLintModelMetadata UP-TO-DATE
> Task :features:reader:writeReleaseLintModelMetadata UP-TO-DATE
> Task :features:settings:writeReleaseLintModelMetadata UP-TO-DATE
> Task :features:sourceExplorer:writeReleaseLintModelMetadata UP-TO-DATE
> Task :features:webview:writeReleaseLintModelMetadata UP-TO-DATE
> Task :scraper:api:writeReleaseLintModelMetadata UP-TO-DATE
> Task :scraper:extension-manager:writeReleaseLintModelMetadata UP-TO-DATE
> Task :tooling:algorithms:writeReleaseLintModelMetadata UP-TO-DATE
> Task :tooling:application_workers:writeReleaseLintModelMetadata UP-TO-DATE
> Task :tooling:backup_create:writeReleaseLintModelMetadata UP-TO-DATE
> Task :tooling:backup_restore:writeReleaseLintModelMetadata UP-TO-DATE
> Task :tooling:epub_importer:writeReleaseLintModelMetadata UP-TO-DATE
> Task :tooling:epub_parser:writeReleaseLintModelMetadata UP-TO-DATE
> Task :tooling:local_database:writeReleaseLintModelMetadata UP-TO-DATE
> Task :tooling:local_source:writeReleaseLintModelMetadata UP-TO-DATE
> Task :tooling:text_to_speech:writeReleaseLintModelMetadata UP-TO-DATE
> Task :tooling:text_translator:domain:writeReleaseLintModelMetadata UP-TO-DATE
> Task :tooling:text_translator:translator:writeReleaseLintModelMetadata UP-TO-DATE
> Task :app:bundleFullReleaseClassesToCompileJar
> Task :app:generateFullReleaseUnitTestLintModel
> Task :strings:lintAnalyzeRelease
> Task :tooling:text_translator:domain:lintAnalyzeRelease
> Task :tooling:algorithms:lintAnalyzeRelease
> Task :tooling:text_to_speech:lintAnalyzeRelease
> Task :app:lintAnalyzeFullReleaseUnitTest
> Task :core:preReleaseUnitTestBuild UP-TO-DATE
> Task :core:generateReleaseUnitTestLintModel
> Task :core:lintAnalyzeReleaseUnitTest
> Task :coreui:preReleaseUnitTestBuild UP-TO-DATE
> Task :coreui:generateReleaseUnitTestLintModel
> Task :coreui:lintAnalyzeReleaseUnitTest
> Task :data:preReleaseUnitTestBuild UP-TO-DATE
> Task :data:generateReleaseUnitTestLintModel
> Task :core:lintAnalyzeRelease
> Task :data:lintAnalyzeReleaseUnitTest
> Task :tooling:local_database:lintAnalyzeRelease
> Task :networking:lintAnalyzeRelease
> Task :scraper:api:lintAnalyzeRelease
> Task :scraper:extension-manager:lintAnalyzeRelease
> Task :coreui:lintAnalyzeRelease
> Task :scraper:lintAnalyzeRelease
> Task :navigation:lintAnalyzeRelease
> Task :tooling:epub_parser:lintAnalyzeRelease
> Task :features:webview:lintAnalyzeRelease
> Task :data:lintAnalyzeRelease
> Task :tooling:text_translator:translator:lintAnalyzeRelease
> Task :features:catalogExplorer:lintAnalyzeRelease
> Task :features:chaptersList:lintAnalyzeRelease
> Task :features:databaseExplorer:lintAnalyzeRelease
> Task :features:globalSourceSearch:lintAnalyzeRelease
> Task :tooling:epub_importer:lintAnalyzeRelease
> Task :features:libraryExplorer:lintAnalyzeRelease
> Task :tooling:backup_create:lintAnalyzeRelease
> Task :features:reader:lintAnalyzeRelease
> Task :tooling:backup_restore:lintAnalyzeRelease
